#! /c/Source/iverilog-install/bin/vvp
:ivl_version "12.0 (devel)" "(s20150603-1539-g2693dd32b)";
:ivl_delay_selection "TYPICAL";
:vpi_time_precision - 9;
:vpi_module "C:\iverilog\lib\ivl\system.vpi";
:vpi_module "C:\iverilog\lib\ivl\vhdl_sys.vpi";
:vpi_module "C:\iverilog\lib\ivl\vhdl_textio.vpi";
:vpi_module "C:\iverilog\lib\ivl\v2005_math.vpi";
:vpi_module "C:\iverilog\lib\ivl\va_math.vpi";
S_000002520542bc80 .scope module, "board_memory_tb" "board_memory_tb" 2 4;
 .timescale -9 -9;
v00000252052c3b50_0 .var "cell_index", 6 0;
v00000252052c3bf0_0 .var "clk", 0 0;
v00000252052c3c90_0 .var "data_in", 3 0;
v00000252052c3d30_0 .net "data_out", 3 0, v000002520542db30_0;  1 drivers
v00000252052c3dd0_0 .var "read_en", 0 0;
v00000252052c3e70_0 .var "rst", 0 0;
v00000252052c3f10_0 .var "write_en", 0 0;
S_000002520542b860 .scope module, "uut" "board_memory" 2 11, 3 1 0, S_000002520542bc80;
 .timescale -9 -9;
    .port_info 0 /INPUT 1 "clk";
    .port_info 1 /INPUT 1 "rst";
    .port_info 2 /INPUT 1 "read_en";
    .port_info 3 /INPUT 1 "write_en";
    .port_info 4 /INPUT 7 "cell_index";
    .port_info 5 /INPUT 4 "data_in";
    .port_info 6 /OUTPUT 4 "data_out";
v000002520542d950 .array "board", 80 0, 3 0;
v000002520542d9f0_0 .net "cell_index", 6 0, v00000252052c3b50_0;  1 drivers
v0000025205293120_0 .net "clk", 0 0, v00000252052c3bf0_0;  1 drivers
v000002520542da90_0 .net "data_in", 3 0, v00000252052c3c90_0;  1 drivers
v000002520542db30_0 .var "data_out", 3 0;
v000002520542dbd0_0 .net "read_en", 0 0, v00000252052c3dd0_0;  1 drivers
v000002520542dc70_0 .net "rst", 0 0, v00000252052c3e70_0;  1 drivers
v000002520542dd10_0 .net "write_en", 0 0, v00000252052c3f10_0;  1 drivers
E_000002520542a1e0/0 .event negedge, v000002520542dc70_0;
E_000002520542a1e0/1 .event posedge, v0000025205293120_0;
E_000002520542a1e0 .event/or E_000002520542a1e0/0, E_000002520542a1e0/1;
    .scope S_000002520542b860;
T_0 ;
    %wait E_000002520542a1e0;
    %load/vec4 v000002520542dc70_0;
    %flag_set/vec4 8;
    %jmp/0xz  T_0.0, 8;
    %pushi/vec4 0, 0, 4;
    %assign/vec4 v000002520542db30_0, 0;
    %jmp T_0.1;
T_0.0 ;
    %load/vec4 v000002520542dd10_0;
    %flag_set/vec4 8;
    %jmp/0xz  T_0.2, 8;
    %load/vec4 v000002520542da90_0;
    %load/vec4 v000002520542d9f0_0;
    %pad/u 8;
    %ix/vec4 3;
    %ix/load 4, 0, 0; Constant delay
    %assign/vec4/a/d v000002520542d950, 0, 4;
    %jmp T_0.3;
T_0.2 ;
    %load/vec4 v000002520542d9f0_0;
    %pad/u 8;
    %ix/vec4 4;
    %load/vec4a v000002520542d950, 4;
    %assign/vec4 v000002520542db30_0, 0;
T_0.3 ;
T_0.1 ;
    %jmp T_0;
    .thread T_0;
    .scope S_000002520542bc80;
T_1 ;
    %delay 5, 0;
    %load/vec4 v00000252052c3bf0_0;
    %inv;
    %store/vec4 v00000252052c3bf0_0, 0, 1;
    %jmp T_1;
    .thread T_1;
    .scope S_000002520542bc80;
T_2 ;
    %vpi_call 2 16 "$dumpfile", "board_memory.vcd" {0 0 0};
    %vpi_call 2 17 "$dumpvars", 32'sb00000000000000000000000000000000, S_000002520542bc80 {0 0 0};
    %vpi_call 2 19 "$monitor", "clk: %0b || rst: %0b || read_en: %0b || write_en: %0b || data_in: %0d || cell_index: %0d || data_out: %0d", v00000252052c3bf0_0, v00000252052c3e70_0, v00000252052c3dd0_0, v00000252052c3f10_0, v00000252052c3c90_0, v00000252052c3b50_0, v00000252052c3d30_0 {0 0 0};
    %pushi/vec4 0, 0, 1;
    %store/vec4 v00000252052c3bf0_0, 0, 1;
    %pushi/vec4 1, 0, 1;
    %store/vec4 v00000252052c3e70_0, 0, 1;
    %delay 8, 0;
    %pushi/vec4 0, 0, 1;
    %store/vec4 v00000252052c3e70_0, 0, 1;
    %delay 3, 0;
    %pushi/vec4 1, 0, 1;
    %store/vec4 v00000252052c3f10_0, 0, 1;
    %pushi/vec4 1, 0, 4;
    %store/vec4 v00000252052c3c90_0, 0, 4;
    %pushi/vec4 3, 0, 7;
    %store/vec4 v00000252052c3b50_0, 0, 7;
    %pushi/vec4 0, 0, 1;
    %store/vec4 v00000252052c3dd0_0, 0, 1;
    %delay 10, 0;
    %pushi/vec4 1, 0, 1;
    %store/vec4 v00000252052c3f10_0, 0, 1;
    %pushi/vec4 6, 0, 4;
    %store/vec4 v00000252052c3c90_0, 0, 4;
    %pushi/vec4 23, 0, 7;
    %store/vec4 v00000252052c3b50_0, 0, 7;
    %pushi/vec4 0, 0, 1;
    %store/vec4 v00000252052c3dd0_0, 0, 1;
    %delay 10, 0;
    %pushi/vec4 1, 0, 1;
    %store/vec4 v00000252052c3f10_0, 0, 1;
    %pushi/vec4 4, 0, 4;
    %store/vec4 v00000252052c3c90_0, 0, 4;
    %pushi/vec4 30, 0, 7;
    %store/vec4 v00000252052c3b50_0, 0, 7;
    %pushi/vec4 0, 0, 1;
    %store/vec4 v00000252052c3dd0_0, 0, 1;
    %delay 10, 0;
    %pushi/vec4 0, 0, 1;
    %store/vec4 v00000252052c3f10_0, 0, 1;
    %pushi/vec4 1, 0, 1;
    %store/vec4 v00000252052c3dd0_0, 0, 1;
    %delay 10, 0;
    %pushi/vec4 0, 0, 1;
    %store/vec4 v00000252052c3f10_0, 0, 1;
    %pushi/vec4 1, 0, 1;
    %store/vec4 v00000252052c3dd0_0, 0, 1;
    %delay 10, 0;
    %pushi/vec4 0, 0, 1;
    %store/vec4 v00000252052c3f10_0, 0, 1;
    %pushi/vec4 1, 0, 1;
    %store/vec4 v00000252052c3dd0_0, 0, 1;
    %delay 10, 0;
    %vpi_call 2 32 "$finish" {0 0 0};
    %end;
    .thread T_2;
# The file index is used to find the file name in the following table.
:file_names 4;
    "N/A";
    "<interactive>";
    "board_memory_tb.v";
    "./board_memory.v";
