#! /c/Source/iverilog-install/bin/vvp
:ivl_version "12.0 (devel)" "(s20150603-1539-g2693dd32b)";
:ivl_delay_selection "TYPICAL";
:vpi_time_precision + 0;
:vpi_module "C:\iverilog\lib\ivl\system.vpi";
:vpi_module "C:\iverilog\lib\ivl\vhdl_sys.vpi";
:vpi_module "C:\iverilog\lib\ivl\vhdl_textio.vpi";
:vpi_module "C:\iverilog\lib\ivl\v2005_math.vpi";
:vpi_module "C:\iverilog\lib\ivl\va_math.vpi";
S_000002989c0f2df0 .scope module, "board_memory" "board_memory" 2 1;
 .timescale 0 0;
    .port_info 0 /INPUT 1 "clk";
    .port_info 1 /INPUT 1 "rst";
    .port_info 2 /INPUT 1 "read_en";
    .port_info 3 /INPUT 1 "write_en";
    .port_info 4 /INPUT 7 "cell_index";
    .port_info 5 /INPUT 4 "data_in";
    .port_info 6 /OUTPUT 4 "data_out";
v000002989c0f2f80 .array "board", 80 0, 3 0;
o000002989c126fb8 .functor BUFZ 7, C4<zzzzzzz>; HiZ drive
v000002989c0f3020_0 .net "cell_index", 6 0, o000002989c126fb8;  0 drivers
o000002989c126fe8 .functor BUFZ 1, C4<z>; HiZ drive
v000002989c0f30c0_0 .net "clk", 0 0, o000002989c126fe8;  0 drivers
o000002989c127018 .functor BUFZ 4, C4<zzzz>; HiZ drive
v000002989c16bc20_0 .net "data_in", 3 0, o000002989c127018;  0 drivers
v000002989c16bcc0_0 .var "data_out", 3 0;
o000002989c127078 .functor BUFZ 1, C4<z>; HiZ drive
v000002989c16bd60_0 .net "read_en", 0 0, o000002989c127078;  0 drivers
o000002989c1270a8 .functor BUFZ 1, C4<z>; HiZ drive
v000002989c16be00_0 .net "rst", 0 0, o000002989c1270a8;  0 drivers
o000002989c1270d8 .functor BUFZ 1, C4<z>; HiZ drive
v000002989c16bea0_0 .net "write_en", 0 0, o000002989c1270d8;  0 drivers
E_000002989c1269b0/0 .event negedge, v000002989c16be00_0;
E_000002989c1269b0/1 .event posedge, v000002989c0f30c0_0;
E_000002989c1269b0 .event/or E_000002989c1269b0/0, E_000002989c1269b0/1;
    .scope S_000002989c0f2df0;
T_0 ;
    %wait E_000002989c1269b0;
    %load/vec4 v000002989c16be00_0;
    %flag_set/vec4 8;
    %jmp/0xz  T_0.0, 8;
    %pushi/vec4 0, 0, 4;
    %assign/vec4 v000002989c16bcc0_0, 0;
    %jmp T_0.1;
T_0.0 ;
    %load/vec4 v000002989c16bea0_0;
    %flag_set/vec4 8;
    %jmp/0xz  T_0.2, 8;
    %load/vec4 v000002989c16bc20_0;
    %load/vec4 v000002989c0f3020_0;
    %pad/u 8;
    %ix/vec4 3;
    %ix/load 4, 0, 0; Constant delay
    %assign/vec4/a/d v000002989c0f2f80, 0, 4;
    %jmp T_0.3;
T_0.2 ;
    %load/vec4 v000002989c0f3020_0;
    %pad/u 8;
    %ix/vec4 4;
    %load/vec4a v000002989c0f2f80, 4;
    %assign/vec4 v000002989c16bcc0_0, 0;
T_0.3 ;
T_0.1 ;
    %jmp T_0;
    .thread T_0;
# The file index is used to find the file name in the following table.
:file_names 3;
    "N/A";
    "<interactive>";
    "board_memory.v";
