#! /c/Source/iverilog-install/bin/vvp
:ivl_version "12.0 (devel)" "(s20150603-1539-g2693dd32b)";
:ivl_delay_selection "TYPICAL";
:vpi_time_precision - 9;
:vpi_module "C:\iverilog\lib\ivl\system.vpi";
:vpi_module "C:\iverilog\lib\ivl\vhdl_sys.vpi";
:vpi_module "C:\iverilog\lib\ivl\vhdl_textio.vpi";
:vpi_module "C:\iverilog\lib\ivl\v2005_math.vpi";
:vpi_module "C:\iverilog\lib\ivl\va_math.vpi";
S_000001ee8d7bbad0 .scope module, "constraint_checker_tb" "constraint_checker_tb" 2 4;
 .timescale -9 -9;
v000001ee8d8143c0_0 .var "board_flat", 323 0;
v000001ee8d814460_0 .var/i "c", 31 0;
v000001ee8d8151d0_0 .var "cell_index", 6 0;
v000001ee8d814f50_0 .var "num_to_place", 3 0;
v000001ee8d814730_0 .var/i "r", 31 0;
v000001ee8d815450_0 .net "valid", 0 0, v000001ee8d814320_0;  1 drivers
S_000001ee8d7bbc60 .scope task, "print_board" "print_board" 2 44, 2 44 0, S_000001ee8d7bbad0;
 .timescale -9 -9;
TD_constraint_checker_tb.print_board ;
    %vpi_call 2 46 "$display", "Time: %0t || num_to_place: %0d || cell_index: %0d || valid: %0b", $time, v000001ee8d814f50_0, v000001ee8d8151d0_0, v000001ee8d815450_0 {0 0 0};
    %pushi/vec4 0, 0, 32;
    %store/vec4 v000001ee8d814730_0, 0, 32;
T_0.0 ;
    %load/vec4 v000001ee8d814730_0;
    %cmpi/s 9, 0, 32;
    %jmp/0xz T_0.1, 5;
    %pushi/vec4 0, 0, 32;
    %store/vec4 v000001ee8d814460_0, 0, 32;
T_0.2 ;
    %load/vec4 v000001ee8d814460_0;
    %cmpi/s 9, 0, 32;
    %jmp/0xz T_0.3, 5;
    %load/vec4 v000001ee8d8143c0_0;
    %load/vec4 v000001ee8d814730_0;
    %muli 9, 0, 32;
    %load/vec4 v000001ee8d814460_0;
    %add;
    %muli 4, 0, 32;
    %part/s 4;
    %vpi_call 2 50 "$write", "%0d ", S<0,vec4,u4> {1 0 0};
    %load/vec4 v000001ee8d814460_0;
    %addi 1, 0, 32;
    %store/vec4 v000001ee8d814460_0, 0, 32;
    %jmp T_0.2;
T_0.3 ;
    %vpi_call 2 52 "$write", "\012" {0 0 0};
    %load/vec4 v000001ee8d814730_0;
    %addi 1, 0, 32;
    %store/vec4 v000001ee8d814730_0, 0, 32;
    %jmp T_0.0;
T_0.1 ;
    %vpi_call 2 54 "$display", "\000" {0 0 0};
    %end;
S_000001ee8d76b8f0 .scope module, "uut" "constraint_checker" 2 11, 3 1 0, S_000001ee8d7bbad0;
 .timescale -9 -9;
    .port_info 0 /INPUT 4 "num_to_place";
    .port_info 1 /INPUT 7 "cell_index";
    .port_info 2 /OUTPUT 1 "valid";
    .port_info 3 /INPUT 324 "board_flat";
v000001ee8d76bcb0_0 .net "board_flat", 323 0, v000001ee8d8143c0_0;  1 drivers
v000001ee8d7ab4b0_0 .net "cell_index", 6 0, v000001ee8d8151d0_0;  1 drivers
v000001ee8d7ab550_0 .var "cell_val", 3 0;
v000001ee8d7ab5f0_0 .var/i "col", 31 0;
v000001ee8d7ab690_0 .var/i "i", 31 0;
v000001ee8d7ab730_0 .var/i "index", 31 0;
v000001ee8d814000_0 .var/i "j", 31 0;
v000001ee8d8140a0_0 .net "num_to_place", 3 0, v000001ee8d814f50_0;  1 drivers
v000001ee8d814140_0 .var/i "row", 31 0;
v000001ee8d8141e0_0 .var/i "start_col", 31 0;
v000001ee8d814280_0 .var/i "start_row", 31 0;
v000001ee8d814320_0 .var "valid", 0 0;
E_000001ee8d7acbf0/0 .event anyedge, v000001ee8d7ab4b0_0, v000001ee8d814140_0, v000001ee8d7ab730_0, v000001ee8d76bcb0_0;
E_000001ee8d7acbf0/1 .event anyedge, v000001ee8d7ab550_0, v000001ee8d8140a0_0, v000001ee8d7ab5f0_0, v000001ee8d814280_0;
E_000001ee8d7acbf0/2 .event anyedge, v000001ee8d8141e0_0;
E_000001ee8d7acbf0 .event/or E_000001ee8d7acbf0/0, E_000001ee8d7acbf0/1, E_000001ee8d7acbf0/2;
S_000001ee8d76ba80 .scope begin, "$ivl_for_loop0" "$ivl_for_loop0" 3 21, 3 21 0, S_000001ee8d76b8f0;
 .timescale -9 -9;
v000001ee8d76bc10_0 .var/i "i", 31 0;
S_000001ee8d7ab320 .scope begin, "$ivl_for_loop1" "$ivl_for_loop1" 3 30, 3 30 0, S_000001ee8d76b8f0;
 .timescale -9 -9;
v000001ee8d783140_0 .var/i "i", 31 0;
    .scope S_000001ee8d76b8f0;
T_1 ;
    %wait E_000001ee8d7acbf0;
    %load/vec4 v000001ee8d7ab4b0_0;
    %pad/u 32;
    %pushi/vec4 9, 0, 32;
    %div;
    %store/vec4 v000001ee8d814140_0, 0, 32;
    %load/vec4 v000001ee8d7ab4b0_0;
    %pad/u 32;
    %pushi/vec4 9, 0, 32;
    %mod;
    %store/vec4 v000001ee8d7ab5f0_0, 0, 32;
    %pushi/vec4 1, 0, 1;
    %store/vec4 v000001ee8d814320_0, 0, 1;
    %fork t_1, S_000001ee8d76ba80;
    %jmp t_0;
    .scope S_000001ee8d76ba80;
t_1 ;
    %pushi/vec4 0, 0, 32;
    %store/vec4 v000001ee8d76bc10_0, 0, 32;
T_1.0 ;
    %load/vec4 v000001ee8d76bc10_0;
    %cmpi/s 9, 0, 32;
    %jmp/0xz T_1.1, 5;
    %load/vec4 v000001ee8d814140_0;
    %muli 9, 0, 32;
    %load/vec4 v000001ee8d76bc10_0;
    %add;
    %store/vec4 v000001ee8d7ab730_0, 0, 32;
    %load/vec4 v000001ee8d76bcb0_0;
    %load/vec4 v000001ee8d7ab730_0;
    %muli 4, 0, 32;
    %part/s 4;
    %store/vec4 v000001ee8d7ab550_0, 0, 4;
    %load/vec4 v000001ee8d7ab550_0;
    %load/vec4 v000001ee8d8140a0_0;
    %cmp/e;
    %flag_get/vec4 4;
    %jmp/0 T_1.4, 4;
    %load/vec4 v000001ee8d7ab730_0;
    %load/vec4 v000001ee8d7ab4b0_0;
    %pad/u 32;
    %cmp/ne;
    %flag_get/vec4 4;
    %and;
T_1.4;
    %flag_set/vec4 8;
    %jmp/0xz  T_1.2, 8;
    %pushi/vec4 0, 0, 1;
    %store/vec4 v000001ee8d814320_0, 0, 1;
T_1.2 ;
    %load/vec4 v000001ee8d76bc10_0;
    %addi 1, 0, 32;
    %store/vec4 v000001ee8d76bc10_0, 0, 32;
    %jmp T_1.0;
T_1.1 ;
    %end;
    .scope S_000001ee8d76b8f0;
t_0 %join;
    %fork t_3, S_000001ee8d7ab320;
    %jmp t_2;
    .scope S_000001ee8d7ab320;
t_3 ;
    %pushi/vec4 0, 0, 32;
    %store/vec4 v000001ee8d783140_0, 0, 32;
T_1.5 ;
    %load/vec4 v000001ee8d783140_0;
    %cmpi/s 9, 0, 32;
    %jmp/0xz T_1.6, 5;
    %load/vec4 v000001ee8d783140_0;
    %muli 9, 0, 32;
    %load/vec4 v000001ee8d7ab5f0_0;
    %add;
    %store/vec4 v000001ee8d7ab730_0, 0, 32;
    %load/vec4 v000001ee8d76bcb0_0;
    %load/vec4 v000001ee8d7ab730_0;
    %muli 4, 0, 32;
    %part/s 4;
    %store/vec4 v000001ee8d7ab550_0, 0, 4;
    %load/vec4 v000001ee8d7ab550_0;
    %load/vec4 v000001ee8d8140a0_0;
    %cmp/e;
    %flag_get/vec4 4;
    %jmp/0 T_1.9, 4;
    %load/vec4 v000001ee8d7ab730_0;
    %load/vec4 v000001ee8d7ab4b0_0;
    %pad/u 32;
    %cmp/ne;
    %flag_get/vec4 4;
    %and;
T_1.9;
    %flag_set/vec4 8;
    %jmp/0xz  T_1.7, 8;
    %pushi/vec4 0, 0, 1;
    %store/vec4 v000001ee8d814320_0, 0, 1;
T_1.7 ;
    %load/vec4 v000001ee8d783140_0;
    %addi 1, 0, 32;
    %store/vec4 v000001ee8d783140_0, 0, 32;
    %jmp T_1.5;
T_1.6 ;
    %end;
    .scope S_000001ee8d76b8f0;
t_2 %join;
    %load/vec4 v000001ee8d814140_0;
    %pushi/vec4 3, 0, 32;
    %div/s;
    %muli 3, 0, 32;
    %store/vec4 v000001ee8d814280_0, 0, 32;
    %load/vec4 v000001ee8d7ab5f0_0;
    %pushi/vec4 3, 0, 32;
    %div/s;
    %muli 3, 0, 32;
    %store/vec4 v000001ee8d8141e0_0, 0, 32;
    %load/vec4 v000001ee8d814280_0;
    %store/vec4 v000001ee8d7ab690_0, 0, 32;
T_1.10 ;
    %load/vec4 v000001ee8d7ab690_0;
    %load/vec4 v000001ee8d814280_0;
    %addi 3, 0, 32;
    %cmp/s;
    %jmp/0xz T_1.11, 5;
    %load/vec4 v000001ee8d8141e0_0;
    %store/vec4 v000001ee8d814000_0, 0, 32;
T_1.12 ;
    %load/vec4 v000001ee8d814000_0;
    %load/vec4 v000001ee8d8141e0_0;
    %addi 3, 0, 32;
    %cmp/s;
    %jmp/0xz T_1.13, 5;
    %load/vec4 v000001ee8d7ab690_0;
    %muli 9, 0, 32;
    %load/vec4 v000001ee8d814000_0;
    %add;
    %store/vec4 v000001ee8d7ab730_0, 0, 32;
    %load/vec4 v000001ee8d76bcb0_0;
    %load/vec4 v000001ee8d7ab730_0;
    %muli 4, 0, 32;
    %part/s 4;
    %store/vec4 v000001ee8d7ab550_0, 0, 4;
    %load/vec4 v000001ee8d7ab550_0;
    %load/vec4 v000001ee8d8140a0_0;
    %cmp/e;
    %flag_get/vec4 4;
    %jmp/0 T_1.16, 4;
    %load/vec4 v000001ee8d7ab730_0;
    %load/vec4 v000001ee8d7ab4b0_0;
    %pad/u 32;
    %cmp/ne;
    %flag_get/vec4 4;
    %and;
T_1.16;
    %flag_set/vec4 8;
    %jmp/0xz  T_1.14, 8;
    %pushi/vec4 0, 0, 1;
    %store/vec4 v000001ee8d814320_0, 0, 1;
T_1.14 ;
    %load/vec4 v000001ee8d814000_0;
    %addi 1, 0, 32;
    %store/vec4 v000001ee8d814000_0, 0, 32;
    %jmp T_1.12;
T_1.13 ;
    %load/vec4 v000001ee8d7ab690_0;
    %addi 1, 0, 32;
    %store/vec4 v000001ee8d7ab690_0, 0, 32;
    %jmp T_1.10;
T_1.11 ;
    %jmp T_1;
    .thread T_1, $push;
    .scope S_000001ee8d7bbad0;
T_2 ;
    %vpi_call 2 16 "$dumpfile", "constrain_checker.vcd" {0 0 0};
    %vpi_call 2 17 "$dumpvars", 32'sb00000000000000000000000000000000, S_000001ee8d7bbad0 {0 0 0};
    %delay 5, 0;
    %pushi/vec4 0, 0, 324;
    %store/vec4 v000001ee8d8143c0_0, 0, 324;
    %pushi/vec4 5, 0, 4;
    %store/vec4 v000001ee8d814f50_0, 0, 4;
    %pushi/vec4 0, 0, 7;
    %store/vec4 v000001ee8d8151d0_0, 0, 7;
    %fork TD_constraint_checker_tb.print_board, S_000001ee8d7bbc60;
    %join;
    %delay 5, 0;
    %pushi/vec4 5, 0, 4;
    %ix/load 4, 12, 0;
    %flag_set/imm 4, 0;
    %store/vec4 v000001ee8d8143c0_0, 4, 4;
    %pushi/vec4 5, 0, 4;
    %store/vec4 v000001ee8d814f50_0, 0, 4;
    %pushi/vec4 0, 0, 7;
    %store/vec4 v000001ee8d8151d0_0, 0, 7;
    %fork TD_constraint_checker_tb.print_board, S_000001ee8d7bbc60;
    %join;
    %delay 5, 0;
    %pushi/vec4 0, 0, 324;
    %store/vec4 v000001ee8d8143c0_0, 0, 324;
    %pushi/vec4 5, 0, 4;
    %ix/load 4, 72, 0;
    %flag_set/imm 4, 0;
    %store/vec4 v000001ee8d8143c0_0, 4, 4;
    %pushi/vec4 5, 0, 4;
    %store/vec4 v000001ee8d814f50_0, 0, 4;
    %pushi/vec4 0, 0, 7;
    %store/vec4 v000001ee8d8151d0_0, 0, 7;
    %fork TD_constraint_checker_tb.print_board, S_000001ee8d7bbc60;
    %join;
    %delay 5, 0;
    %pushi/vec4 0, 0, 324;
    %store/vec4 v000001ee8d8143c0_0, 0, 324;
    %pushi/vec4 5, 0, 4;
    %ix/load 4, 40, 0;
    %flag_set/imm 4, 0;
    %store/vec4 v000001ee8d8143c0_0, 4, 4;
    %pushi/vec4 5, 0, 4;
    %store/vec4 v000001ee8d814f50_0, 0, 4;
    %pushi/vec4 0, 0, 7;
    %store/vec4 v000001ee8d8151d0_0, 0, 7;
    %fork TD_constraint_checker_tb.print_board, S_000001ee8d7bbc60;
    %join;
    %delay 10, 0;
    %vpi_call 2 41 "$finish" {0 0 0};
    %end;
    .thread T_2;
# The file index is used to find the file name in the following table.
:file_names 4;
    "N/A";
    "<interactive>";
    "constraint_checker_tb.v";
    "./constraint_checker.v";
