#! /c/Source/iverilog-install/bin/vvp
:ivl_version "12.0 (devel)" "(s20150603-1539-g2693dd32b)";
:ivl_delay_selection "TYPICAL";
:vpi_time_precision + 0;
:vpi_module "C:\iverilog\lib\ivl\system.vpi";
:vpi_module "C:\iverilog\lib\ivl\vhdl_sys.vpi";
:vpi_module "C:\iverilog\lib\ivl\vhdl_textio.vpi";
:vpi_module "C:\iverilog\lib\ivl\v2005_math.vpi";
:vpi_module "C:\iverilog\lib\ivl\va_math.vpi";
S_00000225342c2530 .scope module, "board_memory" "board_memory" 2 1;
 .timescale 0 0;
    .port_info 0 /INPUT 1 "clk";
    .port_info 1 /INPUT 1 "rst";
    .port_info 2 /INPUT 1 "read_en";
    .port_info 3 /INPUT 1 "write_en";
    .port_info 4 /INPUT 7 "cell_index";
    .port_info 5 /INPUT 4 "data_in";
    .port_info 6 /OUTPUT 4 "data_out";
    .port_info 7 /OUTPUT 324 "board_flat";
v000002253434b4a0 .array "board", 80 0, 3 0;
v000002253434c6c0_0 .net "board_flat", 323 0, L_000002253434cda0;  1 drivers
o00000225342ecfe8 .functor BUFZ 7, C4<zzzzzzz>; HiZ drive
v000002253434bb80_0 .net "cell_index", 6 0, o00000225342ecfe8;  0 drivers
o00000225342ed018 .functor BUFZ 1, C4<z>; HiZ drive
v000002253434bd60_0 .net "clk", 0 0, o00000225342ed018;  0 drivers
o00000225342ed048 .functor BUFZ 4, C4<zzzz>; HiZ drive
v000002253434b720_0 .net "data_in", 3 0, o00000225342ed048;  0 drivers
v000002253434c620_0 .var "data_out", 3 0;
v000002253434bf40_0 .var/i "k", 31 0;
o00000225342ed0d8 .functor BUFZ 1, C4<z>; HiZ drive
v000002253434bcc0_0 .net "read_en", 0 0, o00000225342ed0d8;  0 drivers
o00000225342ed108 .functor BUFZ 1, C4<z>; HiZ drive
v000002253434b540_0 .net "rst", 0 0, o00000225342ed108;  0 drivers
o00000225342ed138 .functor BUFZ 1, C4<z>; HiZ drive
v000002253434b5e0_0 .net "write_en", 0 0, o00000225342ed138;  0 drivers
E_00000225342e7d10 .event posedge, v000002253434bd60_0;
v000002253434b4a0_0 .array/port v000002253434b4a0, 0;
v000002253434b4a0_1 .array/port v000002253434b4a0, 1;
v000002253434b4a0_2 .array/port v000002253434b4a0, 2;
v000002253434b4a0_3 .array/port v000002253434b4a0, 3;
LS_000002253434cda0_0_0 .concat8 [ 4 4 4 4], v000002253434b4a0_0, v000002253434b4a0_1, v000002253434b4a0_2, v000002253434b4a0_3;
v000002253434b4a0_4 .array/port v000002253434b4a0, 4;
v000002253434b4a0_5 .array/port v000002253434b4a0, 5;
v000002253434b4a0_6 .array/port v000002253434b4a0, 6;
v000002253434b4a0_7 .array/port v000002253434b4a0, 7;
LS_000002253434cda0_0_4 .concat8 [ 4 4 4 4], v000002253434b4a0_4, v000002253434b4a0_5, v000002253434b4a0_6, v000002253434b4a0_7;
v000002253434b4a0_8 .array/port v000002253434b4a0, 8;
v000002253434b4a0_9 .array/port v000002253434b4a0, 9;
v000002253434b4a0_10 .array/port v000002253434b4a0, 10;
v000002253434b4a0_11 .array/port v000002253434b4a0, 11;
LS_000002253434cda0_0_8 .concat8 [ 4 4 4 4], v000002253434b4a0_8, v000002253434b4a0_9, v000002253434b4a0_10, v000002253434b4a0_11;
v000002253434b4a0_12 .array/port v000002253434b4a0, 12;
v000002253434b4a0_13 .array/port v000002253434b4a0, 13;
v000002253434b4a0_14 .array/port v000002253434b4a0, 14;
v000002253434b4a0_15 .array/port v000002253434b4a0, 15;
LS_000002253434cda0_0_12 .concat8 [ 4 4 4 4], v000002253434b4a0_12, v000002253434b4a0_13, v000002253434b4a0_14, v000002253434b4a0_15;
v000002253434b4a0_16 .array/port v000002253434b4a0, 16;
v000002253434b4a0_17 .array/port v000002253434b4a0, 17;
v000002253434b4a0_18 .array/port v000002253434b4a0, 18;
v000002253434b4a0_19 .array/port v000002253434b4a0, 19;
LS_000002253434cda0_0_16 .concat8 [ 4 4 4 4], v000002253434b4a0_16, v000002253434b4a0_17, v000002253434b4a0_18, v000002253434b4a0_19;
v000002253434b4a0_20 .array/port v000002253434b4a0, 20;
v000002253434b4a0_21 .array/port v000002253434b4a0, 21;
v000002253434b4a0_22 .array/port v000002253434b4a0, 22;
v000002253434b4a0_23 .array/port v000002253434b4a0, 23;
LS_000002253434cda0_0_20 .concat8 [ 4 4 4 4], v000002253434b4a0_20, v000002253434b4a0_21, v000002253434b4a0_22, v000002253434b4a0_23;
v000002253434b4a0_24 .array/port v000002253434b4a0, 24;
v000002253434b4a0_25 .array/port v000002253434b4a0, 25;
v000002253434b4a0_26 .array/port v000002253434b4a0, 26;
v000002253434b4a0_27 .array/port v000002253434b4a0, 27;
LS_000002253434cda0_0_24 .concat8 [ 4 4 4 4], v000002253434b4a0_24, v000002253434b4a0_25, v000002253434b4a0_26, v000002253434b4a0_27;
v000002253434b4a0_28 .array/port v000002253434b4a0, 28;
v000002253434b4a0_29 .array/port v000002253434b4a0, 29;
v000002253434b4a0_30 .array/port v000002253434b4a0, 30;
v000002253434b4a0_31 .array/port v000002253434b4a0, 31;
LS_000002253434cda0_0_28 .concat8 [ 4 4 4 4], v000002253434b4a0_28, v000002253434b4a0_29, v000002253434b4a0_30, v000002253434b4a0_31;
v000002253434b4a0_32 .array/port v000002253434b4a0, 32;
v000002253434b4a0_33 .array/port v000002253434b4a0, 33;
v000002253434b4a0_34 .array/port v000002253434b4a0, 34;
v000002253434b4a0_35 .array/port v000002253434b4a0, 35;
LS_000002253434cda0_0_32 .concat8 [ 4 4 4 4], v000002253434b4a0_32, v000002253434b4a0_33, v000002253434b4a0_34, v000002253434b4a0_35;
v000002253434b4a0_36 .array/port v000002253434b4a0, 36;
v000002253434b4a0_37 .array/port v000002253434b4a0, 37;
v000002253434b4a0_38 .array/port v000002253434b4a0, 38;
v000002253434b4a0_39 .array/port v000002253434b4a0, 39;
LS_000002253434cda0_0_36 .concat8 [ 4 4 4 4], v000002253434b4a0_36, v000002253434b4a0_37, v000002253434b4a0_38, v000002253434b4a0_39;
v000002253434b4a0_40 .array/port v000002253434b4a0, 40;
v000002253434b4a0_41 .array/port v000002253434b4a0, 41;
v000002253434b4a0_42 .array/port v000002253434b4a0, 42;
v000002253434b4a0_43 .array/port v000002253434b4a0, 43;
LS_000002253434cda0_0_40 .concat8 [ 4 4 4 4], v000002253434b4a0_40, v000002253434b4a0_41, v000002253434b4a0_42, v000002253434b4a0_43;
v000002253434b4a0_44 .array/port v000002253434b4a0, 44;
v000002253434b4a0_45 .array/port v000002253434b4a0, 45;
v000002253434b4a0_46 .array/port v000002253434b4a0, 46;
v000002253434b4a0_47 .array/port v000002253434b4a0, 47;
LS_000002253434cda0_0_44 .concat8 [ 4 4 4 4], v000002253434b4a0_44, v000002253434b4a0_45, v000002253434b4a0_46, v000002253434b4a0_47;
v000002253434b4a0_48 .array/port v000002253434b4a0, 48;
v000002253434b4a0_49 .array/port v000002253434b4a0, 49;
v000002253434b4a0_50 .array/port v000002253434b4a0, 50;
v000002253434b4a0_51 .array/port v000002253434b4a0, 51;
LS_000002253434cda0_0_48 .concat8 [ 4 4 4 4], v000002253434b4a0_48, v000002253434b4a0_49, v000002253434b4a0_50, v000002253434b4a0_51;
v000002253434b4a0_52 .array/port v000002253434b4a0, 52;
v000002253434b4a0_53 .array/port v000002253434b4a0, 53;
v000002253434b4a0_54 .array/port v000002253434b4a0, 54;
v000002253434b4a0_55 .array/port v000002253434b4a0, 55;
LS_000002253434cda0_0_52 .concat8 [ 4 4 4 4], v000002253434b4a0_52, v000002253434b4a0_53, v000002253434b4a0_54, v000002253434b4a0_55;
v000002253434b4a0_56 .array/port v000002253434b4a0, 56;
v000002253434b4a0_57 .array/port v000002253434b4a0, 57;
v000002253434b4a0_58 .array/port v000002253434b4a0, 58;
v000002253434b4a0_59 .array/port v000002253434b4a0, 59;
LS_000002253434cda0_0_56 .concat8 [ 4 4 4 4], v000002253434b4a0_56, v000002253434b4a0_57, v000002253434b4a0_58, v000002253434b4a0_59;
v000002253434b4a0_60 .array/port v000002253434b4a0, 60;
v000002253434b4a0_61 .array/port v000002253434b4a0, 61;
v000002253434b4a0_62 .array/port v000002253434b4a0, 62;
v000002253434b4a0_63 .array/port v000002253434b4a0, 63;
LS_000002253434cda0_0_60 .concat8 [ 4 4 4 4], v000002253434b4a0_60, v000002253434b4a0_61, v000002253434b4a0_62, v000002253434b4a0_63;
v000002253434b4a0_64 .array/port v000002253434b4a0, 64;
v000002253434b4a0_65 .array/port v000002253434b4a0, 65;
v000002253434b4a0_66 .array/port v000002253434b4a0, 66;
v000002253434b4a0_67 .array/port v000002253434b4a0, 67;
LS_000002253434cda0_0_64 .concat8 [ 4 4 4 4], v000002253434b4a0_64, v000002253434b4a0_65, v000002253434b4a0_66, v000002253434b4a0_67;
v000002253434b4a0_68 .array/port v000002253434b4a0, 68;
v000002253434b4a0_69 .array/port v000002253434b4a0, 69;
v000002253434b4a0_70 .array/port v000002253434b4a0, 70;
v000002253434b4a0_71 .array/port v000002253434b4a0, 71;
LS_000002253434cda0_0_68 .concat8 [ 4 4 4 4], v000002253434b4a0_68, v000002253434b4a0_69, v000002253434b4a0_70, v000002253434b4a0_71;
v000002253434b4a0_72 .array/port v000002253434b4a0, 72;
v000002253434b4a0_73 .array/port v000002253434b4a0, 73;
v000002253434b4a0_74 .array/port v000002253434b4a0, 74;
v000002253434b4a0_75 .array/port v000002253434b4a0, 75;
LS_000002253434cda0_0_72 .concat8 [ 4 4 4 4], v000002253434b4a0_72, v000002253434b4a0_73, v000002253434b4a0_74, v000002253434b4a0_75;
v000002253434b4a0_76 .array/port v000002253434b4a0, 76;
v000002253434b4a0_77 .array/port v000002253434b4a0, 77;
v000002253434b4a0_78 .array/port v000002253434b4a0, 78;
v000002253434b4a0_79 .array/port v000002253434b4a0, 79;
LS_000002253434cda0_0_76 .concat8 [ 4 4 4 4], v000002253434b4a0_76, v000002253434b4a0_77, v000002253434b4a0_78, v000002253434b4a0_79;
v000002253434b4a0_80 .array/port v000002253434b4a0, 80;
LS_000002253434cda0_0_80 .concat8 [ 4 0 0 0], v000002253434b4a0_80;
LS_000002253434cda0_1_0 .concat8 [ 16 16 16 16], LS_000002253434cda0_0_0, LS_000002253434cda0_0_4, LS_000002253434cda0_0_8, LS_000002253434cda0_0_12;
LS_000002253434cda0_1_4 .concat8 [ 16 16 16 16], LS_000002253434cda0_0_16, LS_000002253434cda0_0_20, LS_000002253434cda0_0_24, LS_000002253434cda0_0_28;
LS_000002253434cda0_1_8 .concat8 [ 16 16 16 16], LS_000002253434cda0_0_32, LS_000002253434cda0_0_36, LS_000002253434cda0_0_40, LS_000002253434cda0_0_44;
LS_000002253434cda0_1_12 .concat8 [ 16 16 16 16], LS_000002253434cda0_0_48, LS_000002253434cda0_0_52, LS_000002253434cda0_0_56, LS_000002253434cda0_0_60;
LS_000002253434cda0_1_16 .concat8 [ 16 16 16 16], LS_000002253434cda0_0_64, LS_000002253434cda0_0_68, LS_000002253434cda0_0_72, LS_000002253434cda0_0_76;
LS_000002253434cda0_1_20 .concat8 [ 4 0 0 0], LS_000002253434cda0_0_80;
LS_000002253434cda0_2_0 .concat8 [ 64 64 64 64], LS_000002253434cda0_1_0, LS_000002253434cda0_1_4, LS_000002253434cda0_1_8, LS_000002253434cda0_1_12;
LS_000002253434cda0_2_4 .concat8 [ 64 4 0 0], LS_000002253434cda0_1_16, LS_000002253434cda0_1_20;
L_000002253434cda0 .concat8 [ 256 68 0 0], LS_000002253434cda0_2_0, LS_000002253434cda0_2_4;
S_00000225342c2f20 .scope generate, "flatten_loop[0]" "flatten_loop[0]" 2 30, 2 30 0, S_00000225342c2530;
 .timescale 0 0;
P_00000225342e7d90 .param/l "index" 0 2 30, +C4<00>;
v00000225342c68c0_0 .net *"_ivl_2", 3 0, v000002253434b4a0_0;  1 drivers
S_00000225342e64c0 .scope generate, "flatten_loop[1]" "flatten_loop[1]" 2 30, 2 30 0, S_00000225342c2530;
 .timescale 0 0;
P_00000225342e7710 .param/l "index" 0 2 30, +C4<01>;
v00000225342c6a00_0 .net *"_ivl_2", 3 0, v000002253434b4a0_1;  1 drivers
S_00000225342c30b0 .scope generate, "flatten_loop[2]" "flatten_loop[2]" 2 30, 2 30 0, S_00000225342c2530;
 .timescale 0 0;
P_00000225342e7dd0 .param/l "index" 0 2 30, +C4<010>;
v00000225342c6460_0 .net *"_ivl_2", 3 0, v000002253434b4a0_2;  1 drivers
S_0000022534272ce0 .scope generate, "flatten_loop[3]" "flatten_loop[3]" 2 30, 2 30 0, S_00000225342c2530;
 .timescale 0 0;
P_00000225342e7a10 .param/l "index" 0 2 30, +C4<011>;
v00000225342c61e0_0 .net *"_ivl_2", 3 0, v000002253434b4a0_3;  1 drivers
S_0000022534272e70 .scope generate, "flatten_loop[4]" "flatten_loop[4]" 2 30, 2 30 0, S_00000225342c2530;
 .timescale 0 0;
P_00000225342e7210 .param/l "index" 0 2 30, +C4<0100>;
v00000225342c6000_0 .net *"_ivl_2", 3 0, v000002253434b4a0_4;  1 drivers
S_000002253433c250 .scope generate, "flatten_loop[5]" "flatten_loop[5]" 2 30, 2 30 0, S_00000225342c2530;
 .timescale 0 0;
P_00000225342e7fd0 .param/l "index" 0 2 30, +C4<0101>;
v00000225342c6dc0_0 .net *"_ivl_2", 3 0, v000002253434b4a0_5;  1 drivers
S_000002253433c3e0 .scope generate, "flatten_loop[6]" "flatten_loop[6]" 2 30, 2 30 0, S_00000225342c2530;
 .timescale 0 0;
P_00000225342e7590 .param/l "index" 0 2 30, +C4<0110>;
v00000225342c6960_0 .net *"_ivl_2", 3 0, v000002253434b4a0_6;  1 drivers
S_000002253433c570 .scope generate, "flatten_loop[7]" "flatten_loop[7]" 2 30, 2 30 0, S_00000225342c2530;
 .timescale 0 0;
P_00000225342e8090 .param/l "index" 0 2 30, +C4<0111>;
v00000225342c60a0_0 .net *"_ivl_2", 3 0, v000002253434b4a0_7;  1 drivers
S_000002253433c700 .scope generate, "flatten_loop[8]" "flatten_loop[8]" 2 30, 2 30 0, S_00000225342c2530;
 .timescale 0 0;
P_00000225342e7a50 .param/l "index" 0 2 30, +C4<01000>;
v00000225342c6280_0 .net *"_ivl_2", 3 0, v000002253434b4a0_8;  1 drivers
S_000002253433c890 .scope generate, "flatten_loop[9]" "flatten_loop[9]" 2 30, 2 30 0, S_00000225342c2530;
 .timescale 0 0;
P_00000225342e7310 .param/l "index" 0 2 30, +C4<01001>;
v00000225342c6640_0 .net *"_ivl_2", 3 0, v000002253434b4a0_9;  1 drivers
S_000002253433ca20 .scope generate, "flatten_loop[10]" "flatten_loop[10]" 2 30, 2 30 0, S_00000225342c2530;
 .timescale 0 0;
P_00000225342e7350 .param/l "index" 0 2 30, +C4<01010>;
v00000225342c6be0_0 .net *"_ivl_2", 3 0, v000002253434b4a0_10;  1 drivers
S_000002253433cbb0 .scope generate, "flatten_loop[11]" "flatten_loop[11]" 2 30, 2 30 0, S_00000225342c2530;
 .timescale 0 0;
P_00000225342e7690 .param/l "index" 0 2 30, +C4<01011>;
v00000225342c5f60_0 .net *"_ivl_2", 3 0, v000002253434b4a0_11;  1 drivers
S_000002253433cd40 .scope generate, "flatten_loop[12]" "flatten_loop[12]" 2 30, 2 30 0, S_00000225342c2530;
 .timescale 0 0;
P_00000225342e7450 .param/l "index" 0 2 30, +C4<01100>;
v00000225342c6320_0 .net *"_ivl_2", 3 0, v000002253434b4a0_12;  1 drivers
S_000002253433ced0 .scope generate, "flatten_loop[13]" "flatten_loop[13]" 2 30, 2 30 0, S_00000225342c2530;
 .timescale 0 0;
P_00000225342e7190 .param/l "index" 0 2 30, +C4<01101>;
v00000225342c65a0_0 .net *"_ivl_2", 3 0, v000002253434b4a0_13;  1 drivers
S_000002253433d060 .scope generate, "flatten_loop[14]" "flatten_loop[14]" 2 30, 2 30 0, S_00000225342c2530;
 .timescale 0 0;
P_00000225342e7490 .param/l "index" 0 2 30, +C4<01110>;
v00000225342c6c80_0 .net *"_ivl_2", 3 0, v000002253434b4a0_14;  1 drivers
S_000002253433e050 .scope generate, "flatten_loop[15]" "flatten_loop[15]" 2 30, 2 30 0, S_00000225342c2530;
 .timescale 0 0;
P_00000225342e7390 .param/l "index" 0 2 30, +C4<01111>;
v00000225342c66e0_0 .net *"_ivl_2", 3 0, v000002253434b4a0_15;  1 drivers
S_000002253433d880 .scope generate, "flatten_loop[16]" "flatten_loop[16]" 2 30, 2 30 0, S_00000225342c2530;
 .timescale 0 0;
P_00000225342e7610 .param/l "index" 0 2 30, +C4<010000>;
v00000225342c63c0_0 .net *"_ivl_2", 3 0, v000002253434b4a0_16;  1 drivers
S_000002253433dba0 .scope generate, "flatten_loop[17]" "flatten_loop[17]" 2 30, 2 30 0, S_00000225342c2530;
 .timescale 0 0;
P_00000225342e73d0 .param/l "index" 0 2 30, +C4<010001>;
v00000225342c6e60_0 .net *"_ivl_2", 3 0, v000002253434b4a0_17;  1 drivers
S_000002253433d6f0 .scope generate, "flatten_loop[18]" "flatten_loop[18]" 2 30, 2 30 0, S_00000225342c2530;
 .timescale 0 0;
P_00000225342e74d0 .param/l "index" 0 2 30, +C4<010010>;
v00000225342c6500_0 .net *"_ivl_2", 3 0, v000002253434b4a0_18;  1 drivers
S_000002253433da10 .scope generate, "flatten_loop[19]" "flatten_loop[19]" 2 30, 2 30 0, S_00000225342c2530;
 .timescale 0 0;
P_00000225342e7510 .param/l "index" 0 2 30, +C4<010011>;
v00000225342c6780_0 .net *"_ivl_2", 3 0, v000002253434b4a0_19;  1 drivers
S_000002253433dd30 .scope generate, "flatten_loop[20]" "flatten_loop[20]" 2 30, 2 30 0, S_00000225342c2530;
 .timescale 0 0;
P_00000225342e8e50 .param/l "index" 0 2 30, +C4<010100>;
v00000225342c6aa0_0 .net *"_ivl_2", 3 0, v000002253434b4a0_20;  1 drivers
S_000002253433dec0 .scope generate, "flatten_loop[21]" "flatten_loop[21]" 2 30, 2 30 0, S_00000225342c2530;
 .timescale 0 0;
P_00000225342e8610 .param/l "index" 0 2 30, +C4<010101>;
v00000225342c6820_0 .net *"_ivl_2", 3 0, v000002253434b4a0_21;  1 drivers
S_000002253433d240 .scope generate, "flatten_loop[22]" "flatten_loop[22]" 2 30, 2 30 0, S_00000225342c2530;
 .timescale 0 0;
P_00000225342e8c10 .param/l "index" 0 2 30, +C4<010110>;
v00000225342c6b40_0 .net *"_ivl_2", 3 0, v000002253434b4a0_22;  1 drivers
S_000002253433d3d0 .scope generate, "flatten_loop[23]" "flatten_loop[23]" 2 30, 2 30 0, S_00000225342c2530;
 .timescale 0 0;
P_00000225342e8190 .param/l "index" 0 2 30, +C4<010111>;
v00000225343408a0_0 .net *"_ivl_2", 3 0, v000002253434b4a0_23;  1 drivers
S_000002253433d560 .scope generate, "flatten_loop[24]" "flatten_loop[24]" 2 30, 2 30 0, S_00000225342c2530;
 .timescale 0 0;
P_00000225342e8d10 .param/l "index" 0 2 30, +C4<011000>;
v0000022534341ac0_0 .net *"_ivl_2", 3 0, v000002253434b4a0_24;  1 drivers
S_0000022534343b70 .scope generate, "flatten_loop[25]" "flatten_loop[25]" 2 30, 2 30 0, S_00000225342c2530;
 .timescale 0 0;
P_00000225342e82d0 .param/l "index" 0 2 30, +C4<011001>;
v00000225343409e0_0 .net *"_ivl_2", 3 0, v000002253434b4a0_25;  1 drivers
S_0000022534342270 .scope generate, "flatten_loop[26]" "flatten_loop[26]" 2 30, 2 30 0, S_00000225342c2530;
 .timescale 0 0;
P_00000225342e8710 .param/l "index" 0 2 30, +C4<011010>;
v00000225343417a0_0 .net *"_ivl_2", 3 0, v000002253434b4a0_26;  1 drivers
S_00000225343433a0 .scope generate, "flatten_loop[27]" "flatten_loop[27]" 2 30, 2 30 0, S_00000225342c2530;
 .timescale 0 0;
P_00000225342e8cd0 .param/l "index" 0 2 30, +C4<011011>;
v0000022534340c60_0 .net *"_ivl_2", 3 0, v000002253434b4a0_27;  1 drivers
S_00000225343436c0 .scope generate, "flatten_loop[28]" "flatten_loop[28]" 2 30, 2 30 0, S_00000225342c2530;
 .timescale 0 0;
P_00000225342e8890 .param/l "index" 0 2 30, +C4<011100>;
v0000022534341c00_0 .net *"_ivl_2", 3 0, v000002253434b4a0_28;  1 drivers
S_0000022534343530 .scope generate, "flatten_loop[29]" "flatten_loop[29]" 2 30, 2 30 0, S_00000225342c2530;
 .timescale 0 0;
P_00000225342e8310 .param/l "index" 0 2 30, +C4<011101>;
v0000022534341f20_0 .net *"_ivl_2", 3 0, v000002253434b4a0_29;  1 drivers
S_0000022534343850 .scope generate, "flatten_loop[30]" "flatten_loop[30]" 2 30, 2 30 0, S_00000225342c2530;
 .timescale 0 0;
P_00000225342e8390 .param/l "index" 0 2 30, +C4<011110>;
v0000022534341d40_0 .net *"_ivl_2", 3 0, v000002253434b4a0_30;  1 drivers
S_0000022534342bd0 .scope generate, "flatten_loop[31]" "flatten_loop[31]" 2 30, 2 30 0, S_00000225342c2530;
 .timescale 0 0;
P_00000225342e8d50 .param/l "index" 0 2 30, +C4<011111>;
v0000022534340940_0 .net *"_ivl_2", 3 0, v000002253434b4a0_31;  1 drivers
S_0000022534342590 .scope generate, "flatten_loop[32]" "flatten_loop[32]" 2 30, 2 30 0, S_00000225342c2530;
 .timescale 0 0;
P_00000225342e83d0 .param/l "index" 0 2 30, +C4<0100000>;
v0000022534341200_0 .net *"_ivl_2", 3 0, v000002253434b4a0_32;  1 drivers
S_0000022534343080 .scope generate, "flatten_loop[33]" "flatten_loop[33]" 2 30, 2 30 0, S_00000225342c2530;
 .timescale 0 0;
P_00000225342e8490 .param/l "index" 0 2 30, +C4<0100001>;
v0000022534340580_0 .net *"_ivl_2", 3 0, v000002253434b4a0_33;  1 drivers
S_0000022534342720 .scope generate, "flatten_loop[34]" "flatten_loop[34]" 2 30, 2 30 0, S_00000225342c2530;
 .timescale 0 0;
P_00000225342e8550 .param/l "index" 0 2 30, +C4<0100010>;
v0000022534340300_0 .net *"_ivl_2", 3 0, v000002253434b4a0_34;  1 drivers
S_0000022534342ef0 .scope generate, "flatten_loop[35]" "flatten_loop[35]" 2 30, 2 30 0, S_00000225342c2530;
 .timescale 0 0;
P_00000225342e8e10 .param/l "index" 0 2 30, +C4<0100011>;
v0000022534340bc0_0 .net *"_ivl_2", 3 0, v000002253434b4a0_35;  1 drivers
S_0000022534342400 .scope generate, "flatten_loop[36]" "flatten_loop[36]" 2 30, 2 30 0, S_00000225342c2530;
 .timescale 0 0;
P_00000225342e84d0 .param/l "index" 0 2 30, +C4<0100100>;
v0000022534340a80_0 .net *"_ivl_2", 3 0, v000002253434b4a0_36;  1 drivers
S_0000022534343210 .scope generate, "flatten_loop[37]" "flatten_loop[37]" 2 30, 2 30 0, S_00000225342c2530;
 .timescale 0 0;
P_00000225342e85d0 .param/l "index" 0 2 30, +C4<0100101>;
v00000225343404e0_0 .net *"_ivl_2", 3 0, v000002253434b4a0_37;  1 drivers
S_00000225343439e0 .scope generate, "flatten_loop[38]" "flatten_loop[38]" 2 30, 2 30 0, S_00000225342c2530;
 .timescale 0 0;
P_00000225342e8ad0 .param/l "index" 0 2 30, +C4<0100110>;
v0000022534341480_0 .net *"_ivl_2", 3 0, v000002253434b4a0_38;  1 drivers
S_0000022534343d00 .scope generate, "flatten_loop[39]" "flatten_loop[39]" 2 30, 2 30 0, S_00000225342c2530;
 .timescale 0 0;
P_00000225342e8590 .param/l "index" 0 2 30, +C4<0100111>;
v0000022534341ca0_0 .net *"_ivl_2", 3 0, v000002253434b4a0_39;  1 drivers
S_0000022534343e90 .scope generate, "flatten_loop[40]" "flatten_loop[40]" 2 30, 2 30 0, S_00000225342c2530;
 .timescale 0 0;
P_00000225342e8510 .param/l "index" 0 2 30, +C4<0101000>;
v0000022534341660_0 .net *"_ivl_2", 3 0, v000002253434b4a0_40;  1 drivers
S_0000022534344020 .scope generate, "flatten_loop[41]" "flatten_loop[41]" 2 30, 2 30 0, S_00000225342c2530;
 .timescale 0 0;
P_00000225342e9050 .param/l "index" 0 2 30, +C4<0101001>;
v0000022534341700_0 .net *"_ivl_2", 3 0, v000002253434b4a0_41;  1 drivers
S_00000225343428b0 .scope generate, "flatten_loop[42]" "flatten_loop[42]" 2 30, 2 30 0, S_00000225342c2530;
 .timescale 0 0;
P_00000225342e87d0 .param/l "index" 0 2 30, +C4<0101010>;
v0000022534340620_0 .net *"_ivl_2", 3 0, v000002253434b4a0_42;  1 drivers
S_0000022534342a40 .scope generate, "flatten_loop[43]" "flatten_loop[43]" 2 30, 2 30 0, S_00000225342c2530;
 .timescale 0 0;
P_00000225342e8810 .param/l "index" 0 2 30, +C4<0101011>;
v0000022534341340_0 .net *"_ivl_2", 3 0, v000002253434b4a0_43;  1 drivers
S_0000022534342d60 .scope generate, "flatten_loop[44]" "flatten_loop[44]" 2 30, 2 30 0, S_00000225342c2530;
 .timescale 0 0;
P_00000225342e8d90 .param/l "index" 0 2 30, +C4<0101100>;
v0000022534341de0_0 .net *"_ivl_2", 3 0, v000002253434b4a0_44;  1 drivers
S_0000022534344df0 .scope generate, "flatten_loop[45]" "flatten_loop[45]" 2 30, 2 30 0, S_00000225342c2530;
 .timescale 0 0;
P_00000225342e8790 .param/l "index" 0 2 30, +C4<0101101>;
v00000225343403a0_0 .net *"_ivl_2", 3 0, v000002253434b4a0_45;  1 drivers
S_0000022534344620 .scope generate, "flatten_loop[46]" "flatten_loop[46]" 2 30, 2 30 0, S_00000225342c2530;
 .timescale 0 0;
P_00000225342e89d0 .param/l "index" 0 2 30, +C4<0101110>;
v00000225343413e0_0 .net *"_ivl_2", 3 0, v000002253434b4a0_46;  1 drivers
S_0000022534345110 .scope generate, "flatten_loop[47]" "flatten_loop[47]" 2 30, 2 30 0, S_00000225342c2530;
 .timescale 0 0;
P_00000225342e8fd0 .param/l "index" 0 2 30, +C4<0101111>;
v00000225343418e0_0 .net *"_ivl_2", 3 0, v000002253434b4a0_47;  1 drivers
S_0000022534344ad0 .scope generate, "flatten_loop[48]" "flatten_loop[48]" 2 30, 2 30 0, S_00000225342c2530;
 .timescale 0 0;
P_00000225342e8c50 .param/l "index" 0 2 30, +C4<0110000>;
v00000225343406c0_0 .net *"_ivl_2", 3 0, v000002253434b4a0_48;  1 drivers
S_0000022534345430 .scope generate, "flatten_loop[49]" "flatten_loop[49]" 2 30, 2 30 0, S_00000225342c2530;
 .timescale 0 0;
P_00000225342e8910 .param/l "index" 0 2 30, +C4<0110001>;
v0000022534340800_0 .net *"_ivl_2", 3 0, v000002253434b4a0_49;  1 drivers
S_00000225343447b0 .scope generate, "flatten_loop[50]" "flatten_loop[50]" 2 30, 2 30 0, S_00000225342c2530;
 .timescale 0 0;
P_00000225342e9010 .param/l "index" 0 2 30, +C4<0110010>;
v0000022534340b20_0 .net *"_ivl_2", 3 0, v000002253434b4a0_50;  1 drivers
S_0000022534344490 .scope generate, "flatten_loop[51]" "flatten_loop[51]" 2 30, 2 30 0, S_00000225342c2530;
 .timescale 0 0;
P_00000225342e8650 .param/l "index" 0 2 30, +C4<0110011>;
v0000022534341b60_0 .net *"_ivl_2", 3 0, v000002253434b4a0_51;  1 drivers
S_00000225343452a0 .scope generate, "flatten_loop[52]" "flatten_loop[52]" 2 30, 2 30 0, S_00000225342c2530;
 .timescale 0 0;
P_00000225342e8210 .param/l "index" 0 2 30, +C4<0110100>;
v0000022534340760_0 .net *"_ivl_2", 3 0, v000002253434b4a0_52;  1 drivers
S_0000022534344f80 .scope generate, "flatten_loop[53]" "flatten_loop[53]" 2 30, 2 30 0, S_00000225342c2530;
 .timescale 0 0;
P_00000225342e8e90 .param/l "index" 0 2 30, +C4<0110101>;
v0000022534340d00_0 .net *"_ivl_2", 3 0, v000002253434b4a0_53;  1 drivers
S_0000022534344c60 .scope generate, "flatten_loop[54]" "flatten_loop[54]" 2 30, 2 30 0, S_00000225342c2530;
 .timescale 0 0;
P_00000225342e9090 .param/l "index" 0 2 30, +C4<0110110>;
v0000022534341520_0 .net *"_ivl_2", 3 0, v000002253434b4a0_54;  1 drivers
S_0000022534345a70 .scope generate, "flatten_loop[55]" "flatten_loop[55]" 2 30, 2 30 0, S_00000225342c2530;
 .timescale 0 0;
P_00000225342e8690 .param/l "index" 0 2 30, +C4<0110111>;
v0000022534340da0_0 .net *"_ivl_2", 3 0, v000002253434b4a0_55;  1 drivers
S_0000022534346240 .scope generate, "flatten_loop[56]" "flatten_loop[56]" 2 30, 2 30 0, S_00000225342c2530;
 .timescale 0 0;
P_00000225342e86d0 .param/l "index" 0 2 30, +C4<0111000>;
v0000022534340e40_0 .net *"_ivl_2", 3 0, v000002253434b4a0_56;  1 drivers
S_0000022534345d90 .scope generate, "flatten_loop[57]" "flatten_loop[57]" 2 30, 2 30 0, S_00000225342c2530;
 .timescale 0 0;
P_00000225342e8250 .param/l "index" 0 2 30, +C4<0111001>;
v0000022534341fc0_0 .net *"_ivl_2", 3 0, v000002253434b4a0_57;  1 drivers
S_0000022534345f20 .scope generate, "flatten_loop[58]" "flatten_loop[58]" 2 30, 2 30 0, S_00000225342c2530;
 .timescale 0 0;
P_00000225342e8a90 .param/l "index" 0 2 30, +C4<0111010>;
v0000022534340ee0_0 .net *"_ivl_2", 3 0, v000002253434b4a0_58;  1 drivers
S_00000225343455c0 .scope generate, "flatten_loop[59]" "flatten_loop[59]" 2 30, 2 30 0, S_00000225342c2530;
 .timescale 0 0;
P_00000225342e8f50 .param/l "index" 0 2 30, +C4<0111011>;
v0000022534340f80_0 .net *"_ivl_2", 3 0, v000002253434b4a0_59;  1 drivers
S_0000022534345c00 .scope generate, "flatten_loop[60]" "flatten_loop[60]" 2 30, 2 30 0, S_00000225342c2530;
 .timescale 0 0;
P_00000225342e8950 .param/l "index" 0 2 30, +C4<0111100>;
v0000022534341980_0 .net *"_ivl_2", 3 0, v000002253434b4a0_60;  1 drivers
S_0000022534344940 .scope generate, "flatten_loop[61]" "flatten_loop[61]" 2 30, 2 30 0, S_00000225342c2530;
 .timescale 0 0;
P_00000225342e8350 .param/l "index" 0 2 30, +C4<0111101>;
v00000225343415c0_0 .net *"_ivl_2", 3 0, v000002253434b4a0_61;  1 drivers
S_00000225343460b0 .scope generate, "flatten_loop[62]" "flatten_loop[62]" 2 30, 2 30 0, S_00000225342c2530;
 .timescale 0 0;
P_00000225342e8f90 .param/l "index" 0 2 30, +C4<0111110>;
v0000022534341020_0 .net *"_ivl_2", 3 0, v000002253434b4a0_62;  1 drivers
S_0000022534345750 .scope generate, "flatten_loop[63]" "flatten_loop[63]" 2 30, 2 30 0, S_00000225342c2530;
 .timescale 0 0;
P_00000225342e88d0 .param/l "index" 0 2 30, +C4<0111111>;
v0000022534341a20_0 .net *"_ivl_2", 3 0, v000002253434b4a0_63;  1 drivers
S_00000225343458e0 .scope generate, "flatten_loop[64]" "flatten_loop[64]" 2 30, 2 30 0, S_00000225342c2530;
 .timescale 0 0;
P_00000225342e8b10 .param/l "index" 0 2 30, +C4<01000000>;
v0000022534341e80_0 .net *"_ivl_2", 3 0, v000002253434b4a0_64;  1 drivers
S_0000022534347700 .scope generate, "flatten_loop[65]" "flatten_loop[65]" 2 30, 2 30 0, S_00000225342c2530;
 .timescale 0 0;
P_00000225342e8a10 .param/l "index" 0 2 30, +C4<01000001>;
v0000022534342060_0 .net *"_ivl_2", 3 0, v000002253434b4a0_65;  1 drivers
S_0000022534348380 .scope generate, "flatten_loop[66]" "flatten_loop[66]" 2 30, 2 30 0, S_00000225342c2530;
 .timescale 0 0;
P_00000225342e8a50 .param/l "index" 0 2 30, +C4<01000010>;
v0000022534341840_0 .net *"_ivl_2", 3 0, v000002253434b4a0_66;  1 drivers
S_0000022534347250 .scope generate, "flatten_loop[67]" "flatten_loop[67]" 2 30, 2 30 0, S_00000225342c2530;
 .timescale 0 0;
P_00000225342e8f10 .param/l "index" 0 2 30, +C4<01000011>;
v00000225343410c0_0 .net *"_ivl_2", 3 0, v000002253434b4a0_67;  1 drivers
S_0000022534348830 .scope generate, "flatten_loop[68]" "flatten_loop[68]" 2 30, 2 30 0, S_00000225342c2530;
 .timescale 0 0;
P_00000225342e8410 .param/l "index" 0 2 30, +C4<01000100>;
v0000022534341160_0 .net *"_ivl_2", 3 0, v000002253434b4a0_68;  1 drivers
S_0000022534347890 .scope generate, "flatten_loop[69]" "flatten_loop[69]" 2 30, 2 30 0, S_00000225342c2530;
 .timescale 0 0;
P_00000225342e90d0 .param/l "index" 0 2 30, +C4<01000101>;
v00000225343412a0_0 .net *"_ivl_2", 3 0, v000002253434b4a0_69;  1 drivers
S_0000022534348510 .scope generate, "flatten_loop[70]" "flatten_loop[70]" 2 30, 2 30 0, S_00000225342c2530;
 .timescale 0 0;
P_00000225342e8990 .param/l "index" 0 2 30, +C4<01000110>;
v0000022534342100_0 .net *"_ivl_2", 3 0, v000002253434b4a0_70;  1 drivers
S_0000022534347570 .scope generate, "flatten_loop[71]" "flatten_loop[71]" 2 30, 2 30 0, S_00000225342c2530;
 .timescale 0 0;
P_00000225342e8750 .param/l "index" 0 2 30, +C4<01000111>;
v0000022534340260_0 .net *"_ivl_2", 3 0, v000002253434b4a0_71;  1 drivers
S_0000022534347d40 .scope generate, "flatten_loop[72]" "flatten_loop[72]" 2 30, 2 30 0, S_00000225342c2530;
 .timescale 0 0;
P_00000225342e8850 .param/l "index" 0 2 30, +C4<01001000>;
v0000022534340440_0 .net *"_ivl_2", 3 0, v000002253434b4a0_72;  1 drivers
S_00000225343473e0 .scope generate, "flatten_loop[73]" "flatten_loop[73]" 2 30, 2 30 0, S_00000225342c2530;
 .timescale 0 0;
P_00000225342e8b50 .param/l "index" 0 2 30, +C4<01001001>;
v000002253434b360_0 .net *"_ivl_2", 3 0, v000002253434b4a0_73;  1 drivers
S_00000225343486a0 .scope generate, "flatten_loop[74]" "flatten_loop[74]" 2 30, 2 30 0, S_00000225342c2530;
 .timescale 0 0;
P_00000225342e81d0 .param/l "index" 0 2 30, +C4<01001010>;
v000002253434c760_0 .net *"_ivl_2", 3 0, v000002253434b4a0_74;  1 drivers
S_0000022534347a20 .scope generate, "flatten_loop[75]" "flatten_loop[75]" 2 30, 2 30 0, S_00000225342c2530;
 .timescale 0 0;
P_00000225342e8dd0 .param/l "index" 0 2 30, +C4<01001011>;
v000002253434b400_0 .net *"_ivl_2", 3 0, v000002253434b4a0_75;  1 drivers
S_0000022534348060 .scope generate, "flatten_loop[76]" "flatten_loop[76]" 2 30, 2 30 0, S_00000225342c2530;
 .timescale 0 0;
P_00000225342e8b90 .param/l "index" 0 2 30, +C4<01001100>;
v000002253434b680_0 .net *"_ivl_2", 3 0, v000002253434b4a0_76;  1 drivers
S_0000022534347bb0 .scope generate, "flatten_loop[77]" "flatten_loop[77]" 2 30, 2 30 0, S_00000225342c2530;
 .timescale 0 0;
P_00000225342e8bd0 .param/l "index" 0 2 30, +C4<01001101>;
v000002253434b0e0_0 .net *"_ivl_2", 3 0, v000002253434b4a0_77;  1 drivers
S_0000022534347ed0 .scope generate, "flatten_loop[78]" "flatten_loop[78]" 2 30, 2 30 0, S_00000225342c2530;
 .timescale 0 0;
P_00000225342e8c90 .param/l "index" 0 2 30, +C4<01001110>;
v000002253434b7c0_0 .net *"_ivl_2", 3 0, v000002253434b4a0_78;  1 drivers
S_0000022534348e70 .scope generate, "flatten_loop[79]" "flatten_loop[79]" 2 30, 2 30 0, S_00000225342c2530;
 .timescale 0 0;
P_00000225342e8450 .param/l "index" 0 2 30, +C4<01001111>;
v000002253434bae0_0 .net *"_ivl_2", 3 0, v000002253434b4a0_79;  1 drivers
S_00000225343481f0 .scope generate, "flatten_loop[80]" "flatten_loop[80]" 2 30, 2 30 0, S_00000225342c2530;
 .timescale 0 0;
P_00000225342e8ed0 .param/l "index" 0 2 30, +C4<01010000>;
v000002253434b2c0_0 .net *"_ivl_2", 3 0, v000002253434b4a0_80;  1 drivers
S_00000225342bd080 .scope module, "constraint_checker" "constraint_checker" 2 38;
 .timescale 0 0;
    .port_info 0 /INPUT 4 "num_to_place";
    .port_info 1 /INPUT 7 "cell_index";
    .port_info 2 /OUTPUT 1 "valid";
    .port_info 3 /INPUT 324 "board_flat";
o00000225342ed2e8 .functor BUFZ 324, C4<zzzzzzzzzzzzzzzzzzzzzzzzzzzzzzzzzzzzzzzzzzzzzzzzzzzzzzzzzzzzzzzzzzzzzzzzzzzzzzzzzzzzzzzzzzzzzzzzzzzzzzzzzzzzzzzzzzzzzzzzzzzzzzzzzzzzzzzzzzzzzzzzzzzzzzzzzzzzzzzzzzzzzzzzzzzzzzzzzzzzzzzzzzzzzzzzzzzzzzzzzzzzzzzzzzzzzzzzzzzzzzzzzzzzzzzzzzzzzzzzzzzzzzzzzzzzzzzzzzzzzzzzzzzzzzzzzzzzzzzzzzzzzzzzzzzzzzzzzzzzzzzzzzzzzzzzzzzzzzzzzzzz>; HiZ drive
v000002253434b860_0 .net "board_flat", 323 0, o00000225342ed2e8;  0 drivers
o00000225342ed318 .functor BUFZ 7, C4<zzzzzzz>; HiZ drive
v000002253434c800_0 .net "cell_index", 6 0, o00000225342ed318;  0 drivers
v000002253434b9a0_0 .var "cell_val", 3 0;
v000002253434c580_0 .var/i "col", 31 0;
v000002253434b900_0 .var/i "i", 31 0;
v000002253434ba40_0 .var/i "index", 31 0;
v000002253434bc20_0 .var/i "j", 31 0;
o00000225342ed438 .functor BUFZ 4, C4<zzzz>; HiZ drive
v000002253434c8a0_0 .net "num_to_place", 3 0, o00000225342ed438;  0 drivers
v000002253434bfe0_0 .var/i "row", 31 0;
v000002253434b180_0 .var/i "start_col", 31 0;
v000002253434be00_0 .var/i "start_row", 31 0;
v000002253434cbc0_0 .var "valid", 0 0;
E_00000225342e8290/0 .event anyedge, v000002253434c800_0, v000002253434bfe0_0, v000002253434ba40_0, v000002253434b860_0;
E_00000225342e8290/1 .event anyedge, v000002253434b9a0_0, v000002253434c8a0_0, v000002253434c580_0, v000002253434be00_0;
E_00000225342e8290/2 .event anyedge, v000002253434b180_0;
E_00000225342e8290 .event/or E_00000225342e8290/0, E_00000225342e8290/1, E_00000225342e8290/2;
    .scope S_00000225342c2530;
T_0 ;
    %wait E_00000225342e7d10;
    %load/vec4 v000002253434b540_0;
    %flag_set/vec4 8;
    %jmp/0xz  T_0.0, 8;
    %pushi/vec4 0, 0, 32;
    %store/vec4 v000002253434bf40_0, 0, 32;
T_0.2 ;
    %load/vec4 v000002253434bf40_0;
    %cmpi/s 81, 0, 32;
    %jmp/0xz T_0.3, 5;
    %pushi/vec4 0, 0, 4;
    %ix/getv/s 3, v000002253434bf40_0;
    %ix/load 4, 0, 0; Constant delay
    %assign/vec4/a/d v000002253434b4a0, 0, 4;
    %load/vec4 v000002253434bf40_0;
    %addi 1, 0, 32;
    %store/vec4 v000002253434bf40_0, 0, 32;
    %jmp T_0.2;
T_0.3 ;
    %pushi/vec4 0, 0, 4;
    %assign/vec4 v000002253434c620_0, 0;
    %jmp T_0.1;
T_0.0 ;
    %load/vec4 v000002253434b5e0_0;
    %flag_set/vec4 8;
    %jmp/0xz  T_0.4, 8;
    %load/vec4 v000002253434b720_0;
    %load/vec4 v000002253434bb80_0;
    %pad/u 8;
    %ix/vec4 3;
    %ix/load 4, 0, 0; Constant delay
    %assign/vec4/a/d v000002253434b4a0, 0, 4;
T_0.4 ;
    %load/vec4 v000002253434bb80_0;
    %pad/u 8;
    %ix/vec4 4;
    %load/vec4a v000002253434b4a0, 4;
    %assign/vec4 v000002253434c620_0, 0;
T_0.1 ;
    %jmp T_0;
    .thread T_0;
    .scope S_00000225342bd080;
T_1 ;
    %wait E_00000225342e8290;
    %load/vec4 v000002253434c800_0;
    %pad/u 32;
    %pushi/vec4 9, 0, 32;
    %div;
    %store/vec4 v000002253434bfe0_0, 0, 32;
    %load/vec4 v000002253434c800_0;
    %pad/u 32;
    %pushi/vec4 9, 0, 32;
    %mod;
    %store/vec4 v000002253434c580_0, 0, 32;
    %pushi/vec4 1, 0, 1;
    %store/vec4 v000002253434cbc0_0, 0, 1;
    %pushi/vec4 0, 0, 32;
    %store/vec4 v000002253434b900_0, 0, 32;
T_1.0 ;
    %load/vec4 v000002253434b900_0;
    %cmpi/s 9, 0, 32;
    %jmp/0xz T_1.1, 5;
    %load/vec4 v000002253434bfe0_0;
    %muli 9, 0, 32;
    %load/vec4 v000002253434b900_0;
    %add;
    %store/vec4 v000002253434ba40_0, 0, 32;
    %load/vec4 v000002253434b860_0;
    %load/vec4 v000002253434ba40_0;
    %muli 4, 0, 32;
    %part/s 4;
    %store/vec4 v000002253434b9a0_0, 0, 4;
    %load/vec4 v000002253434b9a0_0;
    %load/vec4 v000002253434c8a0_0;
    %cmp/e;
    %flag_get/vec4 4;
    %jmp/0 T_1.4, 4;
    %load/vec4 v000002253434ba40_0;
    %load/vec4 v000002253434c800_0;
    %pad/u 32;
    %cmp/ne;
    %flag_get/vec4 4;
    %and;
T_1.4;
    %flag_set/vec4 8;
    %jmp/0xz  T_1.2, 8;
    %pushi/vec4 0, 0, 1;
    %store/vec4 v000002253434cbc0_0, 0, 1;
T_1.2 ;
    %load/vec4 v000002253434b900_0;
    %addi 1, 0, 32;
    %store/vec4 v000002253434b900_0, 0, 32;
    %jmp T_1.0;
T_1.1 ;
    %pushi/vec4 0, 0, 32;
    %store/vec4 v000002253434b900_0, 0, 32;
T_1.5 ;
    %load/vec4 v000002253434b900_0;
    %cmpi/s 9, 0, 32;
    %jmp/0xz T_1.6, 5;
    %load/vec4 v000002253434b900_0;
    %muli 9, 0, 32;
    %load/vec4 v000002253434c580_0;
    %add;
    %store/vec4 v000002253434ba40_0, 0, 32;
    %load/vec4 v000002253434b860_0;
    %load/vec4 v000002253434ba40_0;
    %muli 4, 0, 32;
    %part/s 4;
    %store/vec4 v000002253434b9a0_0, 0, 4;
    %load/vec4 v000002253434b9a0_0;
    %load/vec4 v000002253434c8a0_0;
    %cmp/e;
    %flag_get/vec4 4;
    %jmp/0 T_1.9, 4;
    %load/vec4 v000002253434ba40_0;
    %load/vec4 v000002253434c800_0;
    %pad/u 32;
    %cmp/ne;
    %flag_get/vec4 4;
    %and;
T_1.9;
    %flag_set/vec4 8;
    %jmp/0xz  T_1.7, 8;
    %pushi/vec4 0, 0, 1;
    %store/vec4 v000002253434cbc0_0, 0, 1;
T_1.7 ;
    %load/vec4 v000002253434b900_0;
    %addi 1, 0, 32;
    %store/vec4 v000002253434b900_0, 0, 32;
    %jmp T_1.5;
T_1.6 ;
    %load/vec4 v000002253434bfe0_0;
    %pushi/vec4 3, 0, 32;
    %div/s;
    %muli 3, 0, 32;
    %store/vec4 v000002253434be00_0, 0, 32;
    %load/vec4 v000002253434c580_0;
    %pushi/vec4 3, 0, 32;
    %div/s;
    %muli 3, 0, 32;
    %store/vec4 v000002253434b180_0, 0, 32;
    %load/vec4 v000002253434be00_0;
    %store/vec4 v000002253434b900_0, 0, 32;
T_1.10 ;
    %load/vec4 v000002253434b900_0;
    %load/vec4 v000002253434be00_0;
    %addi 3, 0, 32;
    %cmp/s;
    %jmp/0xz T_1.11, 5;
    %load/vec4 v000002253434b180_0;
    %store/vec4 v000002253434bc20_0, 0, 32;
T_1.12 ;
    %load/vec4 v000002253434bc20_0;
    %load/vec4 v000002253434b180_0;
    %addi 3, 0, 32;
    %cmp/s;
    %jmp/0xz T_1.13, 5;
    %load/vec4 v000002253434b900_0;
    %muli 9, 0, 32;
    %load/vec4 v000002253434bc20_0;
    %add;
    %store/vec4 v000002253434ba40_0, 0, 32;
    %load/vec4 v000002253434b860_0;
    %load/vec4 v000002253434ba40_0;
    %muli 4, 0, 32;
    %part/s 4;
    %store/vec4 v000002253434b9a0_0, 0, 4;
    %load/vec4 v000002253434b9a0_0;
    %load/vec4 v000002253434c8a0_0;
    %cmp/e;
    %flag_get/vec4 4;
    %jmp/0 T_1.16, 4;
    %load/vec4 v000002253434ba40_0;
    %load/vec4 v000002253434c800_0;
    %pad/u 32;
    %cmp/ne;
    %flag_get/vec4 4;
    %and;
T_1.16;
    %flag_set/vec4 8;
    %jmp/0xz  T_1.14, 8;
    %pushi/vec4 0, 0, 1;
    %store/vec4 v000002253434cbc0_0, 0, 1;
T_1.14 ;
    %load/vec4 v000002253434bc20_0;
    %addi 1, 0, 32;
    %store/vec4 v000002253434bc20_0, 0, 32;
    %jmp T_1.12;
T_1.13 ;
    %load/vec4 v000002253434b900_0;
    %addi 1, 0, 32;
    %store/vec4 v000002253434b900_0, 0, 32;
    %jmp T_1.10;
T_1.11 ;
    %jmp T_1;
    .thread T_1, $push;
# The file index is used to find the file name in the following table.
:file_names 3;
    "N/A";
    "<interactive>";
    "board_memory.v";
