#! /c/Source/iverilog-install/bin/vvp
:ivl_version "12.0 (devel)" "(s20150603-1539-g2693dd32b)";
:ivl_delay_selection "TYPICAL";
:vpi_time_precision + 0;
:vpi_module "C:\iverilog\lib\ivl\system.vpi";
:vpi_module "C:\iverilog\lib\ivl\vhdl_sys.vpi";
:vpi_module "C:\iverilog\lib\ivl\vhdl_textio.vpi";
:vpi_module "C:\iverilog\lib\ivl\v2005_math.vpi";
:vpi_module "C:\iverilog\lib\ivl\va_math.vpi";
S_00000250c6392df0 .scope module, "constraint_checker" "constraint_checker" 2 1;
 .timescale 0 0;
    .port_info 0 /INPUT 4 "num_to_place";
    .port_info 1 /INPUT 7 "cell_index";
    .port_info 2 /OUTPUT 1 "valid";
    .port_info 3 /INPUT 324 "board_flat";
o00000250c63cbf78 .functor BUFZ 324, C4<zzzzzzzzzzzzzzzzzzzzzzzzzzzzzzzzzzzzzzzzzzzzzzzzzzzzzzzzzzzzzzzzzzzzzzzzzzzzzzzzzzzzzzzzzzzzzzzzzzzzzzzzzzzzzzzzzzzzzzzzzzzzzzzzzzzzzzzzzzzzzzzzzzzzzzzzzzzzzzzzzzzzzzzzzzzzzzzzzzzzzzzzzzzzzzzzzzzzzzzzzzzzzzzzzzzzzzzzzzzzzzzzzzzzzzzzzzzzzzzzzzzzzzzzzzzzzzzzzzzzzzzzzzzzzzzzzzzzzzzzzzzzzzzzzzzzzzzzzzzzzzzzzzzzzzzzzzzzzzzzzzzz>; HiZ drive
v00000250c637bd70_0 .net "board_flat", 323 0, o00000250c63cbf78;  0 drivers
o00000250c63cbfa8 .functor BUFZ 7, C4<zzzzzzz>; HiZ drive
v00000250c6392f80_0 .net "cell_index", 6 0, o00000250c63cbfa8;  0 drivers
v00000250c6393020_0 .var "cell_val", 3 0;
v00000250c63930c0_0 .var/i "col", 31 0;
v00000250c63c44d0_0 .var/i "i", 31 0;
v00000250c63c4570_0 .var/i "index", 31 0;
v00000250c63c4610_0 .var/i "j", 31 0;
o00000250c63cc0c8 .functor BUFZ 4, C4<zzzz>; HiZ drive
v00000250c63c46b0_0 .net "num_to_place", 3 0, o00000250c63cc0c8;  0 drivers
v00000250c63c4750_0 .var/i "row", 31 0;
v00000250c63c47f0_0 .var/i "start_col", 31 0;
v00000250c63c4890_0 .var/i "start_row", 31 0;
v00000250c63c4930_0 .var "valid", 0 0;
E_00000250c63b5bb0/0 .event anyedge, v00000250c6392f80_0, v00000250c63c4750_0, v00000250c63c4570_0, v00000250c637bd70_0;
E_00000250c63b5bb0/1 .event anyedge, v00000250c6393020_0, v00000250c63c46b0_0, v00000250c63930c0_0, v00000250c63c4890_0;
E_00000250c63b5bb0/2 .event anyedge, v00000250c63c47f0_0;
E_00000250c63b5bb0 .event/or E_00000250c63b5bb0/0, E_00000250c63b5bb0/1, E_00000250c63b5bb0/2;
    .scope S_00000250c6392df0;
T_0 ;
    %wait E_00000250c63b5bb0;
    %load/vec4 v00000250c6392f80_0;
    %pad/u 32;
    %pushi/vec4 9, 0, 32;
    %div;
    %store/vec4 v00000250c63c4750_0, 0, 32;
    %load/vec4 v00000250c6392f80_0;
    %pad/u 32;
    %pushi/vec4 9, 0, 32;
    %mod;
    %store/vec4 v00000250c63930c0_0, 0, 32;
    %pushi/vec4 1, 0, 1;
    %store/vec4 v00000250c63c4930_0, 0, 1;
    %pushi/vec4 0, 0, 32;
    %store/vec4 v00000250c63c44d0_0, 0, 32;
T_0.0 ;
    %load/vec4 v00000250c63c44d0_0;
    %cmpi/s 9, 0, 32;
    %jmp/0xz T_0.1, 5;
    %load/vec4 v00000250c63c4750_0;
    %muli 9, 0, 32;
    %load/vec4 v00000250c63c44d0_0;
    %add;
    %store/vec4 v00000250c63c4570_0, 0, 32;
    %load/vec4 v00000250c637bd70_0;
    %load/vec4 v00000250c63c4570_0;
    %muli 4, 0, 32;
    %part/s 4;
    %store/vec4 v00000250c6393020_0, 0, 4;
    %load/vec4 v00000250c6393020_0;
    %load/vec4 v00000250c63c46b0_0;
    %cmp/e;
    %flag_get/vec4 4;
    %jmp/0 T_0.4, 4;
    %load/vec4 v00000250c63c4570_0;
    %load/vec4 v00000250c6392f80_0;
    %pad/u 32;
    %cmp/ne;
    %flag_get/vec4 4;
    %and;
T_0.4;
    %flag_set/vec4 8;
    %jmp/0xz  T_0.2, 8;
    %pushi/vec4 0, 0, 1;
    %store/vec4 v00000250c63c4930_0, 0, 1;
T_0.2 ;
    %load/vec4 v00000250c63c44d0_0;
    %addi 1, 0, 32;
    %store/vec4 v00000250c63c44d0_0, 0, 32;
    %jmp T_0.0;
T_0.1 ;
    %pushi/vec4 0, 0, 32;
    %store/vec4 v00000250c63c44d0_0, 0, 32;
T_0.5 ;
    %load/vec4 v00000250c63c44d0_0;
    %cmpi/s 9, 0, 32;
    %jmp/0xz T_0.6, 5;
    %load/vec4 v00000250c63c44d0_0;
    %muli 9, 0, 32;
    %load/vec4 v00000250c63930c0_0;
    %add;
    %store/vec4 v00000250c63c4570_0, 0, 32;
    %load/vec4 v00000250c637bd70_0;
    %load/vec4 v00000250c63c4570_0;
    %muli 4, 0, 32;
    %part/s 4;
    %store/vec4 v00000250c6393020_0, 0, 4;
    %load/vec4 v00000250c6393020_0;
    %load/vec4 v00000250c63c46b0_0;
    %cmp/e;
    %flag_get/vec4 4;
    %jmp/0 T_0.9, 4;
    %load/vec4 v00000250c63c4570_0;
    %load/vec4 v00000250c6392f80_0;
    %pad/u 32;
    %cmp/ne;
    %flag_get/vec4 4;
    %and;
T_0.9;
    %flag_set/vec4 8;
    %jmp/0xz  T_0.7, 8;
    %pushi/vec4 0, 0, 1;
    %store/vec4 v00000250c63c4930_0, 0, 1;
T_0.7 ;
    %load/vec4 v00000250c63c44d0_0;
    %addi 1, 0, 32;
    %store/vec4 v00000250c63c44d0_0, 0, 32;
    %jmp T_0.5;
T_0.6 ;
    %load/vec4 v00000250c63c4750_0;
    %pushi/vec4 3, 0, 32;
    %div/s;
    %muli 3, 0, 32;
    %store/vec4 v00000250c63c4890_0, 0, 32;
    %load/vec4 v00000250c63930c0_0;
    %pushi/vec4 3, 0, 32;
    %div/s;
    %muli 3, 0, 32;
    %store/vec4 v00000250c63c47f0_0, 0, 32;
    %load/vec4 v00000250c63c4890_0;
    %store/vec4 v00000250c63c44d0_0, 0, 32;
T_0.10 ;
    %load/vec4 v00000250c63c44d0_0;
    %load/vec4 v00000250c63c4890_0;
    %addi 3, 0, 32;
    %cmp/s;
    %jmp/0xz T_0.11, 5;
    %load/vec4 v00000250c63c47f0_0;
    %store/vec4 v00000250c63c4610_0, 0, 32;
T_0.12 ;
    %load/vec4 v00000250c63c4610_0;
    %load/vec4 v00000250c63c47f0_0;
    %addi 3, 0, 32;
    %cmp/s;
    %jmp/0xz T_0.13, 5;
    %load/vec4 v00000250c63c44d0_0;
    %muli 9, 0, 32;
    %load/vec4 v00000250c63c4610_0;
    %add;
    %store/vec4 v00000250c63c4570_0, 0, 32;
    %load/vec4 v00000250c637bd70_0;
    %load/vec4 v00000250c63c4570_0;
    %muli 4, 0, 32;
    %part/s 4;
    %store/vec4 v00000250c6393020_0, 0, 4;
    %load/vec4 v00000250c6393020_0;
    %load/vec4 v00000250c63c46b0_0;
    %cmp/e;
    %flag_get/vec4 4;
    %jmp/0 T_0.16, 4;
    %load/vec4 v00000250c63c4570_0;
    %load/vec4 v00000250c6392f80_0;
    %pad/u 32;
    %cmp/ne;
    %flag_get/vec4 4;
    %and;
T_0.16;
    %flag_set/vec4 8;
    %jmp/0xz  T_0.14, 8;
    %pushi/vec4 0, 0, 1;
    %store/vec4 v00000250c63c4930_0, 0, 1;
T_0.14 ;
    %load/vec4 v00000250c63c4610_0;
    %addi 1, 0, 32;
    %store/vec4 v00000250c63c4610_0, 0, 32;
    %jmp T_0.12;
T_0.13 ;
    %load/vec4 v00000250c63c44d0_0;
    %addi 1, 0, 32;
    %store/vec4 v00000250c63c44d0_0, 0, 32;
    %jmp T_0.10;
T_0.11 ;
    %jmp T_0;
    .thread T_0, $push;
# The file index is used to find the file name in the following table.
:file_names 3;
    "N/A";
    "<interactive>";
    "constraint_checker.v";
