#! /c/Source/iverilog-install/bin/vvp
:ivl_version "12.0 (devel)" "(s20150603-1539-g2693dd32b)";
:ivl_delay_selection "TYPICAL";
:vpi_time_precision + 0;
:vpi_module "C:\iverilog\lib\ivl\system.vpi";
:vpi_module "C:\iverilog\lib\ivl\vhdl_sys.vpi";
:vpi_module "C:\iverilog\lib\ivl\vhdl_textio.vpi";
:vpi_module "C:\iverilog\lib\ivl\v2005_math.vpi";
:vpi_module "C:\iverilog\lib\ivl\va_math.vpi";
S_00000228d352eb00 .scope module, "sudoku_controller" "sudoku_controller" 2 1;
 .timescale 0 0;
    .port_info 0 /INPUT 1 "clk";
    .port_info 1 /INPUT 1 "rst";
    .port_info 2 /INPUT 1 "start";
    .port_info 3 /INPUT 1 "valid_from_checker";
    .port_info 4 /INPUT 4 "data_out_mem";
    .port_info 5 /OUTPUT 1 "read_en";
    .port_info 6 /OUTPUT 1 "write_en";
    .port_info 7 /OUTPUT 1 "done";
    .port_info 8 /OUTPUT 1 "unsolvable";
    .port_info 9 /OUTPUT 7 "cell_index";
    .port_info 10 /OUTPUT 7 "cell_index_to_checker";
    .port_info 11 /OUTPUT 4 "data_in_mem";
    .port_info 12 /OUTPUT 4 "num_to_checker";
P_00000228d352d6e0 .param/l "BACKTRACK_CLEAR" 0 2 28, C4<1000>;
P_00000228d352d718 .param/l "BACKTRACK_PREP" 0 2 27, C4<0111>;
P_00000228d352d750 .param/l "BACKTRACK_RESTORE" 0 2 29, C4<1001>;
P_00000228d352d788 .param/l "CHECK_CELL" 0 2 22, C4<0010>;
P_00000228d352d7c0 .param/l "DONE_STATE" 0 2 30, C4<1010>;
P_00000228d352d7f8 .param/l "IDLE" 0 2 20, C4<0000>;
P_00000228d352d830 .param/l "NEXT_CELL" 0 2 26, C4<0110>;
P_00000228d352d868 .param/l "PLACE_NUMBER" 0 2 25, C4<0101>;
P_00000228d352d8a0 .param/l "READ_CELL" 0 2 21, C4<0001>;
P_00000228d352d8d8 .param/l "TRY_NUMBER" 0 2 23, C4<0011>;
P_00000228d352d910 .param/l "UNSOLVABLE_STATE" 0 2 31, C4<1011>;
P_00000228d352d948 .param/l "VALIDATE" 0 2 24, C4<0100>;
v00000228d369b4f0 .array "backtrack_stack", 80 0, 6 0;
v00000228d3503340_0 .var "cell_index", 6 0;
v00000228d352cdd0_0 .var "cell_index_to_checker", 6 0;
o00000228d3551ef8 .functor BUFZ 1, C4<z>; HiZ drive
v00000228d352d990_0 .net "clk", 0 0, o00000228d3551ef8;  0 drivers
v00000228d352da30_0 .var "data_in_mem", 3 0;
o00000228d3551f58 .functor BUFZ 4, C4<zzzz>; HiZ drive
v00000228d3502fd0_0 .net "data_out_mem", 3 0, o00000228d3551f58;  0 drivers
v00000228d3503070_0 .var "done", 0 0;
v00000228d352ec90_0 .var "next_cell_index", 6 0;
v00000228d352ed30_0 .var "next_cell_index_to_checker", 6 0;
v00000228d352edd0_0 .var "next_data_in_mem", 3 0;
v00000228d352ee70_0 .var "next_done", 0 0;
v00000228d35341a0_0 .var "next_num_to_checker", 3 0;
v00000228d3534240_0 .var "next_read_en", 0 0;
v00000228d35342e0_0 .var "next_sp", 6 0;
v00000228d3534380_0 .var "next_state", 3 0;
v00000228d359e800_0 .var "next_try_num", 3 0;
v00000228d359e120_0 .var "next_unsolvable", 0 0;
v00000228d359e080_0 .var "next_write_en", 0 0;
v00000228d359e1c0_0 .var "num_to_checker", 3 0;
v00000228d359e940_0 .var "read_en", 0 0;
o00000228d3552228 .functor BUFZ 1, C4<z>; HiZ drive
v00000228d359e8a0_0 .net "rst", 0 0, o00000228d3552228;  0 drivers
v00000228d359e760_0 .var "sp", 6 0;
o00000228d3552288 .functor BUFZ 1, C4<z>; HiZ drive
v00000228d359e260_0 .net "start", 0 0, o00000228d3552288;  0 drivers
v00000228d359e9e0_0 .var "state", 3 0;
v00000228d359e440_0 .var "try_num", 3 0;
v00000228d359e580_0 .var "unsolvable", 0 0;
o00000228d3552348 .functor BUFZ 1, C4<z>; HiZ drive
v00000228d359e3a0_0 .net "valid_from_checker", 0 0, o00000228d3552348;  0 drivers
v00000228d359e4e0_0 .var "write_en", 0 0;
E_00000228d369bff0 .event posedge, v00000228d352d990_0;
E_00000228d369ccb0/0 .event anyedge, v00000228d359e9e0_0, v00000228d3503340_0, v00000228d359e440_0, v00000228d359e760_0;
E_00000228d369ccb0/1 .event anyedge, v00000228d3503070_0, v00000228d359e580_0, v00000228d352cdd0_0, v00000228d352da30_0;
E_00000228d369ccb0/2 .event anyedge, v00000228d359e1c0_0, v00000228d359e260_0, v00000228d3502fd0_0, v00000228d359e3a0_0;
v00000228d369b4f0_0 .array/port v00000228d369b4f0, 0;
v00000228d369b4f0_1 .array/port v00000228d369b4f0, 1;
v00000228d369b4f0_2 .array/port v00000228d369b4f0, 2;
v00000228d369b4f0_3 .array/port v00000228d369b4f0, 3;
E_00000228d369ccb0/3 .event anyedge, v00000228d369b4f0_0, v00000228d369b4f0_1, v00000228d369b4f0_2, v00000228d369b4f0_3;
v00000228d369b4f0_4 .array/port v00000228d369b4f0, 4;
v00000228d369b4f0_5 .array/port v00000228d369b4f0, 5;
v00000228d369b4f0_6 .array/port v00000228d369b4f0, 6;
v00000228d369b4f0_7 .array/port v00000228d369b4f0, 7;
E_00000228d369ccb0/4 .event anyedge, v00000228d369b4f0_4, v00000228d369b4f0_5, v00000228d369b4f0_6, v00000228d369b4f0_7;
v00000228d369b4f0_8 .array/port v00000228d369b4f0, 8;
v00000228d369b4f0_9 .array/port v00000228d369b4f0, 9;
v00000228d369b4f0_10 .array/port v00000228d369b4f0, 10;
v00000228d369b4f0_11 .array/port v00000228d369b4f0, 11;
E_00000228d369ccb0/5 .event anyedge, v00000228d369b4f0_8, v00000228d369b4f0_9, v00000228d369b4f0_10, v00000228d369b4f0_11;
v00000228d369b4f0_12 .array/port v00000228d369b4f0, 12;
v00000228d369b4f0_13 .array/port v00000228d369b4f0, 13;
v00000228d369b4f0_14 .array/port v00000228d369b4f0, 14;
v00000228d369b4f0_15 .array/port v00000228d369b4f0, 15;
E_00000228d369ccb0/6 .event anyedge, v00000228d369b4f0_12, v00000228d369b4f0_13, v00000228d369b4f0_14, v00000228d369b4f0_15;
v00000228d369b4f0_16 .array/port v00000228d369b4f0, 16;
v00000228d369b4f0_17 .array/port v00000228d369b4f0, 17;
v00000228d369b4f0_18 .array/port v00000228d369b4f0, 18;
v00000228d369b4f0_19 .array/port v00000228d369b4f0, 19;
E_00000228d369ccb0/7 .event anyedge, v00000228d369b4f0_16, v00000228d369b4f0_17, v00000228d369b4f0_18, v00000228d369b4f0_19;
v00000228d369b4f0_20 .array/port v00000228d369b4f0, 20;
v00000228d369b4f0_21 .array/port v00000228d369b4f0, 21;
v00000228d369b4f0_22 .array/port v00000228d369b4f0, 22;
v00000228d369b4f0_23 .array/port v00000228d369b4f0, 23;
E_00000228d369ccb0/8 .event anyedge, v00000228d369b4f0_20, v00000228d369b4f0_21, v00000228d369b4f0_22, v00000228d369b4f0_23;
v00000228d369b4f0_24 .array/port v00000228d369b4f0, 24;
v00000228d369b4f0_25 .array/port v00000228d369b4f0, 25;
v00000228d369b4f0_26 .array/port v00000228d369b4f0, 26;
v00000228d369b4f0_27 .array/port v00000228d369b4f0, 27;
E_00000228d369ccb0/9 .event anyedge, v00000228d369b4f0_24, v00000228d369b4f0_25, v00000228d369b4f0_26, v00000228d369b4f0_27;
v00000228d369b4f0_28 .array/port v00000228d369b4f0, 28;
v00000228d369b4f0_29 .array/port v00000228d369b4f0, 29;
v00000228d369b4f0_30 .array/port v00000228d369b4f0, 30;
v00000228d369b4f0_31 .array/port v00000228d369b4f0, 31;
E_00000228d369ccb0/10 .event anyedge, v00000228d369b4f0_28, v00000228d369b4f0_29, v00000228d369b4f0_30, v00000228d369b4f0_31;
v00000228d369b4f0_32 .array/port v00000228d369b4f0, 32;
v00000228d369b4f0_33 .array/port v00000228d369b4f0, 33;
v00000228d369b4f0_34 .array/port v00000228d369b4f0, 34;
v00000228d369b4f0_35 .array/port v00000228d369b4f0, 35;
E_00000228d369ccb0/11 .event anyedge, v00000228d369b4f0_32, v00000228d369b4f0_33, v00000228d369b4f0_34, v00000228d369b4f0_35;
v00000228d369b4f0_36 .array/port v00000228d369b4f0, 36;
v00000228d369b4f0_37 .array/port v00000228d369b4f0, 37;
v00000228d369b4f0_38 .array/port v00000228d369b4f0, 38;
v00000228d369b4f0_39 .array/port v00000228d369b4f0, 39;
E_00000228d369ccb0/12 .event anyedge, v00000228d369b4f0_36, v00000228d369b4f0_37, v00000228d369b4f0_38, v00000228d369b4f0_39;
v00000228d369b4f0_40 .array/port v00000228d369b4f0, 40;
v00000228d369b4f0_41 .array/port v00000228d369b4f0, 41;
v00000228d369b4f0_42 .array/port v00000228d369b4f0, 42;
v00000228d369b4f0_43 .array/port v00000228d369b4f0, 43;
E_00000228d369ccb0/13 .event anyedge, v00000228d369b4f0_40, v00000228d369b4f0_41, v00000228d369b4f0_42, v00000228d369b4f0_43;
v00000228d369b4f0_44 .array/port v00000228d369b4f0, 44;
v00000228d369b4f0_45 .array/port v00000228d369b4f0, 45;
v00000228d369b4f0_46 .array/port v00000228d369b4f0, 46;
v00000228d369b4f0_47 .array/port v00000228d369b4f0, 47;
E_00000228d369ccb0/14 .event anyedge, v00000228d369b4f0_44, v00000228d369b4f0_45, v00000228d369b4f0_46, v00000228d369b4f0_47;
v00000228d369b4f0_48 .array/port v00000228d369b4f0, 48;
v00000228d369b4f0_49 .array/port v00000228d369b4f0, 49;
v00000228d369b4f0_50 .array/port v00000228d369b4f0, 50;
v00000228d369b4f0_51 .array/port v00000228d369b4f0, 51;
E_00000228d369ccb0/15 .event anyedge, v00000228d369b4f0_48, v00000228d369b4f0_49, v00000228d369b4f0_50, v00000228d369b4f0_51;
v00000228d369b4f0_52 .array/port v00000228d369b4f0, 52;
v00000228d369b4f0_53 .array/port v00000228d369b4f0, 53;
v00000228d369b4f0_54 .array/port v00000228d369b4f0, 54;
v00000228d369b4f0_55 .array/port v00000228d369b4f0, 55;
E_00000228d369ccb0/16 .event anyedge, v00000228d369b4f0_52, v00000228d369b4f0_53, v00000228d369b4f0_54, v00000228d369b4f0_55;
v00000228d369b4f0_56 .array/port v00000228d369b4f0, 56;
v00000228d369b4f0_57 .array/port v00000228d369b4f0, 57;
v00000228d369b4f0_58 .array/port v00000228d369b4f0, 58;
v00000228d369b4f0_59 .array/port v00000228d369b4f0, 59;
E_00000228d369ccb0/17 .event anyedge, v00000228d369b4f0_56, v00000228d369b4f0_57, v00000228d369b4f0_58, v00000228d369b4f0_59;
v00000228d369b4f0_60 .array/port v00000228d369b4f0, 60;
v00000228d369b4f0_61 .array/port v00000228d369b4f0, 61;
v00000228d369b4f0_62 .array/port v00000228d369b4f0, 62;
v00000228d369b4f0_63 .array/port v00000228d369b4f0, 63;
E_00000228d369ccb0/18 .event anyedge, v00000228d369b4f0_60, v00000228d369b4f0_61, v00000228d369b4f0_62, v00000228d369b4f0_63;
v00000228d369b4f0_64 .array/port v00000228d369b4f0, 64;
v00000228d369b4f0_65 .array/port v00000228d369b4f0, 65;
v00000228d369b4f0_66 .array/port v00000228d369b4f0, 66;
v00000228d369b4f0_67 .array/port v00000228d369b4f0, 67;
E_00000228d369ccb0/19 .event anyedge, v00000228d369b4f0_64, v00000228d369b4f0_65, v00000228d369b4f0_66, v00000228d369b4f0_67;
v00000228d369b4f0_68 .array/port v00000228d369b4f0, 68;
v00000228d369b4f0_69 .array/port v00000228d369b4f0, 69;
v00000228d369b4f0_70 .array/port v00000228d369b4f0, 70;
v00000228d369b4f0_71 .array/port v00000228d369b4f0, 71;
E_00000228d369ccb0/20 .event anyedge, v00000228d369b4f0_68, v00000228d369b4f0_69, v00000228d369b4f0_70, v00000228d369b4f0_71;
v00000228d369b4f0_72 .array/port v00000228d369b4f0, 72;
v00000228d369b4f0_73 .array/port v00000228d369b4f0, 73;
v00000228d369b4f0_74 .array/port v00000228d369b4f0, 74;
v00000228d369b4f0_75 .array/port v00000228d369b4f0, 75;
E_00000228d369ccb0/21 .event anyedge, v00000228d369b4f0_72, v00000228d369b4f0_73, v00000228d369b4f0_74, v00000228d369b4f0_75;
v00000228d369b4f0_76 .array/port v00000228d369b4f0, 76;
v00000228d369b4f0_77 .array/port v00000228d369b4f0, 77;
v00000228d369b4f0_78 .array/port v00000228d369b4f0, 78;
v00000228d369b4f0_79 .array/port v00000228d369b4f0, 79;
E_00000228d369ccb0/22 .event anyedge, v00000228d369b4f0_76, v00000228d369b4f0_77, v00000228d369b4f0_78, v00000228d369b4f0_79;
v00000228d369b4f0_80 .array/port v00000228d369b4f0, 80;
E_00000228d369ccb0/23 .event anyedge, v00000228d369b4f0_80;
E_00000228d369ccb0 .event/or E_00000228d369ccb0/0, E_00000228d369ccb0/1, E_00000228d369ccb0/2, E_00000228d369ccb0/3, E_00000228d369ccb0/4, E_00000228d369ccb0/5, E_00000228d369ccb0/6, E_00000228d369ccb0/7, E_00000228d369ccb0/8, E_00000228d369ccb0/9, E_00000228d369ccb0/10, E_00000228d369ccb0/11, E_00000228d369ccb0/12, E_00000228d369ccb0/13, E_00000228d369ccb0/14, E_00000228d369ccb0/15, E_00000228d369ccb0/16, E_00000228d369ccb0/17, E_00000228d369ccb0/18, E_00000228d369ccb0/19, E_00000228d369ccb0/20, E_00000228d369ccb0/21, E_00000228d369ccb0/22, E_00000228d369ccb0/23;
    .scope S_00000228d352eb00;
T_0 ;
    %wait E_00000228d369bff0;
    %load/vec4 v00000228d359e8a0_0;
    %flag_set/vec4 8;
    %jmp/0xz  T_0.0, 8;
    %pushi/vec4 0, 0, 4;
    %assign/vec4 v00000228d359e9e0_0, 0;
    %pushi/vec4 0, 0, 7;
    %assign/vec4 v00000228d3503340_0, 0;
    %pushi/vec4 1, 0, 4;
    %assign/vec4 v00000228d359e440_0, 0;
    %pushi/vec4 0, 0, 7;
    %assign/vec4 v00000228d359e760_0, 0;
    %pushi/vec4 0, 0, 1;
    %assign/vec4 v00000228d359e940_0, 0;
    %pushi/vec4 0, 0, 1;
    %assign/vec4 v00000228d359e4e0_0, 0;
    %pushi/vec4 0, 0, 1;
    %assign/vec4 v00000228d3503070_0, 0;
    %pushi/vec4 0, 0, 1;
    %assign/vec4 v00000228d359e580_0, 0;
    %pushi/vec4 0, 0, 7;
    %assign/vec4 v00000228d352cdd0_0, 0;
    %pushi/vec4 0, 0, 4;
    %assign/vec4 v00000228d352da30_0, 0;
    %pushi/vec4 1, 0, 4;
    %assign/vec4 v00000228d359e1c0_0, 0;
    %jmp T_0.1;
T_0.0 ;
    %load/vec4 v00000228d3534380_0;
    %assign/vec4 v00000228d359e9e0_0, 0;
    %load/vec4 v00000228d352ec90_0;
    %assign/vec4 v00000228d3503340_0, 0;
    %load/vec4 v00000228d359e800_0;
    %assign/vec4 v00000228d359e440_0, 0;
    %load/vec4 v00000228d35342e0_0;
    %assign/vec4 v00000228d359e760_0, 0;
    %load/vec4 v00000228d3534240_0;
    %assign/vec4 v00000228d359e940_0, 0;
    %load/vec4 v00000228d359e080_0;
    %assign/vec4 v00000228d359e4e0_0, 0;
    %load/vec4 v00000228d352ee70_0;
    %assign/vec4 v00000228d3503070_0, 0;
    %load/vec4 v00000228d359e120_0;
    %assign/vec4 v00000228d359e580_0, 0;
    %load/vec4 v00000228d352ed30_0;
    %assign/vec4 v00000228d352cdd0_0, 0;
    %load/vec4 v00000228d352edd0_0;
    %assign/vec4 v00000228d352da30_0, 0;
    %load/vec4 v00000228d35341a0_0;
    %assign/vec4 v00000228d359e1c0_0, 0;
T_0.1 ;
    %jmp T_0;
    .thread T_0;
    .scope S_00000228d352eb00;
T_1 ;
    %wait E_00000228d369ccb0;
    %load/vec4 v00000228d359e9e0_0;
    %store/vec4 v00000228d3534380_0, 0, 4;
    %load/vec4 v00000228d3503340_0;
    %store/vec4 v00000228d352ec90_0, 0, 7;
    %load/vec4 v00000228d359e440_0;
    %store/vec4 v00000228d359e800_0, 0, 4;
    %load/vec4 v00000228d359e760_0;
    %store/vec4 v00000228d35342e0_0, 0, 7;
    %pushi/vec4 0, 0, 1;
    %store/vec4 v00000228d3534240_0, 0, 1;
    %pushi/vec4 0, 0, 1;
    %store/vec4 v00000228d359e080_0, 0, 1;
    %load/vec4 v00000228d3503070_0;
    %store/vec4 v00000228d352ee70_0, 0, 1;
    %load/vec4 v00000228d359e580_0;
    %store/vec4 v00000228d359e120_0, 0, 1;
    %load/vec4 v00000228d352cdd0_0;
    %store/vec4 v00000228d352ed30_0, 0, 7;
    %load/vec4 v00000228d352da30_0;
    %store/vec4 v00000228d352edd0_0, 0, 4;
    %load/vec4 v00000228d359e1c0_0;
    %store/vec4 v00000228d35341a0_0, 0, 4;
    %load/vec4 v00000228d359e9e0_0;
    %dup/vec4;
    %pushi/vec4 0, 0, 4;
    %cmp/u;
    %jmp/1 T_1.0, 6;
    %dup/vec4;
    %pushi/vec4 1, 0, 4;
    %cmp/u;
    %jmp/1 T_1.1, 6;
    %dup/vec4;
    %pushi/vec4 2, 0, 4;
    %cmp/u;
    %jmp/1 T_1.2, 6;
    %dup/vec4;
    %pushi/vec4 3, 0, 4;
    %cmp/u;
    %jmp/1 T_1.3, 6;
    %dup/vec4;
    %pushi/vec4 4, 0, 4;
    %cmp/u;
    %jmp/1 T_1.4, 6;
    %dup/vec4;
    %pushi/vec4 5, 0, 4;
    %cmp/u;
    %jmp/1 T_1.5, 6;
    %dup/vec4;
    %pushi/vec4 6, 0, 4;
    %cmp/u;
    %jmp/1 T_1.6, 6;
    %dup/vec4;
    %pushi/vec4 7, 0, 4;
    %cmp/u;
    %jmp/1 T_1.7, 6;
    %dup/vec4;
    %pushi/vec4 8, 0, 4;
    %cmp/u;
    %jmp/1 T_1.8, 6;
    %dup/vec4;
    %pushi/vec4 9, 0, 4;
    %cmp/u;
    %jmp/1 T_1.9, 6;
    %dup/vec4;
    %pushi/vec4 10, 0, 4;
    %cmp/u;
    %jmp/1 T_1.10, 6;
    %dup/vec4;
    %pushi/vec4 11, 0, 4;
    %cmp/u;
    %jmp/1 T_1.11, 6;
    %jmp T_1.12;
T_1.0 ;
    %load/vec4 v00000228d359e260_0;
    %flag_set/vec4 8;
    %jmp/0xz  T_1.13, 8;
    %pushi/vec4 1, 0, 4;
    %store/vec4 v00000228d3534380_0, 0, 4;
    %pushi/vec4 0, 0, 7;
    %store/vec4 v00000228d352ec90_0, 0, 7;
    %pushi/vec4 1, 0, 4;
    %store/vec4 v00000228d359e800_0, 0, 4;
    %pushi/vec4 0, 0, 7;
    %store/vec4 v00000228d35342e0_0, 0, 7;
    %pushi/vec4 0, 0, 1;
    %store/vec4 v00000228d352ee70_0, 0, 1;
    %pushi/vec4 0, 0, 1;
    %store/vec4 v00000228d359e120_0, 0, 1;
T_1.13 ;
    %jmp T_1.12;
T_1.1 ;
    %pushi/vec4 1, 0, 1;
    %store/vec4 v00000228d3534240_0, 0, 1;
    %pushi/vec4 2, 0, 4;
    %store/vec4 v00000228d3534380_0, 0, 4;
    %jmp T_1.12;
T_1.2 ;
    %load/vec4 v00000228d3503340_0;
    %pad/u 32;
    %cmpi/u 81, 0, 32;
    %flag_inv 5; GE is !LT
    %jmp/0xz  T_1.15, 5;
    %pushi/vec4 10, 0, 4;
    %store/vec4 v00000228d3534380_0, 0, 4;
    %pushi/vec4 1, 0, 1;
    %store/vec4 v00000228d352ee70_0, 0, 1;
    %jmp T_1.16;
T_1.15 ;
    %load/vec4 v00000228d3502fd0_0;
    %pad/u 32;
    %cmpi/ne 0, 0, 32;
    %jmp/0xz  T_1.17, 4;
    %pushi/vec4 6, 0, 4;
    %store/vec4 v00000228d3534380_0, 0, 4;
    %jmp T_1.18;
T_1.17 ;
    %pushi/vec4 3, 0, 4;
    %store/vec4 v00000228d3534380_0, 0, 4;
    %pushi/vec4 1, 0, 4;
    %store/vec4 v00000228d359e800_0, 0, 4;
T_1.18 ;
T_1.16 ;
    %jmp T_1.12;
T_1.3 ;
    %load/vec4 v00000228d359e440_0;
    %pad/u 32;
    %cmpi/u 9, 0, 32;
    %flag_or 5, 4; GT is !LE
    %flag_inv 5;
    %jmp/0xz  T_1.19, 5;
    %pushi/vec4 7, 0, 4;
    %store/vec4 v00000228d3534380_0, 0, 4;
    %jmp T_1.20;
T_1.19 ;
    %pushi/vec4 4, 0, 4;
    %store/vec4 v00000228d3534380_0, 0, 4;
    %load/vec4 v00000228d3503340_0;
    %store/vec4 v00000228d352ed30_0, 0, 7;
    %load/vec4 v00000228d359e440_0;
    %store/vec4 v00000228d35341a0_0, 0, 4;
T_1.20 ;
    %jmp T_1.12;
T_1.4 ;
    %load/vec4 v00000228d359e3a0_0;
    %flag_set/vec4 8;
    %jmp/0xz  T_1.21, 8;
    %pushi/vec4 5, 0, 4;
    %store/vec4 v00000228d3534380_0, 0, 4;
    %load/vec4 v00000228d359e440_0;
    %store/vec4 v00000228d352edd0_0, 0, 4;
    %jmp T_1.22;
T_1.21 ;
    %load/vec4 v00000228d359e440_0;
    %addi 1, 0, 4;
    %store/vec4 v00000228d359e800_0, 0, 4;
    %pushi/vec4 3, 0, 4;
    %store/vec4 v00000228d3534380_0, 0, 4;
T_1.22 ;
    %jmp T_1.12;
T_1.5 ;
    %pushi/vec4 1, 0, 1;
    %store/vec4 v00000228d359e080_0, 0, 1;
    %load/vec4 v00000228d359e760_0;
    %addi 1, 0, 7;
    %store/vec4 v00000228d35342e0_0, 0, 7;
    %pushi/vec4 6, 0, 4;
    %store/vec4 v00000228d3534380_0, 0, 4;
    %jmp T_1.12;
T_1.6 ;
    %load/vec4 v00000228d3503340_0;
    %addi 1, 0, 7;
    %store/vec4 v00000228d352ec90_0, 0, 7;
    %pushi/vec4 1, 0, 4;
    %store/vec4 v00000228d359e800_0, 0, 4;
    %pushi/vec4 1, 0, 4;
    %store/vec4 v00000228d3534380_0, 0, 4;
    %jmp T_1.12;
T_1.7 ;
    %load/vec4 v00000228d359e760_0;
    %pad/u 32;
    %cmpi/e 0, 0, 32;
    %jmp/0xz  T_1.23, 4;
    %pushi/vec4 11, 0, 4;
    %store/vec4 v00000228d3534380_0, 0, 4;
    %pushi/vec4 1, 0, 1;
    %store/vec4 v00000228d359e120_0, 0, 1;
    %jmp T_1.24;
T_1.23 ;
    %load/vec4 v00000228d359e760_0;
    %subi 1, 0, 7;
    %store/vec4 v00000228d35342e0_0, 0, 7;
    %load/vec4 v00000228d359e760_0;
    %pad/u 32;
    %subi 1, 0, 32;
    %ix/vec4 4;
    %load/vec4a v00000228d369b4f0, 4;
    %store/vec4 v00000228d352ec90_0, 0, 7;
    %pushi/vec4 8, 0, 4;
    %store/vec4 v00000228d3534380_0, 0, 4;
T_1.24 ;
    %jmp T_1.12;
T_1.8 ;
    %pushi/vec4 1, 0, 1;
    %store/vec4 v00000228d359e080_0, 0, 1;
    %pushi/vec4 0, 0, 4;
    %store/vec4 v00000228d352edd0_0, 0, 4;
    %pushi/vec4 9, 0, 4;
    %store/vec4 v00000228d3534380_0, 0, 4;
    %jmp T_1.12;
T_1.9 ;
    %pushi/vec4 1, 0, 1;
    %store/vec4 v00000228d3534240_0, 0, 1;
    %pushi/vec4 3, 0, 4;
    %store/vec4 v00000228d3534380_0, 0, 4;
    %load/vec4 v00000228d3502fd0_0;
    %addi 1, 0, 4;
    %store/vec4 v00000228d359e800_0, 0, 4;
    %jmp T_1.12;
T_1.10 ;
    %pushi/vec4 1, 0, 1;
    %store/vec4 v00000228d352ee70_0, 0, 1;
    %jmp T_1.12;
T_1.11 ;
    %pushi/vec4 1, 0, 1;
    %store/vec4 v00000228d359e120_0, 0, 1;
    %jmp T_1.12;
T_1.12 ;
    %pop/vec4 1;
    %jmp T_1;
    .thread T_1, $push;
    .scope S_00000228d352eb00;
T_2 ;
    %wait E_00000228d369bff0;
    %load/vec4 v00000228d359e8a0_0;
    %flag_set/vec4 8;
    %jmp/0xz  T_2.0, 8;
    %jmp T_2.1;
T_2.0 ;
    %load/vec4 v00000228d359e9e0_0;
    %cmpi/e 5, 0, 4;
    %jmp/0xz  T_2.2, 4;
    %load/vec4 v00000228d3503340_0;
    %load/vec4 v00000228d359e760_0;
    %pad/u 8;
    %ix/vec4 3;
    %ix/load 4, 0, 0; Constant delay
    %assign/vec4/a/d v00000228d369b4f0, 0, 4;
T_2.2 ;
T_2.1 ;
    %jmp T_2;
    .thread T_2;
# The file index is used to find the file name in the following table.
:file_names 3;
    "N/A";
    "<interactive>";
    "sudoku_controller.v";
