#! /c/Source/iverilog-install/bin/vvp
:ivl_version "12.0 (devel)" "(s20150603-1539-g2693dd32b)";
:ivl_delay_selection "TYPICAL";
:vpi_time_precision - 12;
:vpi_module "C:\iverilog\lib\ivl\system.vpi";
:vpi_module "C:\iverilog\lib\ivl\vhdl_sys.vpi";
:vpi_module "C:\iverilog\lib\ivl\vhdl_textio.vpi";
:vpi_module "C:\iverilog\lib\ivl\v2005_math.vpi";
:vpi_module "C:\iverilog\lib\ivl\va_math.vpi";
S_000001d3a95f7350 .scope module, "tb_sudoku_controller_debug" "tb_sudoku_controller_debug" 2 6;
 .timescale -9 -12;
L_000001d3a9665ca8 .functor BUFT 1, C4<0>, C4<0>, C4<0>, C4<0>;
v000001d3a96610d0_0 .net/2u *"_ivl_6", 0 0, L_000001d3a9665ca8;  1 drivers
v000001d3a9661170_0 .net "board_flat", 323 0, L_000001d3a9660b30;  1 drivers
v000001d3a96617b0_0 .net "cell_index_cc", 6 0, v000001d3a965d740_0;  1 drivers
v000001d3a9660130_0 .net "cell_index_mem", 6 0, v000001d3a965d9c0_0;  1 drivers
v000001d3a965fd70_0 .var "clk", 0 0;
v000001d3a9661530_0 .net "data_in_mem", 3 0, v000001d3a965e640_0;  1 drivers
v000001d3a9661b70_0 .net "data_out_mem", 3 0, v000001d3a965efa0_0;  1 drivers
v000001d3a9660d10_0 .net "done", 0 0, v000001d3a965f400_0;  1 drivers
v000001d3a96603b0_0 .net "final_cell_index", 6 0, L_000001d3a9660590;  1 drivers
v000001d3a96613f0_0 .net "final_data_in", 3 0, L_000001d3a9661710;  1 drivers
v000001d3a965fe10_0 .net "final_read_en", 0 0, L_000001d3a965feb0;  1 drivers
v000001d3a9661030_0 .net "final_write_en", 0 0, L_000001d3a96612b0;  1 drivers
v000001d3a9661670_0 .var/i "i", 31 0;
v000001d3a9661990_0 .var "init_addr", 6 0;
v000001d3a9660770_0 .var "init_data", 3 0;
v000001d3a9660450_0 .var "init_mode", 0 0;
v000001d3a96618f0_0 .var "init_write", 0 0;
v000001d3a96615d0_0 .net "num_to_checker", 3 0, v000001d3a965e6e0_0;  1 drivers
v000001d3a965fcd0_0 .net "read_en", 0 0, v000001d3a9661350_0;  1 drivers
v000001d3a9660810_0 .var "rst", 0 0;
v000001d3a9661850_0 .var "start", 0 0;
v000001d3a9661ad0_0 .var/i "step_count", 31 0;
v000001d3a9660ef0_0 .net "unsolvable", 0 0, v000001d3a9660c70_0;  1 drivers
v000001d3a9661210_0 .net "valid_from_checker", 0 0, v000001d3a965df60_0;  1 drivers
v000001d3a9660270_0 .net "write_en", 0 0, v000001d3a965fff0_0;  1 drivers
L_000001d3a9660590 .functor MUXZ 7, v000001d3a965d9c0_0, v000001d3a9661990_0, v000001d3a9660450_0, C4<>;
L_000001d3a9661710 .functor MUXZ 4, v000001d3a965e640_0, v000001d3a9660770_0, v000001d3a9660450_0, C4<>;
L_000001d3a96612b0 .functor MUXZ 1, v000001d3a965fff0_0, v000001d3a96618f0_0, v000001d3a9660450_0, C4<>;
L_000001d3a965feb0 .functor MUXZ 1, v000001d3a9661350_0, L_000001d3a9665ca8, v000001d3a9660450_0, C4<>;
S_000001d3a958e160 .scope module, "BM" "board_memory" 2 32, 3 1 0, S_000001d3a95f7350;
 .timescale -9 -12;
    .port_info 0 /INPUT 1 "clk";
    .port_info 1 /INPUT 1 "rst";
    .port_info 2 /INPUT 1 "read_en";
    .port_info 3 /INPUT 1 "write_en";
    .port_info 4 /INPUT 7 "cell_index";
    .port_info 5 /INPUT 4 "data_in";
    .port_info 6 /OUTPUT 4 "data_out";
    .port_info 7 /OUTPUT 324 "board_flat";
v000001d3a965ef00 .array "board", 80 0, 3 0;
v000001d3a965f360_0 .net "board_flat", 323 0, L_000001d3a9660b30;  alias, 1 drivers
v000001d3a965e780_0 .net "cell_index", 6 0, L_000001d3a9660590;  alias, 1 drivers
v000001d3a965d880_0 .net "clk", 0 0, v000001d3a965fd70_0;  1 drivers
v000001d3a965f2c0_0 .net "data_in", 3 0, L_000001d3a9661710;  alias, 1 drivers
v000001d3a965efa0_0 .var "data_out", 3 0;
v000001d3a965d920_0 .var/i "k", 31 0;
v000001d3a965de20_0 .net "read_en", 0 0, L_000001d3a965feb0;  alias, 1 drivers
v000001d3a965db00_0 .net "rst", 0 0, v000001d3a9660810_0;  1 drivers
v000001d3a965ee60_0 .net "write_en", 0 0, L_000001d3a96612b0;  alias, 1 drivers
E_000001d3a95e6890 .event posedge, v000001d3a965d880_0;
v000001d3a965ef00_0 .array/port v000001d3a965ef00, 0;
v000001d3a965ef00_1 .array/port v000001d3a965ef00, 1;
v000001d3a965ef00_2 .array/port v000001d3a965ef00, 2;
v000001d3a965ef00_3 .array/port v000001d3a965ef00, 3;
LS_000001d3a9660b30_0_0 .concat8 [ 4 4 4 4], v000001d3a965ef00_0, v000001d3a965ef00_1, v000001d3a965ef00_2, v000001d3a965ef00_3;
v000001d3a965ef00_4 .array/port v000001d3a965ef00, 4;
v000001d3a965ef00_5 .array/port v000001d3a965ef00, 5;
v000001d3a965ef00_6 .array/port v000001d3a965ef00, 6;
v000001d3a965ef00_7 .array/port v000001d3a965ef00, 7;
LS_000001d3a9660b30_0_4 .concat8 [ 4 4 4 4], v000001d3a965ef00_4, v000001d3a965ef00_5, v000001d3a965ef00_6, v000001d3a965ef00_7;
v000001d3a965ef00_8 .array/port v000001d3a965ef00, 8;
v000001d3a965ef00_9 .array/port v000001d3a965ef00, 9;
v000001d3a965ef00_10 .array/port v000001d3a965ef00, 10;
v000001d3a965ef00_11 .array/port v000001d3a965ef00, 11;
LS_000001d3a9660b30_0_8 .concat8 [ 4 4 4 4], v000001d3a965ef00_8, v000001d3a965ef00_9, v000001d3a965ef00_10, v000001d3a965ef00_11;
v000001d3a965ef00_12 .array/port v000001d3a965ef00, 12;
v000001d3a965ef00_13 .array/port v000001d3a965ef00, 13;
v000001d3a965ef00_14 .array/port v000001d3a965ef00, 14;
v000001d3a965ef00_15 .array/port v000001d3a965ef00, 15;
LS_000001d3a9660b30_0_12 .concat8 [ 4 4 4 4], v000001d3a965ef00_12, v000001d3a965ef00_13, v000001d3a965ef00_14, v000001d3a965ef00_15;
v000001d3a965ef00_16 .array/port v000001d3a965ef00, 16;
v000001d3a965ef00_17 .array/port v000001d3a965ef00, 17;
v000001d3a965ef00_18 .array/port v000001d3a965ef00, 18;
v000001d3a965ef00_19 .array/port v000001d3a965ef00, 19;
LS_000001d3a9660b30_0_16 .concat8 [ 4 4 4 4], v000001d3a965ef00_16, v000001d3a965ef00_17, v000001d3a965ef00_18, v000001d3a965ef00_19;
v000001d3a965ef00_20 .array/port v000001d3a965ef00, 20;
v000001d3a965ef00_21 .array/port v000001d3a965ef00, 21;
v000001d3a965ef00_22 .array/port v000001d3a965ef00, 22;
v000001d3a965ef00_23 .array/port v000001d3a965ef00, 23;
LS_000001d3a9660b30_0_20 .concat8 [ 4 4 4 4], v000001d3a965ef00_20, v000001d3a965ef00_21, v000001d3a965ef00_22, v000001d3a965ef00_23;
v000001d3a965ef00_24 .array/port v000001d3a965ef00, 24;
v000001d3a965ef00_25 .array/port v000001d3a965ef00, 25;
v000001d3a965ef00_26 .array/port v000001d3a965ef00, 26;
v000001d3a965ef00_27 .array/port v000001d3a965ef00, 27;
LS_000001d3a9660b30_0_24 .concat8 [ 4 4 4 4], v000001d3a965ef00_24, v000001d3a965ef00_25, v000001d3a965ef00_26, v000001d3a965ef00_27;
v000001d3a965ef00_28 .array/port v000001d3a965ef00, 28;
v000001d3a965ef00_29 .array/port v000001d3a965ef00, 29;
v000001d3a965ef00_30 .array/port v000001d3a965ef00, 30;
v000001d3a965ef00_31 .array/port v000001d3a965ef00, 31;
LS_000001d3a9660b30_0_28 .concat8 [ 4 4 4 4], v000001d3a965ef00_28, v000001d3a965ef00_29, v000001d3a965ef00_30, v000001d3a965ef00_31;
v000001d3a965ef00_32 .array/port v000001d3a965ef00, 32;
v000001d3a965ef00_33 .array/port v000001d3a965ef00, 33;
v000001d3a965ef00_34 .array/port v000001d3a965ef00, 34;
v000001d3a965ef00_35 .array/port v000001d3a965ef00, 35;
LS_000001d3a9660b30_0_32 .concat8 [ 4 4 4 4], v000001d3a965ef00_32, v000001d3a965ef00_33, v000001d3a965ef00_34, v000001d3a965ef00_35;
v000001d3a965ef00_36 .array/port v000001d3a965ef00, 36;
v000001d3a965ef00_37 .array/port v000001d3a965ef00, 37;
v000001d3a965ef00_38 .array/port v000001d3a965ef00, 38;
v000001d3a965ef00_39 .array/port v000001d3a965ef00, 39;
LS_000001d3a9660b30_0_36 .concat8 [ 4 4 4 4], v000001d3a965ef00_36, v000001d3a965ef00_37, v000001d3a965ef00_38, v000001d3a965ef00_39;
v000001d3a965ef00_40 .array/port v000001d3a965ef00, 40;
v000001d3a965ef00_41 .array/port v000001d3a965ef00, 41;
v000001d3a965ef00_42 .array/port v000001d3a965ef00, 42;
v000001d3a965ef00_43 .array/port v000001d3a965ef00, 43;
LS_000001d3a9660b30_0_40 .concat8 [ 4 4 4 4], v000001d3a965ef00_40, v000001d3a965ef00_41, v000001d3a965ef00_42, v000001d3a965ef00_43;
v000001d3a965ef00_44 .array/port v000001d3a965ef00, 44;
v000001d3a965ef00_45 .array/port v000001d3a965ef00, 45;
v000001d3a965ef00_46 .array/port v000001d3a965ef00, 46;
v000001d3a965ef00_47 .array/port v000001d3a965ef00, 47;
LS_000001d3a9660b30_0_44 .concat8 [ 4 4 4 4], v000001d3a965ef00_44, v000001d3a965ef00_45, v000001d3a965ef00_46, v000001d3a965ef00_47;
v000001d3a965ef00_48 .array/port v000001d3a965ef00, 48;
v000001d3a965ef00_49 .array/port v000001d3a965ef00, 49;
v000001d3a965ef00_50 .array/port v000001d3a965ef00, 50;
v000001d3a965ef00_51 .array/port v000001d3a965ef00, 51;
LS_000001d3a9660b30_0_48 .concat8 [ 4 4 4 4], v000001d3a965ef00_48, v000001d3a965ef00_49, v000001d3a965ef00_50, v000001d3a965ef00_51;
v000001d3a965ef00_52 .array/port v000001d3a965ef00, 52;
v000001d3a965ef00_53 .array/port v000001d3a965ef00, 53;
v000001d3a965ef00_54 .array/port v000001d3a965ef00, 54;
v000001d3a965ef00_55 .array/port v000001d3a965ef00, 55;
LS_000001d3a9660b30_0_52 .concat8 [ 4 4 4 4], v000001d3a965ef00_52, v000001d3a965ef00_53, v000001d3a965ef00_54, v000001d3a965ef00_55;
v000001d3a965ef00_56 .array/port v000001d3a965ef00, 56;
v000001d3a965ef00_57 .array/port v000001d3a965ef00, 57;
v000001d3a965ef00_58 .array/port v000001d3a965ef00, 58;
v000001d3a965ef00_59 .array/port v000001d3a965ef00, 59;
LS_000001d3a9660b30_0_56 .concat8 [ 4 4 4 4], v000001d3a965ef00_56, v000001d3a965ef00_57, v000001d3a965ef00_58, v000001d3a965ef00_59;
v000001d3a965ef00_60 .array/port v000001d3a965ef00, 60;
v000001d3a965ef00_61 .array/port v000001d3a965ef00, 61;
v000001d3a965ef00_62 .array/port v000001d3a965ef00, 62;
v000001d3a965ef00_63 .array/port v000001d3a965ef00, 63;
LS_000001d3a9660b30_0_60 .concat8 [ 4 4 4 4], v000001d3a965ef00_60, v000001d3a965ef00_61, v000001d3a965ef00_62, v000001d3a965ef00_63;
v000001d3a965ef00_64 .array/port v000001d3a965ef00, 64;
v000001d3a965ef00_65 .array/port v000001d3a965ef00, 65;
v000001d3a965ef00_66 .array/port v000001d3a965ef00, 66;
v000001d3a965ef00_67 .array/port v000001d3a965ef00, 67;
LS_000001d3a9660b30_0_64 .concat8 [ 4 4 4 4], v000001d3a965ef00_64, v000001d3a965ef00_65, v000001d3a965ef00_66, v000001d3a965ef00_67;
v000001d3a965ef00_68 .array/port v000001d3a965ef00, 68;
v000001d3a965ef00_69 .array/port v000001d3a965ef00, 69;
v000001d3a965ef00_70 .array/port v000001d3a965ef00, 70;
v000001d3a965ef00_71 .array/port v000001d3a965ef00, 71;
LS_000001d3a9660b30_0_68 .concat8 [ 4 4 4 4], v000001d3a965ef00_68, v000001d3a965ef00_69, v000001d3a965ef00_70, v000001d3a965ef00_71;
v000001d3a965ef00_72 .array/port v000001d3a965ef00, 72;
v000001d3a965ef00_73 .array/port v000001d3a965ef00, 73;
v000001d3a965ef00_74 .array/port v000001d3a965ef00, 74;
v000001d3a965ef00_75 .array/port v000001d3a965ef00, 75;
LS_000001d3a9660b30_0_72 .concat8 [ 4 4 4 4], v000001d3a965ef00_72, v000001d3a965ef00_73, v000001d3a965ef00_74, v000001d3a965ef00_75;
v000001d3a965ef00_76 .array/port v000001d3a965ef00, 76;
v000001d3a965ef00_77 .array/port v000001d3a965ef00, 77;
v000001d3a965ef00_78 .array/port v000001d3a965ef00, 78;
v000001d3a965ef00_79 .array/port v000001d3a965ef00, 79;
LS_000001d3a9660b30_0_76 .concat8 [ 4 4 4 4], v000001d3a965ef00_76, v000001d3a965ef00_77, v000001d3a965ef00_78, v000001d3a965ef00_79;
v000001d3a965ef00_80 .array/port v000001d3a965ef00, 80;
LS_000001d3a9660b30_0_80 .concat8 [ 4 0 0 0], v000001d3a965ef00_80;
LS_000001d3a9660b30_1_0 .concat8 [ 16 16 16 16], LS_000001d3a9660b30_0_0, LS_000001d3a9660b30_0_4, LS_000001d3a9660b30_0_8, LS_000001d3a9660b30_0_12;
LS_000001d3a9660b30_1_4 .concat8 [ 16 16 16 16], LS_000001d3a9660b30_0_16, LS_000001d3a9660b30_0_20, LS_000001d3a9660b30_0_24, LS_000001d3a9660b30_0_28;
LS_000001d3a9660b30_1_8 .concat8 [ 16 16 16 16], LS_000001d3a9660b30_0_32, LS_000001d3a9660b30_0_36, LS_000001d3a9660b30_0_40, LS_000001d3a9660b30_0_44;
LS_000001d3a9660b30_1_12 .concat8 [ 16 16 16 16], LS_000001d3a9660b30_0_48, LS_000001d3a9660b30_0_52, LS_000001d3a9660b30_0_56, LS_000001d3a9660b30_0_60;
LS_000001d3a9660b30_1_16 .concat8 [ 16 16 16 16], LS_000001d3a9660b30_0_64, LS_000001d3a9660b30_0_68, LS_000001d3a9660b30_0_72, LS_000001d3a9660b30_0_76;
LS_000001d3a9660b30_1_20 .concat8 [ 4 0 0 0], LS_000001d3a9660b30_0_80;
LS_000001d3a9660b30_2_0 .concat8 [ 64 64 64 64], LS_000001d3a9660b30_1_0, LS_000001d3a9660b30_1_4, LS_000001d3a9660b30_1_8, LS_000001d3a9660b30_1_12;
LS_000001d3a9660b30_2_4 .concat8 [ 64 4 0 0], LS_000001d3a9660b30_1_16, LS_000001d3a9660b30_1_20;
L_000001d3a9660b30 .concat8 [ 256 68 0 0], LS_000001d3a9660b30_2_0, LS_000001d3a9660b30_2_4;
S_000001d3a958e2f0 .scope generate, "flatten_loop[0]" "flatten_loop[0]" 3 30, 3 30 0, S_000001d3a958e160;
 .timescale -9 -12;
P_000001d3a95e6650 .param/l "index" 0 3 30, +C4<00>;
v000001d3a95c7750_0 .net *"_ivl_2", 3 0, v000001d3a965ef00_0;  1 drivers
S_000001d3a951e9c0 .scope generate, "flatten_loop[1]" "flatten_loop[1]" 3 30, 3 30 0, S_000001d3a958e160;
 .timescale -9 -12;
P_000001d3a95e6ed0 .param/l "index" 0 3 30, +C4<01>;
v000001d3a95c74d0_0 .net *"_ivl_2", 3 0, v000001d3a965ef00_1;  1 drivers
S_000001d3a951eb50 .scope generate, "flatten_loop[2]" "flatten_loop[2]" 3 30, 3 30 0, S_000001d3a958e160;
 .timescale -9 -12;
P_000001d3a95e6c10 .param/l "index" 0 3 30, +C4<010>;
v000001d3a95c7390_0 .net *"_ivl_2", 3 0, v000001d3a965ef00_2;  1 drivers
S_000001d3a95831d0 .scope generate, "flatten_loop[3]" "flatten_loop[3]" 3 30, 3 30 0, S_000001d3a958e160;
 .timescale -9 -12;
P_000001d3a95e7110 .param/l "index" 0 3 30, +C4<011>;
v000001d3a95c6d50_0 .net *"_ivl_2", 3 0, v000001d3a965ef00_3;  1 drivers
S_000001d3a9583360 .scope generate, "flatten_loop[4]" "flatten_loop[4]" 3 30, 3 30 0, S_000001d3a958e160;
 .timescale -9 -12;
P_000001d3a95e7210 .param/l "index" 0 3 30, +C4<0100>;
v000001d3a95c7930_0 .net *"_ivl_2", 3 0, v000001d3a965ef00_4;  1 drivers
S_000001d3a9532d40 .scope generate, "flatten_loop[5]" "flatten_loop[5]" 3 30, 3 30 0, S_000001d3a958e160;
 .timescale -9 -12;
P_000001d3a95e6350 .param/l "index" 0 3 30, +C4<0101>;
v000001d3a95c77f0_0 .net *"_ivl_2", 3 0, v000001d3a965ef00_5;  1 drivers
S_000001d3a9532ed0 .scope generate, "flatten_loop[6]" "flatten_loop[6]" 3 30, 3 30 0, S_000001d3a958e160;
 .timescale -9 -12;
P_000001d3a95e63d0 .param/l "index" 0 3 30, +C4<0110>;
v000001d3a95c72f0_0 .net *"_ivl_2", 3 0, v000001d3a965ef00_6;  1 drivers
S_000001d3a9533060 .scope generate, "flatten_loop[7]" "flatten_loop[7]" 3 30, 3 30 0, S_000001d3a958e160;
 .timescale -9 -12;
P_000001d3a95e8190 .param/l "index" 0 3 30, +C4<0111>;
v000001d3a95c7570_0 .net *"_ivl_2", 3 0, v000001d3a965ef00_7;  1 drivers
S_000001d3a9617940 .scope generate, "flatten_loop[8]" "flatten_loop[8]" 3 30, 3 30 0, S_000001d3a958e160;
 .timescale -9 -12;
P_000001d3a95e54d0 .param/l "index" 0 3 30, +C4<01000>;
v000001d3a95c7610_0 .net *"_ivl_2", 3 0, v000001d3a965ef00_8;  1 drivers
S_000001d3a9617ad0 .scope generate, "flatten_loop[9]" "flatten_loop[9]" 3 30, 3 30 0, S_000001d3a958e160;
 .timescale -9 -12;
P_000001d3a95e52d0 .param/l "index" 0 3 30, +C4<01001>;
v000001d3a95c76b0_0 .net *"_ivl_2", 3 0, v000001d3a965ef00_9;  1 drivers
S_000001d3a9617c60 .scope generate, "flatten_loop[10]" "flatten_loop[10]" 3 30, 3 30 0, S_000001d3a958e160;
 .timescale -9 -12;
P_000001d3a95e5b10 .param/l "index" 0 3 30, +C4<01010>;
v000001d3a95c6f30_0 .net *"_ivl_2", 3 0, v000001d3a965ef00_10;  1 drivers
S_000001d3a9617df0 .scope generate, "flatten_loop[11]" "flatten_loop[11]" 3 30, 3 30 0, S_000001d3a958e160;
 .timescale -9 -12;
P_000001d3a95e5a10 .param/l "index" 0 3 30, +C4<01011>;
v000001d3a95c7b10_0 .net *"_ivl_2", 3 0, v000001d3a965ef00_11;  1 drivers
S_000001d3a9617f80 .scope generate, "flatten_loop[12]" "flatten_loop[12]" 3 30, 3 30 0, S_000001d3a958e160;
 .timescale -9 -12;
P_000001d3a95e53d0 .param/l "index" 0 3 30, +C4<01100>;
v000001d3a95c7110_0 .net *"_ivl_2", 3 0, v000001d3a965ef00_12;  1 drivers
S_000001d3a9618110 .scope generate, "flatten_loop[13]" "flatten_loop[13]" 3 30, 3 30 0, S_000001d3a958e160;
 .timescale -9 -12;
P_000001d3a95e55d0 .param/l "index" 0 3 30, +C4<01101>;
v000001d3a95c79d0_0 .net *"_ivl_2", 3 0, v000001d3a965ef00_13;  1 drivers
S_000001d3a96182a0 .scope generate, "flatten_loop[14]" "flatten_loop[14]" 3 30, 3 30 0, S_000001d3a958e160;
 .timescale -9 -12;
P_000001d3a95e5310 .param/l "index" 0 3 30, +C4<01110>;
v000001d3a95c6df0_0 .net *"_ivl_2", 3 0, v000001d3a965ef00_14;  1 drivers
S_000001d3a9659290 .scope generate, "flatten_loop[15]" "flatten_loop[15]" 3 30, 3 30 0, S_000001d3a958e160;
 .timescale -9 -12;
P_000001d3a95e5ad0 .param/l "index" 0 3 30, +C4<01111>;
v000001d3a95c7890_0 .net *"_ivl_2", 3 0, v000001d3a965ef00_15;  1 drivers
S_000001d3a9659d80 .scope generate, "flatten_loop[16]" "flatten_loop[16]" 3 30, 3 30 0, S_000001d3a958e160;
 .timescale -9 -12;
P_000001d3a95e5550 .param/l "index" 0 3 30, +C4<010000>;
v000001d3a95c6fd0_0 .net *"_ivl_2", 3 0, v000001d3a965ef00_16;  1 drivers
S_000001d3a9659100 .scope generate, "flatten_loop[17]" "flatten_loop[17]" 3 30, 3 30 0, S_000001d3a958e160;
 .timescale -9 -12;
P_000001d3a95e5610 .param/l "index" 0 3 30, +C4<010001>;
v000001d3a95c7a70_0 .net *"_ivl_2", 3 0, v000001d3a965ef00_17;  1 drivers
S_000001d3a9659420 .scope generate, "flatten_loop[18]" "flatten_loop[18]" 3 30, 3 30 0, S_000001d3a958e160;
 .timescale -9 -12;
P_000001d3a95e5590 .param/l "index" 0 3 30, +C4<010010>;
v000001d3a95c7bb0_0 .net *"_ivl_2", 3 0, v000001d3a965ef00_18;  1 drivers
S_000001d3a96595b0 .scope generate, "flatten_loop[19]" "flatten_loop[19]" 3 30, 3 30 0, S_000001d3a958e160;
 .timescale -9 -12;
P_000001d3a95e5690 .param/l "index" 0 3 30, +C4<010011>;
v000001d3a95c7c50_0 .net *"_ivl_2", 3 0, v000001d3a965ef00_19;  1 drivers
S_000001d3a96598d0 .scope generate, "flatten_loop[20]" "flatten_loop[20]" 3 30, 3 30 0, S_000001d3a958e160;
 .timescale -9 -12;
P_000001d3a95e6190 .param/l "index" 0 3 30, +C4<010100>;
v000001d3a95c7070_0 .net *"_ivl_2", 3 0, v000001d3a965ef00_20;  1 drivers
S_000001d3a9659740 .scope generate, "flatten_loop[21]" "flatten_loop[21]" 3 30, 3 30 0, S_000001d3a958e160;
 .timescale -9 -12;
P_000001d3a95e5a50 .param/l "index" 0 3 30, +C4<010101>;
v000001d3a95c71b0_0 .net *"_ivl_2", 3 0, v000001d3a965ef00_21;  1 drivers
S_000001d3a9659a60 .scope generate, "flatten_loop[22]" "flatten_loop[22]" 3 30, 3 30 0, S_000001d3a958e160;
 .timescale -9 -12;
P_000001d3a95e6010 .param/l "index" 0 3 30, +C4<010110>;
v000001d3a9619e20_0 .net *"_ivl_2", 3 0, v000001d3a965ef00_22;  1 drivers
S_000001d3a9659bf0 .scope generate, "flatten_loop[23]" "flatten_loop[23]" 3 30, 3 30 0, S_000001d3a958e160;
 .timescale -9 -12;
P_000001d3a95e5750 .param/l "index" 0 3 30, +C4<010111>;
v000001d3a9618ca0_0 .net *"_ivl_2", 3 0, v000001d3a965ef00_23;  1 drivers
S_000001d3a9659f10 .scope generate, "flatten_loop[24]" "flatten_loop[24]" 3 30, 3 30 0, S_000001d3a958e160;
 .timescale -9 -12;
P_000001d3a95e5350 .param/l "index" 0 3 30, +C4<011000>;
v000001d3a9619380_0 .net *"_ivl_2", 3 0, v000001d3a965ef00_24;  1 drivers
S_000001d3a961b430 .scope generate, "flatten_loop[25]" "flatten_loop[25]" 3 30, 3 30 0, S_000001d3a958e160;
 .timescale -9 -12;
P_000001d3a95e5b50 .param/l "index" 0 3 30, +C4<011001>;
v000001d3a9619a60_0 .net *"_ivl_2", 3 0, v000001d3a965ef00_25;  1 drivers
S_000001d3a961a620 .scope generate, "flatten_loop[26]" "flatten_loop[26]" 3 30, 3 30 0, S_000001d3a958e160;
 .timescale -9 -12;
P_000001d3a95e5650 .param/l "index" 0 3 30, +C4<011010>;
v000001d3a9618c00_0 .net *"_ivl_2", 3 0, v000001d3a965ef00_26;  1 drivers
S_000001d3a961ba70 .scope generate, "flatten_loop[27]" "flatten_loop[27]" 3 30, 3 30 0, S_000001d3a958e160;
 .timescale -9 -12;
P_000001d3a95e5450 .param/l "index" 0 3 30, +C4<011011>;
v000001d3a9619420_0 .net *"_ivl_2", 3 0, v000001d3a965ef00_27;  1 drivers
S_000001d3a961c0b0 .scope generate, "flatten_loop[28]" "flatten_loop[28]" 3 30, 3 30 0, S_000001d3a958e160;
 .timescale -9 -12;
P_000001d3a95e56d0 .param/l "index" 0 3 30, +C4<011100>;
v000001d3a96192e0_0 .net *"_ivl_2", 3 0, v000001d3a965ef00_28;  1 drivers
S_000001d3a961a490 .scope generate, "flatten_loop[29]" "flatten_loop[29]" 3 30, 3 30 0, S_000001d3a958e160;
 .timescale -9 -12;
P_000001d3a95e6110 .param/l "index" 0 3 30, +C4<011101>;
v000001d3a96188e0_0 .net *"_ivl_2", 3 0, v000001d3a965ef00_29;  1 drivers
S_000001d3a961af80 .scope generate, "flatten_loop[30]" "flatten_loop[30]" 3 30, 3 30 0, S_000001d3a958e160;
 .timescale -9 -12;
P_000001d3a95e5f90 .param/l "index" 0 3 30, +C4<011110>;
v000001d3a9619240_0 .net *"_ivl_2", 3 0, v000001d3a965ef00_30;  1 drivers
S_000001d3a961b5c0 .scope generate, "flatten_loop[31]" "flatten_loop[31]" 3 30, 3 30 0, S_000001d3a958e160;
 .timescale -9 -12;
P_000001d3a95e5bd0 .param/l "index" 0 3 30, +C4<011111>;
v000001d3a96194c0_0 .net *"_ivl_2", 3 0, v000001d3a965ef00_31;  1 drivers
S_000001d3a961b2a0 .scope generate, "flatten_loop[32]" "flatten_loop[32]" 3 30, 3 30 0, S_000001d3a958e160;
 .timescale -9 -12;
P_000001d3a95e5710 .param/l "index" 0 3 30, +C4<0100000>;
v000001d3a9619560_0 .net *"_ivl_2", 3 0, v000001d3a965ef00_32;  1 drivers
S_000001d3a961aad0 .scope generate, "flatten_loop[33]" "flatten_loop[33]" 3 30, 3 30 0, S_000001d3a958e160;
 .timescale -9 -12;
P_000001d3a95e5c50 .param/l "index" 0 3 30, +C4<0100001>;
v000001d3a9618e80_0 .net *"_ivl_2", 3 0, v000001d3a965ef00_33;  1 drivers
S_000001d3a961ac60 .scope generate, "flatten_loop[34]" "flatten_loop[34]" 3 30, 3 30 0, S_000001d3a958e160;
 .timescale -9 -12;
P_000001d3a95e5790 .param/l "index" 0 3 30, +C4<0100010>;
v000001d3a9619060_0 .net *"_ivl_2", 3 0, v000001d3a965ef00_34;  1 drivers
S_000001d3a961a7b0 .scope generate, "flatten_loop[35]" "flatten_loop[35]" 3 30, 3 30 0, S_000001d3a958e160;
 .timescale -9 -12;
P_000001d3a95e5b90 .param/l "index" 0 3 30, +C4<0100011>;
v000001d3a9619600_0 .net *"_ivl_2", 3 0, v000001d3a965ef00_35;  1 drivers
S_000001d3a961adf0 .scope generate, "flatten_loop[36]" "flatten_loop[36]" 3 30, 3 30 0, S_000001d3a958e160;
 .timescale -9 -12;
P_000001d3a95e5fd0 .param/l "index" 0 3 30, +C4<0100100>;
v000001d3a9619ce0_0 .net *"_ivl_2", 3 0, v000001d3a965ef00_36;  1 drivers
S_000001d3a961b750 .scope generate, "flatten_loop[37]" "flatten_loop[37]" 3 30, 3 30 0, S_000001d3a958e160;
 .timescale -9 -12;
P_000001d3a95e5c10 .param/l "index" 0 3 30, +C4<0100101>;
v000001d3a9618980_0 .net *"_ivl_2", 3 0, v000001d3a965ef00_37;  1 drivers
S_000001d3a961a940 .scope generate, "flatten_loop[38]" "flatten_loop[38]" 3 30, 3 30 0, S_000001d3a958e160;
 .timescale -9 -12;
P_000001d3a95e6090 .param/l "index" 0 3 30, +C4<0100110>;
v000001d3a9619c40_0 .net *"_ivl_2", 3 0, v000001d3a965ef00_38;  1 drivers
S_000001d3a961c240 .scope generate, "flatten_loop[39]" "flatten_loop[39]" 3 30, 3 30 0, S_000001d3a958e160;
 .timescale -9 -12;
P_000001d3a95e5cd0 .param/l "index" 0 3 30, +C4<0100111>;
v000001d3a9619ba0_0 .net *"_ivl_2", 3 0, v000001d3a965ef00_39;  1 drivers
S_000001d3a961b110 .scope generate, "flatten_loop[40]" "flatten_loop[40]" 3 30, 3 30 0, S_000001d3a958e160;
 .timescale -9 -12;
P_000001d3a95e5d90 .param/l "index" 0 3 30, +C4<0101000>;
v000001d3a9618f20_0 .net *"_ivl_2", 3 0, v000001d3a965ef00_40;  1 drivers
S_000001d3a961bf20 .scope generate, "flatten_loop[41]" "flatten_loop[41]" 3 30, 3 30 0, S_000001d3a958e160;
 .timescale -9 -12;
P_000001d3a95e5c90 .param/l "index" 0 3 30, +C4<0101001>;
v000001d3a961a320_0 .net *"_ivl_2", 3 0, v000001d3a965ef00_41;  1 drivers
S_000001d3a961b8e0 .scope generate, "flatten_loop[42]" "flatten_loop[42]" 3 30, 3 30 0, S_000001d3a958e160;
 .timescale -9 -12;
P_000001d3a95e5910 .param/l "index" 0 3 30, +C4<0101010>;
v000001d3a96197e0_0 .net *"_ivl_2", 3 0, v000001d3a965ef00_42;  1 drivers
S_000001d3a961bc00 .scope generate, "flatten_loop[43]" "flatten_loop[43]" 3 30, 3 30 0, S_000001d3a958e160;
 .timescale -9 -12;
P_000001d3a95e5950 .param/l "index" 0 3 30, +C4<0101011>;
v000001d3a9618a20_0 .net *"_ivl_2", 3 0, v000001d3a965ef00_43;  1 drivers
S_000001d3a961bd90 .scope generate, "flatten_loop[44]" "flatten_loop[44]" 3 30, 3 30 0, S_000001d3a958e160;
 .timescale -9 -12;
P_000001d3a95e5d10 .param/l "index" 0 3 30, +C4<0101100>;
v000001d3a9618ac0_0 .net *"_ivl_2", 3 0, v000001d3a965ef00_44;  1 drivers
S_000001d3a961c630 .scope generate, "flatten_loop[45]" "flatten_loop[45]" 3 30, 3 30 0, S_000001d3a958e160;
 .timescale -9 -12;
P_000001d3a95e5410 .param/l "index" 0 3 30, +C4<0101101>;
v000001d3a9618fc0_0 .net *"_ivl_2", 3 0, v000001d3a965ef00_45;  1 drivers
S_000001d3a961d440 .scope generate, "flatten_loop[46]" "flatten_loop[46]" 3 30, 3 30 0, S_000001d3a958e160;
 .timescale -9 -12;
P_000001d3a95e5d50 .param/l "index" 0 3 30, +C4<0101110>;
v000001d3a9619880_0 .net *"_ivl_2", 3 0, v000001d3a965ef00_46;  1 drivers
S_000001d3a961ce00 .scope generate, "flatten_loop[47]" "flatten_loop[47]" 3 30, 3 30 0, S_000001d3a958e160;
 .timescale -9 -12;
P_000001d3a95e5850 .param/l "index" 0 3 30, +C4<0101111>;
v000001d3a9619b00_0 .net *"_ivl_2", 3 0, v000001d3a965ef00_47;  1 drivers
S_000001d3a961c4a0 .scope generate, "flatten_loop[48]" "flatten_loop[48]" 3 30, 3 30 0, S_000001d3a958e160;
 .timescale -9 -12;
P_000001d3a95e5810 .param/l "index" 0 3 30, +C4<0110000>;
v000001d3a9619740_0 .net *"_ivl_2", 3 0, v000001d3a965ef00_48;  1 drivers
S_000001d3a961d5d0 .scope generate, "flatten_loop[49]" "flatten_loop[49]" 3 30, 3 30 0, S_000001d3a958e160;
 .timescale -9 -12;
P_000001d3a95e5a90 .param/l "index" 0 3 30, +C4<0110001>;
v000001d3a9618480_0 .net *"_ivl_2", 3 0, v000001d3a965ef00_49;  1 drivers
S_000001d3a961d760 .scope generate, "flatten_loop[50]" "flatten_loop[50]" 3 30, 3 30 0, S_000001d3a958e160;
 .timescale -9 -12;
P_000001d3a95e5dd0 .param/l "index" 0 3 30, +C4<0110010>;
v000001d3a9618d40_0 .net *"_ivl_2", 3 0, v000001d3a965ef00_50;  1 drivers
S_000001d3a961e0c0 .scope generate, "flatten_loop[51]" "flatten_loop[51]" 3 30, 3 30 0, S_000001d3a958e160;
 .timescale -9 -12;
P_000001d3a95e6210 .param/l "index" 0 3 30, +C4<0110011>;
v000001d3a9618520_0 .net *"_ivl_2", 3 0, v000001d3a965ef00_51;  1 drivers
S_000001d3a961dc10 .scope generate, "flatten_loop[52]" "flatten_loop[52]" 3 30, 3 30 0, S_000001d3a958e160;
 .timescale -9 -12;
P_000001d3a95e5e50 .param/l "index" 0 3 30, +C4<0110100>;
v000001d3a9618de0_0 .net *"_ivl_2", 3 0, v000001d3a965ef00_52;  1 drivers
S_000001d3a961d8f0 .scope generate, "flatten_loop[53]" "flatten_loop[53]" 3 30, 3 30 0, S_000001d3a958e160;
 .timescale -9 -12;
P_000001d3a95e57d0 .param/l "index" 0 3 30, +C4<0110101>;
v000001d3a9619d80_0 .net *"_ivl_2", 3 0, v000001d3a965ef00_53;  1 drivers
S_000001d3a961c950 .scope generate, "flatten_loop[54]" "flatten_loop[54]" 3 30, 3 30 0, S_000001d3a958e160;
 .timescale -9 -12;
P_000001d3a95e6050 .param/l "index" 0 3 30, +C4<0110110>;
v000001d3a96185c0_0 .net *"_ivl_2", 3 0, v000001d3a965ef00_54;  1 drivers
S_000001d3a961cc70 .scope generate, "flatten_loop[55]" "flatten_loop[55]" 3 30, 3 30 0, S_000001d3a958e160;
 .timescale -9 -12;
P_000001d3a95e5e10 .param/l "index" 0 3 30, +C4<0110111>;
v000001d3a96196a0_0 .net *"_ivl_2", 3 0, v000001d3a965ef00_55;  1 drivers
S_000001d3a961e250 .scope generate, "flatten_loop[56]" "flatten_loop[56]" 3 30, 3 30 0, S_000001d3a958e160;
 .timescale -9 -12;
P_000001d3a95e5890 .param/l "index" 0 3 30, +C4<0111000>;
v000001d3a9618660_0 .net *"_ivl_2", 3 0, v000001d3a965ef00_56;  1 drivers
S_000001d3a961d2b0 .scope generate, "flatten_loop[57]" "flatten_loop[57]" 3 30, 3 30 0, S_000001d3a958e160;
 .timescale -9 -12;
P_000001d3a95e5e90 .param/l "index" 0 3 30, +C4<0111001>;
v000001d3a9619920_0 .net *"_ivl_2", 3 0, v000001d3a965ef00_57;  1 drivers
S_000001d3a961cf90 .scope generate, "flatten_loop[58]" "flatten_loop[58]" 3 30, 3 30 0, S_000001d3a958e160;
 .timescale -9 -12;
P_000001d3a95e60d0 .param/l "index" 0 3 30, +C4<0111010>;
v000001d3a961a1e0_0 .net *"_ivl_2", 3 0, v000001d3a965ef00_58;  1 drivers
S_000001d3a961df30 .scope generate, "flatten_loop[59]" "flatten_loop[59]" 3 30, 3 30 0, S_000001d3a958e160;
 .timescale -9 -12;
P_000001d3a95e5390 .param/l "index" 0 3 30, +C4<0111011>;
v000001d3a9619ec0_0 .net *"_ivl_2", 3 0, v000001d3a965ef00_59;  1 drivers
S_000001d3a961c7c0 .scope generate, "flatten_loop[60]" "flatten_loop[60]" 3 30, 3 30 0, S_000001d3a958e160;
 .timescale -9 -12;
P_000001d3a95e6150 .param/l "index" 0 3 30, +C4<0111100>;
v000001d3a9619f60_0 .net *"_ivl_2", 3 0, v000001d3a965ef00_60;  1 drivers
S_000001d3a961da80 .scope generate, "flatten_loop[61]" "flatten_loop[61]" 3 30, 3 30 0, S_000001d3a958e160;
 .timescale -9 -12;
P_000001d3a95e58d0 .param/l "index" 0 3 30, +C4<0111101>;
v000001d3a96199c0_0 .net *"_ivl_2", 3 0, v000001d3a965ef00_61;  1 drivers
S_000001d3a961cae0 .scope generate, "flatten_loop[62]" "flatten_loop[62]" 3 30, 3 30 0, S_000001d3a958e160;
 .timescale -9 -12;
P_000001d3a95e59d0 .param/l "index" 0 3 30, +C4<0111110>;
v000001d3a961a000_0 .net *"_ivl_2", 3 0, v000001d3a965ef00_62;  1 drivers
S_000001d3a961d120 .scope generate, "flatten_loop[63]" "flatten_loop[63]" 3 30, 3 30 0, S_000001d3a958e160;
 .timescale -9 -12;
P_000001d3a95e5990 .param/l "index" 0 3 30, +C4<0111111>;
v000001d3a96187a0_0 .net *"_ivl_2", 3 0, v000001d3a965ef00_63;  1 drivers
S_000001d3a961dda0 .scope generate, "flatten_loop[64]" "flatten_loop[64]" 3 30, 3 30 0, S_000001d3a958e160;
 .timescale -9 -12;
P_000001d3a95e6250 .param/l "index" 0 3 30, +C4<01000000>;
v000001d3a9619100_0 .net *"_ivl_2", 3 0, v000001d3a965ef00_64;  1 drivers
S_000001d3a965ba50 .scope generate, "flatten_loop[65]" "flatten_loop[65]" 3 30, 3 30 0, S_000001d3a958e160;
 .timescale -9 -12;
P_000001d3a95bcc30 .param/l "index" 0 3 30, +C4<01000001>;
v000001d3a961a140_0 .net *"_ivl_2", 3 0, v000001d3a965ef00_65;  1 drivers
S_000001d3a965c3b0 .scope generate, "flatten_loop[66]" "flatten_loop[66]" 3 30, 3 30 0, S_000001d3a958e160;
 .timescale -9 -12;
P_000001d3a95bc530 .param/l "index" 0 3 30, +C4<01000010>;
v000001d3a9618700_0 .net *"_ivl_2", 3 0, v000001d3a965ef00_66;  1 drivers
S_000001d3a965c540 .scope generate, "flatten_loop[67]" "flatten_loop[67]" 3 30, 3 30 0, S_000001d3a958e160;
 .timescale -9 -12;
P_000001d3a95bc8f0 .param/l "index" 0 3 30, +C4<01000011>;
v000001d3a96191a0_0 .net *"_ivl_2", 3 0, v000001d3a965ef00_67;  1 drivers
S_000001d3a965d030 .scope generate, "flatten_loop[68]" "flatten_loop[68]" 3 30, 3 30 0, S_000001d3a958e160;
 .timescale -9 -12;
P_000001d3a95bcd30 .param/l "index" 0 3 30, +C4<01000100>;
v000001d3a9618840_0 .net *"_ivl_2", 3 0, v000001d3a965ef00_68;  1 drivers
S_000001d3a965cb80 .scope generate, "flatten_loop[69]" "flatten_loop[69]" 3 30, 3 30 0, S_000001d3a958e160;
 .timescale -9 -12;
P_000001d3a95bc970 .param/l "index" 0 3 30, +C4<01000101>;
v000001d3a961a0a0_0 .net *"_ivl_2", 3 0, v000001d3a965ef00_69;  1 drivers
S_000001d3a965c860 .scope generate, "flatten_loop[70]" "flatten_loop[70]" 3 30, 3 30 0, S_000001d3a958e160;
 .timescale -9 -12;
P_000001d3a95bc0b0 .param/l "index" 0 3 30, +C4<01000110>;
v000001d3a9618b60_0 .net *"_ivl_2", 3 0, v000001d3a965ef00_70;  1 drivers
S_000001d3a965b8c0 .scope generate, "flatten_loop[71]" "flatten_loop[71]" 3 30, 3 30 0, S_000001d3a958e160;
 .timescale -9 -12;
P_000001d3a95bbd70 .param/l "index" 0 3 30, +C4<01000111>;
v000001d3a961a280_0 .net *"_ivl_2", 3 0, v000001d3a965ef00_71;  1 drivers
S_000001d3a965bbe0 .scope generate, "flatten_loop[72]" "flatten_loop[72]" 3 30, 3 30 0, S_000001d3a958e160;
 .timescale -9 -12;
P_000001d3a95bc9b0 .param/l "index" 0 3 30, +C4<01001000>;
v000001d3a965ebe0_0 .net *"_ivl_2", 3 0, v000001d3a965ef00_72;  1 drivers
S_000001d3a965c9f0 .scope generate, "flatten_loop[73]" "flatten_loop[73]" 3 30, 3 30 0, S_000001d3a958e160;
 .timescale -9 -12;
P_000001d3a95bc170 .param/l "index" 0 3 30, +C4<01001001>;
v000001d3a965ec80_0 .net *"_ivl_2", 3 0, v000001d3a965ef00_73;  1 drivers
S_000001d3a965c220 .scope generate, "flatten_loop[74]" "flatten_loop[74]" 3 30, 3 30 0, S_000001d3a958e160;
 .timescale -9 -12;
P_000001d3a95bbeb0 .param/l "index" 0 3 30, +C4<01001010>;
v000001d3a965e820_0 .net *"_ivl_2", 3 0, v000001d3a965ef00_74;  1 drivers
S_000001d3a965bd70 .scope generate, "flatten_loop[75]" "flatten_loop[75]" 3 30, 3 30 0, S_000001d3a958e160;
 .timescale -9 -12;
P_000001d3a95bbf30 .param/l "index" 0 3 30, +C4<01001011>;
v000001d3a965f220_0 .net *"_ivl_2", 3 0, v000001d3a965ef00_75;  1 drivers
S_000001d3a965cea0 .scope generate, "flatten_loop[76]" "flatten_loop[76]" 3 30, 3 30 0, S_000001d3a958e160;
 .timescale -9 -12;
P_000001d3a95bc2f0 .param/l "index" 0 3 30, +C4<01001100>;
v000001d3a965eb40_0 .net *"_ivl_2", 3 0, v000001d3a965ef00_76;  1 drivers
S_000001d3a965d1c0 .scope generate, "flatten_loop[77]" "flatten_loop[77]" 3 30, 3 30 0, S_000001d3a958e160;
 .timescale -9 -12;
P_000001d3a95bc430 .param/l "index" 0 3 30, +C4<01001101>;
v000001d3a965ed20_0 .net *"_ivl_2", 3 0, v000001d3a965ef00_77;  1 drivers
S_000001d3a965c090 .scope generate, "flatten_loop[78]" "flatten_loop[78]" 3 30, 3 30 0, S_000001d3a958e160;
 .timescale -9 -12;
P_000001d3a95bc4b0 .param/l "index" 0 3 30, +C4<01001110>;
v000001d3a965e8c0_0 .net *"_ivl_2", 3 0, v000001d3a965ef00_78;  1 drivers
S_000001d3a965d4e0 .scope generate, "flatten_loop[79]" "flatten_loop[79]" 3 30, 3 30 0, S_000001d3a958e160;
 .timescale -9 -12;
P_000001d3a95bd530 .param/l "index" 0 3 30, +C4<01001111>;
v000001d3a965e3c0_0 .net *"_ivl_2", 3 0, v000001d3a965ef00_79;  1 drivers
S_000001d3a965cd10 .scope generate, "flatten_loop[80]" "flatten_loop[80]" 3 30, 3 30 0, S_000001d3a958e160;
 .timescale -9 -12;
P_000001d3a95bd3b0 .param/l "index" 0 3 30, +C4<01010000>;
v000001d3a965d7e0_0 .net *"_ivl_2", 3 0, v000001d3a965ef00_80;  1 drivers
S_000001d3a965c6d0 .scope module, "CC" "constraint_checker" 2 33, 4 1 0, S_000001d3a95f7350;
 .timescale -9 -12;
    .port_info 0 /INPUT 4 "num_to_place";
    .port_info 1 /INPUT 7 "cell_index";
    .port_info 2 /OUTPUT 1 "valid";
    .port_info 3 /INPUT 324 "board_flat";
v000001d3a965f040_0 .net "board_flat", 323 0, L_000001d3a9660b30;  alias, 1 drivers
v000001d3a965e960_0 .net "cell_index", 6 0, v000001d3a965d740_0;  alias, 1 drivers
v000001d3a965f5e0_0 .var "cell_val", 3 0;
v000001d3a965e5a0_0 .var/i "col", 31 0;
v000001d3a965ea00_0 .var/i "i", 31 0;
v000001d3a965dc40_0 .var/i "index", 31 0;
v000001d3a965f4a0_0 .var/i "j", 31 0;
v000001d3a965f0e0_0 .net "num_to_place", 3 0, v000001d3a965e6e0_0;  alias, 1 drivers
v000001d3a965e460_0 .var/i "row", 31 0;
v000001d3a965e500_0 .var/i "start_col", 31 0;
v000001d3a965dec0_0 .var/i "start_row", 31 0;
v000001d3a965df60_0 .var "valid", 0 0;
E_000001d3a95bda30/0 .event anyedge, v000001d3a965e960_0, v000001d3a965e460_0, v000001d3a965dc40_0, v000001d3a965f360_0;
E_000001d3a95bda30/1 .event anyedge, v000001d3a965f5e0_0, v000001d3a965f0e0_0, v000001d3a965e5a0_0, v000001d3a965dec0_0;
E_000001d3a95bda30/2 .event anyedge, v000001d3a965e500_0;
E_000001d3a95bda30 .event/or E_000001d3a95bda30/0, E_000001d3a95bda30/1, E_000001d3a95bda30/2;
S_000001d3a965d350 .scope module, "SC" "sudoku_controller" 2 34, 5 1 0, S_000001d3a95f7350;
 .timescale -9 -12;
    .port_info 0 /INPUT 1 "clk";
    .port_info 1 /INPUT 1 "rst";
    .port_info 2 /INPUT 1 "start";
    .port_info 3 /INPUT 1 "valid_from_checker";
    .port_info 4 /INPUT 4 "data_out_mem";
    .port_info 5 /OUTPUT 1 "read_en";
    .port_info 6 /OUTPUT 1 "write_en";
    .port_info 7 /OUTPUT 1 "done";
    .port_info 8 /OUTPUT 1 "unsolvable";
    .port_info 9 /OUTPUT 7 "cell_index";
    .port_info 10 /OUTPUT 7 "cell_index_to_checker";
    .port_info 11 /OUTPUT 4 "data_in_mem";
    .port_info 12 /OUTPUT 4 "num_to_checker";
P_000001d3a961eb00 .param/l "BACKTRACK_CLEAR" 0 5 22, C4<1000>;
P_000001d3a961eb38 .param/l "BACKTRACK_PREP" 0 5 22, C4<0111>;
P_000001d3a961eb70 .param/l "BACKTRACK_RESTORE" 0 5 22, C4<1001>;
P_000001d3a961eba8 .param/l "CHECK_CELL" 0 5 21, C4<0010>;
P_000001d3a961ebe0 .param/l "DONE_STATE" 0 5 22, C4<1010>;
P_000001d3a961ec18 .param/l "IDLE" 0 5 21, C4<0000>;
P_000001d3a961ec50 .param/l "NEXT_CELL" 0 5 22, C4<0110>;
P_000001d3a961ec88 .param/l "PLACE_NUMBER" 0 5 21, C4<0101>;
P_000001d3a961ecc0 .param/l "READ_CELL" 0 5 21, C4<0001>;
P_000001d3a961ecf8 .param/l "TRY_NUMBER" 0 5 21, C4<0011>;
P_000001d3a961ed30 .param/l "UNSOLVABLE_STATE" 0 5 22, C4<1011>;
P_000001d3a961ed68 .param/l "VALIDATE" 0 5 21, C4<0100>;
v000001d3a965f180 .array "backtrack_stack", 80 0, 6 0;
v000001d3a965d9c0_0 .var "cell_index", 6 0;
v000001d3a965d740_0 .var "cell_index_to_checker", 6 0;
v000001d3a965dba0_0 .net "clk", 0 0, v000001d3a965fd70_0;  alias, 1 drivers
v000001d3a965e640_0 .var "data_in_mem", 3 0;
v000001d3a965edc0_0 .net "data_out_mem", 3 0, v000001d3a965efa0_0;  alias, 1 drivers
v000001d3a965f400_0 .var "done", 0 0;
v000001d3a965eaa0_0 .var "next_cell_index", 6 0;
v000001d3a965dd80_0 .var "next_cell_index_to_checker", 6 0;
v000001d3a965f540_0 .var "next_data_in_mem", 3 0;
v000001d3a965e000_0 .var "next_done", 0 0;
v000001d3a965da60_0 .var "next_num_to_checker", 3 0;
v000001d3a965dce0_0 .var "next_read_en", 0 0;
v000001d3a965e0a0_0 .var "next_sp", 6 0;
v000001d3a965e140_0 .var "next_state", 3 0;
v000001d3a965e1e0_0 .var "next_try_num", 3 0;
v000001d3a965e280_0 .var "next_unsolvable", 0 0;
v000001d3a965e320_0 .var "next_write_en", 0 0;
v000001d3a965e6e0_0 .var "num_to_checker", 3 0;
v000001d3a9661350_0 .var "read_en", 0 0;
v000001d3a9660f90_0 .net "rst", 0 0, v000001d3a9660810_0;  alias, 1 drivers
v000001d3a9661a30_0 .var "sp", 6 0;
v000001d3a965ff50_0 .net "start", 0 0, v000001d3a9661850_0;  1 drivers
v000001d3a96604f0_0 .var "state", 3 0;
v000001d3a9660bd0_0 .var "try_num", 3 0;
v000001d3a9660c70_0 .var "unsolvable", 0 0;
v000001d3a9660310_0 .net "valid_from_checker", 0 0, v000001d3a965df60_0;  alias, 1 drivers
v000001d3a965fff0_0 .var "write_en", 0 0;
E_000001d3a95bd170/0 .event anyedge, v000001d3a96604f0_0, v000001d3a965d9c0_0, v000001d3a9660bd0_0, v000001d3a9661a30_0;
E_000001d3a95bd170/1 .event anyedge, v000001d3a965f400_0, v000001d3a9660c70_0, v000001d3a965e960_0, v000001d3a965e640_0;
E_000001d3a95bd170/2 .event anyedge, v000001d3a965f0e0_0, v000001d3a965ff50_0, v000001d3a965efa0_0, v000001d3a965df60_0;
v000001d3a965f180_0 .array/port v000001d3a965f180, 0;
v000001d3a965f180_1 .array/port v000001d3a965f180, 1;
v000001d3a965f180_2 .array/port v000001d3a965f180, 2;
v000001d3a965f180_3 .array/port v000001d3a965f180, 3;
E_000001d3a95bd170/3 .event anyedge, v000001d3a965f180_0, v000001d3a965f180_1, v000001d3a965f180_2, v000001d3a965f180_3;
v000001d3a965f180_4 .array/port v000001d3a965f180, 4;
v000001d3a965f180_5 .array/port v000001d3a965f180, 5;
v000001d3a965f180_6 .array/port v000001d3a965f180, 6;
v000001d3a965f180_7 .array/port v000001d3a965f180, 7;
E_000001d3a95bd170/4 .event anyedge, v000001d3a965f180_4, v000001d3a965f180_5, v000001d3a965f180_6, v000001d3a965f180_7;
v000001d3a965f180_8 .array/port v000001d3a965f180, 8;
v000001d3a965f180_9 .array/port v000001d3a965f180, 9;
v000001d3a965f180_10 .array/port v000001d3a965f180, 10;
v000001d3a965f180_11 .array/port v000001d3a965f180, 11;
E_000001d3a95bd170/5 .event anyedge, v000001d3a965f180_8, v000001d3a965f180_9, v000001d3a965f180_10, v000001d3a965f180_11;
v000001d3a965f180_12 .array/port v000001d3a965f180, 12;
v000001d3a965f180_13 .array/port v000001d3a965f180, 13;
v000001d3a965f180_14 .array/port v000001d3a965f180, 14;
v000001d3a965f180_15 .array/port v000001d3a965f180, 15;
E_000001d3a95bd170/6 .event anyedge, v000001d3a965f180_12, v000001d3a965f180_13, v000001d3a965f180_14, v000001d3a965f180_15;
v000001d3a965f180_16 .array/port v000001d3a965f180, 16;
v000001d3a965f180_17 .array/port v000001d3a965f180, 17;
v000001d3a965f180_18 .array/port v000001d3a965f180, 18;
v000001d3a965f180_19 .array/port v000001d3a965f180, 19;
E_000001d3a95bd170/7 .event anyedge, v000001d3a965f180_16, v000001d3a965f180_17, v000001d3a965f180_18, v000001d3a965f180_19;
v000001d3a965f180_20 .array/port v000001d3a965f180, 20;
v000001d3a965f180_21 .array/port v000001d3a965f180, 21;
v000001d3a965f180_22 .array/port v000001d3a965f180, 22;
v000001d3a965f180_23 .array/port v000001d3a965f180, 23;
E_000001d3a95bd170/8 .event anyedge, v000001d3a965f180_20, v000001d3a965f180_21, v000001d3a965f180_22, v000001d3a965f180_23;
v000001d3a965f180_24 .array/port v000001d3a965f180, 24;
v000001d3a965f180_25 .array/port v000001d3a965f180, 25;
v000001d3a965f180_26 .array/port v000001d3a965f180, 26;
v000001d3a965f180_27 .array/port v000001d3a965f180, 27;
E_000001d3a95bd170/9 .event anyedge, v000001d3a965f180_24, v000001d3a965f180_25, v000001d3a965f180_26, v000001d3a965f180_27;
v000001d3a965f180_28 .array/port v000001d3a965f180, 28;
v000001d3a965f180_29 .array/port v000001d3a965f180, 29;
v000001d3a965f180_30 .array/port v000001d3a965f180, 30;
v000001d3a965f180_31 .array/port v000001d3a965f180, 31;
E_000001d3a95bd170/10 .event anyedge, v000001d3a965f180_28, v000001d3a965f180_29, v000001d3a965f180_30, v000001d3a965f180_31;
v000001d3a965f180_32 .array/port v000001d3a965f180, 32;
v000001d3a965f180_33 .array/port v000001d3a965f180, 33;
v000001d3a965f180_34 .array/port v000001d3a965f180, 34;
v000001d3a965f180_35 .array/port v000001d3a965f180, 35;
E_000001d3a95bd170/11 .event anyedge, v000001d3a965f180_32, v000001d3a965f180_33, v000001d3a965f180_34, v000001d3a965f180_35;
v000001d3a965f180_36 .array/port v000001d3a965f180, 36;
v000001d3a965f180_37 .array/port v000001d3a965f180, 37;
v000001d3a965f180_38 .array/port v000001d3a965f180, 38;
v000001d3a965f180_39 .array/port v000001d3a965f180, 39;
E_000001d3a95bd170/12 .event anyedge, v000001d3a965f180_36, v000001d3a965f180_37, v000001d3a965f180_38, v000001d3a965f180_39;
v000001d3a965f180_40 .array/port v000001d3a965f180, 40;
v000001d3a965f180_41 .array/port v000001d3a965f180, 41;
v000001d3a965f180_42 .array/port v000001d3a965f180, 42;
v000001d3a965f180_43 .array/port v000001d3a965f180, 43;
E_000001d3a95bd170/13 .event anyedge, v000001d3a965f180_40, v000001d3a965f180_41, v000001d3a965f180_42, v000001d3a965f180_43;
v000001d3a965f180_44 .array/port v000001d3a965f180, 44;
v000001d3a965f180_45 .array/port v000001d3a965f180, 45;
v000001d3a965f180_46 .array/port v000001d3a965f180, 46;
v000001d3a965f180_47 .array/port v000001d3a965f180, 47;
E_000001d3a95bd170/14 .event anyedge, v000001d3a965f180_44, v000001d3a965f180_45, v000001d3a965f180_46, v000001d3a965f180_47;
v000001d3a965f180_48 .array/port v000001d3a965f180, 48;
v000001d3a965f180_49 .array/port v000001d3a965f180, 49;
v000001d3a965f180_50 .array/port v000001d3a965f180, 50;
v000001d3a965f180_51 .array/port v000001d3a965f180, 51;
E_000001d3a95bd170/15 .event anyedge, v000001d3a965f180_48, v000001d3a965f180_49, v000001d3a965f180_50, v000001d3a965f180_51;
v000001d3a965f180_52 .array/port v000001d3a965f180, 52;
v000001d3a965f180_53 .array/port v000001d3a965f180, 53;
v000001d3a965f180_54 .array/port v000001d3a965f180, 54;
v000001d3a965f180_55 .array/port v000001d3a965f180, 55;
E_000001d3a95bd170/16 .event anyedge, v000001d3a965f180_52, v000001d3a965f180_53, v000001d3a965f180_54, v000001d3a965f180_55;
v000001d3a965f180_56 .array/port v000001d3a965f180, 56;
v000001d3a965f180_57 .array/port v000001d3a965f180, 57;
v000001d3a965f180_58 .array/port v000001d3a965f180, 58;
v000001d3a965f180_59 .array/port v000001d3a965f180, 59;
E_000001d3a95bd170/17 .event anyedge, v000001d3a965f180_56, v000001d3a965f180_57, v000001d3a965f180_58, v000001d3a965f180_59;
v000001d3a965f180_60 .array/port v000001d3a965f180, 60;
v000001d3a965f180_61 .array/port v000001d3a965f180, 61;
v000001d3a965f180_62 .array/port v000001d3a965f180, 62;
v000001d3a965f180_63 .array/port v000001d3a965f180, 63;
E_000001d3a95bd170/18 .event anyedge, v000001d3a965f180_60, v000001d3a965f180_61, v000001d3a965f180_62, v000001d3a965f180_63;
v000001d3a965f180_64 .array/port v000001d3a965f180, 64;
v000001d3a965f180_65 .array/port v000001d3a965f180, 65;
v000001d3a965f180_66 .array/port v000001d3a965f180, 66;
v000001d3a965f180_67 .array/port v000001d3a965f180, 67;
E_000001d3a95bd170/19 .event anyedge, v000001d3a965f180_64, v000001d3a965f180_65, v000001d3a965f180_66, v000001d3a965f180_67;
v000001d3a965f180_68 .array/port v000001d3a965f180, 68;
v000001d3a965f180_69 .array/port v000001d3a965f180, 69;
v000001d3a965f180_70 .array/port v000001d3a965f180, 70;
v000001d3a965f180_71 .array/port v000001d3a965f180, 71;
E_000001d3a95bd170/20 .event anyedge, v000001d3a965f180_68, v000001d3a965f180_69, v000001d3a965f180_70, v000001d3a965f180_71;
v000001d3a965f180_72 .array/port v000001d3a965f180, 72;
v000001d3a965f180_73 .array/port v000001d3a965f180, 73;
v000001d3a965f180_74 .array/port v000001d3a965f180, 74;
v000001d3a965f180_75 .array/port v000001d3a965f180, 75;
E_000001d3a95bd170/21 .event anyedge, v000001d3a965f180_72, v000001d3a965f180_73, v000001d3a965f180_74, v000001d3a965f180_75;
v000001d3a965f180_76 .array/port v000001d3a965f180, 76;
v000001d3a965f180_77 .array/port v000001d3a965f180, 77;
v000001d3a965f180_78 .array/port v000001d3a965f180, 78;
v000001d3a965f180_79 .array/port v000001d3a965f180, 79;
E_000001d3a95bd170/22 .event anyedge, v000001d3a965f180_76, v000001d3a965f180_77, v000001d3a965f180_78, v000001d3a965f180_79;
v000001d3a965f180_80 .array/port v000001d3a965f180, 80;
E_000001d3a95bd170/23 .event anyedge, v000001d3a965f180_80;
E_000001d3a95bd170 .event/or E_000001d3a95bd170/0, E_000001d3a95bd170/1, E_000001d3a95bd170/2, E_000001d3a95bd170/3, E_000001d3a95bd170/4, E_000001d3a95bd170/5, E_000001d3a95bd170/6, E_000001d3a95bd170/7, E_000001d3a95bd170/8, E_000001d3a95bd170/9, E_000001d3a95bd170/10, E_000001d3a95bd170/11, E_000001d3a95bd170/12, E_000001d3a95bd170/13, E_000001d3a95bd170/14, E_000001d3a95bd170/15, E_000001d3a95bd170/16, E_000001d3a95bd170/17, E_000001d3a95bd170/18, E_000001d3a95bd170/19, E_000001d3a95bd170/20, E_000001d3a95bd170/21, E_000001d3a95bd170/22, E_000001d3a95bd170/23;
S_000001d3a965bf00 .scope function.vec4.s4, "get_puzzle_value" "get_puzzle_value" 2 36, 2 36 0, S_000001d3a95f7350;
 .timescale -9 -12;
; Variable get_puzzle_value is vec4 return value of scope S_000001d3a965bf00
v000001d3a9660db0_0 .var "index", 6 0;
TD_tb_sudoku_controller_debug.get_puzzle_value ;
    %load/vec4 v000001d3a9660db0_0;
    %dup/vec4;
    %pushi/vec4 0, 0, 7;
    %cmp/u;
    %jmp/1 T_0.0, 6;
    %dup/vec4;
    %pushi/vec4 1, 0, 7;
    %cmp/u;
    %jmp/1 T_0.1, 6;
    %dup/vec4;
    %pushi/vec4 2, 0, 7;
    %cmp/u;
    %jmp/1 T_0.2, 6;
    %dup/vec4;
    %pushi/vec4 3, 0, 7;
    %cmp/u;
    %jmp/1 T_0.3, 6;
    %dup/vec4;
    %pushi/vec4 4, 0, 7;
    %cmp/u;
    %jmp/1 T_0.4, 6;
    %dup/vec4;
    %pushi/vec4 5, 0, 7;
    %cmp/u;
    %jmp/1 T_0.5, 6;
    %dup/vec4;
    %pushi/vec4 6, 0, 7;
    %cmp/u;
    %jmp/1 T_0.6, 6;
    %dup/vec4;
    %pushi/vec4 7, 0, 7;
    %cmp/u;
    %jmp/1 T_0.7, 6;
    %dup/vec4;
    %pushi/vec4 8, 0, 7;
    %cmp/u;
    %jmp/1 T_0.8, 6;
    %dup/vec4;
    %pushi/vec4 9, 0, 7;
    %cmp/u;
    %jmp/1 T_0.9, 6;
    %dup/vec4;
    %pushi/vec4 10, 0, 7;
    %cmp/u;
    %jmp/1 T_0.10, 6;
    %dup/vec4;
    %pushi/vec4 11, 0, 7;
    %cmp/u;
    %jmp/1 T_0.11, 6;
    %dup/vec4;
    %pushi/vec4 12, 0, 7;
    %cmp/u;
    %jmp/1 T_0.12, 6;
    %dup/vec4;
    %pushi/vec4 13, 0, 7;
    %cmp/u;
    %jmp/1 T_0.13, 6;
    %dup/vec4;
    %pushi/vec4 14, 0, 7;
    %cmp/u;
    %jmp/1 T_0.14, 6;
    %dup/vec4;
    %pushi/vec4 15, 0, 7;
    %cmp/u;
    %jmp/1 T_0.15, 6;
    %dup/vec4;
    %pushi/vec4 16, 0, 7;
    %cmp/u;
    %jmp/1 T_0.16, 6;
    %dup/vec4;
    %pushi/vec4 17, 0, 7;
    %cmp/u;
    %jmp/1 T_0.17, 6;
    %pushi/vec4 0, 0, 4;
    %ret/vec4 0, 0, 4;  Assign to get_puzzle_value (store_vec4_to_lval)
    %jmp T_0.19;
T_0.0 ;
    %pushi/vec4 5, 0, 4;
    %ret/vec4 0, 0, 4;  Assign to get_puzzle_value (store_vec4_to_lval)
    %jmp T_0.19;
T_0.1 ;
    %pushi/vec4 3, 0, 4;
    %ret/vec4 0, 0, 4;  Assign to get_puzzle_value (store_vec4_to_lval)
    %jmp T_0.19;
T_0.2 ;
    %pushi/vec4 0, 0, 4;
    %ret/vec4 0, 0, 4;  Assign to get_puzzle_value (store_vec4_to_lval)
    %jmp T_0.19;
T_0.3 ;
    %pushi/vec4 0, 0, 4;
    %ret/vec4 0, 0, 4;  Assign to get_puzzle_value (store_vec4_to_lval)
    %jmp T_0.19;
T_0.4 ;
    %pushi/vec4 7, 0, 4;
    %ret/vec4 0, 0, 4;  Assign to get_puzzle_value (store_vec4_to_lval)
    %jmp T_0.19;
T_0.5 ;
    %pushi/vec4 0, 0, 4;
    %ret/vec4 0, 0, 4;  Assign to get_puzzle_value (store_vec4_to_lval)
    %jmp T_0.19;
T_0.6 ;
    %pushi/vec4 0, 0, 4;
    %ret/vec4 0, 0, 4;  Assign to get_puzzle_value (store_vec4_to_lval)
    %jmp T_0.19;
T_0.7 ;
    %pushi/vec4 0, 0, 4;
    %ret/vec4 0, 0, 4;  Assign to get_puzzle_value (store_vec4_to_lval)
    %jmp T_0.19;
T_0.8 ;
    %pushi/vec4 0, 0, 4;
    %ret/vec4 0, 0, 4;  Assign to get_puzzle_value (store_vec4_to_lval)
    %jmp T_0.19;
T_0.9 ;
    %pushi/vec4 6, 0, 4;
    %ret/vec4 0, 0, 4;  Assign to get_puzzle_value (store_vec4_to_lval)
    %jmp T_0.19;
T_0.10 ;
    %pushi/vec4 0, 0, 4;
    %ret/vec4 0, 0, 4;  Assign to get_puzzle_value (store_vec4_to_lval)
    %jmp T_0.19;
T_0.11 ;
    %pushi/vec4 0, 0, 4;
    %ret/vec4 0, 0, 4;  Assign to get_puzzle_value (store_vec4_to_lval)
    %jmp T_0.19;
T_0.12 ;
    %pushi/vec4 1, 0, 4;
    %ret/vec4 0, 0, 4;  Assign to get_puzzle_value (store_vec4_to_lval)
    %jmp T_0.19;
T_0.13 ;
    %pushi/vec4 9, 0, 4;
    %ret/vec4 0, 0, 4;  Assign to get_puzzle_value (store_vec4_to_lval)
    %jmp T_0.19;
T_0.14 ;
    %pushi/vec4 5, 0, 4;
    %ret/vec4 0, 0, 4;  Assign to get_puzzle_value (store_vec4_to_lval)
    %jmp T_0.19;
T_0.15 ;
    %pushi/vec4 0, 0, 4;
    %ret/vec4 0, 0, 4;  Assign to get_puzzle_value (store_vec4_to_lval)
    %jmp T_0.19;
T_0.16 ;
    %pushi/vec4 0, 0, 4;
    %ret/vec4 0, 0, 4;  Assign to get_puzzle_value (store_vec4_to_lval)
    %jmp T_0.19;
T_0.17 ;
    %pushi/vec4 0, 0, 4;
    %ret/vec4 0, 0, 4;  Assign to get_puzzle_value (store_vec4_to_lval)
    %jmp T_0.19;
T_0.19 ;
    %pop/vec4 1;
    %end;
S_000001d3a965b730 .scope task, "print_board" "print_board" 2 52, 2 52 0, S_000001d3a95f7350;
 .timescale -9 -12;
v000001d3a9660e50_0 .var/i "c", 31 0;
v000001d3a96601d0_0 .var/i "r", 31 0;
v000001d3a9660090_0 .var "val", 3 0;
TD_tb_sudoku_controller_debug.print_board ;
    %vpi_call 2 56 "$display", "Current Board:" {0 0 0};
    %pushi/vec4 0, 0, 32;
    %store/vec4 v000001d3a96601d0_0, 0, 32;
T_1.20 ;
    %load/vec4 v000001d3a96601d0_0;
    %cmpi/s 9, 0, 32;
    %jmp/0xz T_1.21, 5;
    %pushi/vec4 0, 0, 32;
    %store/vec4 v000001d3a9660e50_0, 0, 32;
T_1.22 ;
    %load/vec4 v000001d3a9660e50_0;
    %cmpi/s 9, 0, 32;
    %jmp/0xz T_1.23, 5;
    %load/vec4 v000001d3a9661170_0;
    %load/vec4 v000001d3a96601d0_0;
    %muli 9, 0, 32;
    %load/vec4 v000001d3a9660e50_0;
    %add;
    %muli 4, 0, 32;
    %part/s 4;
    %store/vec4 v000001d3a9660090_0, 0, 4;
    %load/vec4 v000001d3a9660090_0;
    %pad/u 32;
    %cmpi/e 0, 0, 32;
    %jmp/0xz  T_1.24, 4;
    %vpi_call 2 61 "$write", ". " {0 0 0};
    %jmp T_1.25;
T_1.24 ;
    %load/vec4 v000001d3a9660090_0;
    %pad/u 32;
    %cmpi/u 1, 0, 32;
    %flag_inv 5; GE is !LT
    %flag_get/vec4 5;
    %jmp/0 T_1.28, 5;
    %load/vec4 v000001d3a9660090_0;
    %pad/u 32;
    %cmpi/u 9, 0, 32;
    %flag_get/vec4 4;
    %flag_get/vec4 5;
    %or;
    %and;
T_1.28;
    %flag_set/vec4 8;
    %jmp/0xz  T_1.26, 8;
    %vpi_call 2 63 "$write", "%0d ", v000001d3a9660090_0 {0 0 0};
    %jmp T_1.27;
T_1.26 ;
    %vpi_call 2 65 "$write", "X " {0 0 0};
T_1.27 ;
T_1.25 ;
    %load/vec4 v000001d3a9660e50_0;
    %addi 1, 0, 32;
    %store/vec4 v000001d3a9660e50_0, 0, 32;
    %jmp T_1.22;
T_1.23 ;
    %vpi_call 2 67 "$write", "\012" {0 0 0};
    %load/vec4 v000001d3a96601d0_0;
    %addi 1, 0, 32;
    %store/vec4 v000001d3a96601d0_0, 0, 32;
    %jmp T_1.20;
T_1.21 ;
    %vpi_call 2 69 "$display", "\000" {0 0 0};
    %end;
    .scope S_000001d3a958e160;
T_2 ;
    %wait E_000001d3a95e6890;
    %load/vec4 v000001d3a965db00_0;
    %flag_set/vec4 8;
    %jmp/0xz  T_2.0, 8;
    %pushi/vec4 0, 0, 32;
    %store/vec4 v000001d3a965d920_0, 0, 32;
T_2.2 ;
    %load/vec4 v000001d3a965d920_0;
    %cmpi/s 81, 0, 32;
    %jmp/0xz T_2.3, 5;
    %pushi/vec4 0, 0, 4;
    %ix/getv/s 3, v000001d3a965d920_0;
    %ix/load 4, 0, 0; Constant delay
    %assign/vec4/a/d v000001d3a965ef00, 0, 4;
    %load/vec4 v000001d3a965d920_0;
    %addi 1, 0, 32;
    %store/vec4 v000001d3a965d920_0, 0, 32;
    %jmp T_2.2;
T_2.3 ;
    %pushi/vec4 0, 0, 4;
    %assign/vec4 v000001d3a965efa0_0, 0;
    %jmp T_2.1;
T_2.0 ;
    %load/vec4 v000001d3a965ee60_0;
    %flag_set/vec4 8;
    %jmp/0xz  T_2.4, 8;
    %load/vec4 v000001d3a965f2c0_0;
    %load/vec4 v000001d3a965e780_0;
    %pad/u 8;
    %ix/vec4 3;
    %ix/load 4, 0, 0; Constant delay
    %assign/vec4/a/d v000001d3a965ef00, 0, 4;
T_2.4 ;
    %load/vec4 v000001d3a965e780_0;
    %pad/u 8;
    %ix/vec4 4;
    %load/vec4a v000001d3a965ef00, 4;
    %assign/vec4 v000001d3a965efa0_0, 0;
T_2.1 ;
    %jmp T_2;
    .thread T_2;
    .scope S_000001d3a965c6d0;
T_3 ;
    %wait E_000001d3a95bda30;
    %load/vec4 v000001d3a965e960_0;
    %pad/u 32;
    %pushi/vec4 9, 0, 32;
    %div;
    %store/vec4 v000001d3a965e460_0, 0, 32;
    %load/vec4 v000001d3a965e960_0;
    %pad/u 32;
    %pushi/vec4 9, 0, 32;
    %mod;
    %store/vec4 v000001d3a965e5a0_0, 0, 32;
    %pushi/vec4 1, 0, 1;
    %store/vec4 v000001d3a965df60_0, 0, 1;
    %pushi/vec4 0, 0, 32;
    %store/vec4 v000001d3a965ea00_0, 0, 32;
T_3.0 ;
    %load/vec4 v000001d3a965ea00_0;
    %cmpi/s 9, 0, 32;
    %jmp/0xz T_3.1, 5;
    %load/vec4 v000001d3a965e460_0;
    %muli 9, 0, 32;
    %load/vec4 v000001d3a965ea00_0;
    %add;
    %store/vec4 v000001d3a965dc40_0, 0, 32;
    %load/vec4 v000001d3a965f040_0;
    %load/vec4 v000001d3a965dc40_0;
    %muli 4, 0, 32;
    %part/s 4;
    %store/vec4 v000001d3a965f5e0_0, 0, 4;
    %load/vec4 v000001d3a965f5e0_0;
    %load/vec4 v000001d3a965f0e0_0;
    %cmp/e;
    %flag_get/vec4 4;
    %jmp/0 T_3.4, 4;
    %load/vec4 v000001d3a965dc40_0;
    %load/vec4 v000001d3a965e960_0;
    %pad/u 32;
    %cmp/ne;
    %flag_get/vec4 4;
    %and;
T_3.4;
    %flag_set/vec4 8;
    %jmp/0xz  T_3.2, 8;
    %pushi/vec4 0, 0, 1;
    %store/vec4 v000001d3a965df60_0, 0, 1;
T_3.2 ;
    %load/vec4 v000001d3a965ea00_0;
    %addi 1, 0, 32;
    %store/vec4 v000001d3a965ea00_0, 0, 32;
    %jmp T_3.0;
T_3.1 ;
    %pushi/vec4 0, 0, 32;
    %store/vec4 v000001d3a965ea00_0, 0, 32;
T_3.5 ;
    %load/vec4 v000001d3a965ea00_0;
    %cmpi/s 9, 0, 32;
    %jmp/0xz T_3.6, 5;
    %load/vec4 v000001d3a965ea00_0;
    %muli 9, 0, 32;
    %load/vec4 v000001d3a965e5a0_0;
    %add;
    %store/vec4 v000001d3a965dc40_0, 0, 32;
    %load/vec4 v000001d3a965f040_0;
    %load/vec4 v000001d3a965dc40_0;
    %muli 4, 0, 32;
    %part/s 4;
    %store/vec4 v000001d3a965f5e0_0, 0, 4;
    %load/vec4 v000001d3a965f5e0_0;
    %load/vec4 v000001d3a965f0e0_0;
    %cmp/e;
    %flag_get/vec4 4;
    %jmp/0 T_3.9, 4;
    %load/vec4 v000001d3a965dc40_0;
    %load/vec4 v000001d3a965e960_0;
    %pad/u 32;
    %cmp/ne;
    %flag_get/vec4 4;
    %and;
T_3.9;
    %flag_set/vec4 8;
    %jmp/0xz  T_3.7, 8;
    %pushi/vec4 0, 0, 1;
    %store/vec4 v000001d3a965df60_0, 0, 1;
T_3.7 ;
    %load/vec4 v000001d3a965ea00_0;
    %addi 1, 0, 32;
    %store/vec4 v000001d3a965ea00_0, 0, 32;
    %jmp T_3.5;
T_3.6 ;
    %load/vec4 v000001d3a965e460_0;
    %pushi/vec4 3, 0, 32;
    %div/s;
    %muli 3, 0, 32;
    %store/vec4 v000001d3a965dec0_0, 0, 32;
    %load/vec4 v000001d3a965e5a0_0;
    %pushi/vec4 3, 0, 32;
    %div/s;
    %muli 3, 0, 32;
    %store/vec4 v000001d3a965e500_0, 0, 32;
    %load/vec4 v000001d3a965dec0_0;
    %store/vec4 v000001d3a965ea00_0, 0, 32;
T_3.10 ;
    %load/vec4 v000001d3a965ea00_0;
    %load/vec4 v000001d3a965dec0_0;
    %addi 3, 0, 32;
    %cmp/s;
    %jmp/0xz T_3.11, 5;
    %load/vec4 v000001d3a965e500_0;
    %store/vec4 v000001d3a965f4a0_0, 0, 32;
T_3.12 ;
    %load/vec4 v000001d3a965f4a0_0;
    %load/vec4 v000001d3a965e500_0;
    %addi 3, 0, 32;
    %cmp/s;
    %jmp/0xz T_3.13, 5;
    %load/vec4 v000001d3a965ea00_0;
    %muli 9, 0, 32;
    %load/vec4 v000001d3a965f4a0_0;
    %add;
    %store/vec4 v000001d3a965dc40_0, 0, 32;
    %load/vec4 v000001d3a965f040_0;
    %load/vec4 v000001d3a965dc40_0;
    %muli 4, 0, 32;
    %part/s 4;
    %store/vec4 v000001d3a965f5e0_0, 0, 4;
    %load/vec4 v000001d3a965f5e0_0;
    %load/vec4 v000001d3a965f0e0_0;
    %cmp/e;
    %flag_get/vec4 4;
    %jmp/0 T_3.16, 4;
    %load/vec4 v000001d3a965dc40_0;
    %load/vec4 v000001d3a965e960_0;
    %pad/u 32;
    %cmp/ne;
    %flag_get/vec4 4;
    %and;
T_3.16;
    %flag_set/vec4 8;
    %jmp/0xz  T_3.14, 8;
    %pushi/vec4 0, 0, 1;
    %store/vec4 v000001d3a965df60_0, 0, 1;
T_3.14 ;
    %load/vec4 v000001d3a965f4a0_0;
    %addi 1, 0, 32;
    %store/vec4 v000001d3a965f4a0_0, 0, 32;
    %jmp T_3.12;
T_3.13 ;
    %load/vec4 v000001d3a965ea00_0;
    %addi 1, 0, 32;
    %store/vec4 v000001d3a965ea00_0, 0, 32;
    %jmp T_3.10;
T_3.11 ;
    %jmp T_3;
    .thread T_3, $push;
    .scope S_000001d3a965d350;
T_4 ;
    %wait E_000001d3a95e6890;
    %load/vec4 v000001d3a9660f90_0;
    %flag_set/vec4 8;
    %jmp/0xz  T_4.0, 8;
    %pushi/vec4 0, 0, 4;
    %assign/vec4 v000001d3a96604f0_0, 0;
    %pushi/vec4 0, 0, 7;
    %assign/vec4 v000001d3a965d9c0_0, 0;
    %pushi/vec4 1, 0, 4;
    %assign/vec4 v000001d3a9660bd0_0, 0;
    %pushi/vec4 0, 0, 7;
    %assign/vec4 v000001d3a9661a30_0, 0;
    %pushi/vec4 0, 0, 1;
    %assign/vec4 v000001d3a9661350_0, 0;
    %pushi/vec4 0, 0, 1;
    %assign/vec4 v000001d3a965fff0_0, 0;
    %pushi/vec4 0, 0, 1;
    %assign/vec4 v000001d3a965f400_0, 0;
    %pushi/vec4 0, 0, 1;
    %assign/vec4 v000001d3a9660c70_0, 0;
    %pushi/vec4 0, 0, 7;
    %assign/vec4 v000001d3a965d740_0, 0;
    %pushi/vec4 0, 0, 4;
    %assign/vec4 v000001d3a965e640_0, 0;
    %pushi/vec4 1, 0, 4;
    %assign/vec4 v000001d3a965e6e0_0, 0;
    %jmp T_4.1;
T_4.0 ;
    %load/vec4 v000001d3a965e140_0;
    %assign/vec4 v000001d3a96604f0_0, 0;
    %load/vec4 v000001d3a965eaa0_0;
    %assign/vec4 v000001d3a965d9c0_0, 0;
    %load/vec4 v000001d3a965e1e0_0;
    %assign/vec4 v000001d3a9660bd0_0, 0;
    %load/vec4 v000001d3a965e0a0_0;
    %assign/vec4 v000001d3a9661a30_0, 0;
    %load/vec4 v000001d3a965dce0_0;
    %assign/vec4 v000001d3a9661350_0, 0;
    %load/vec4 v000001d3a965e320_0;
    %assign/vec4 v000001d3a965fff0_0, 0;
    %load/vec4 v000001d3a965e000_0;
    %assign/vec4 v000001d3a965f400_0, 0;
    %load/vec4 v000001d3a965e280_0;
    %assign/vec4 v000001d3a9660c70_0, 0;
    %load/vec4 v000001d3a965dd80_0;
    %assign/vec4 v000001d3a965d740_0, 0;
    %load/vec4 v000001d3a965f540_0;
    %assign/vec4 v000001d3a965e640_0, 0;
    %load/vec4 v000001d3a965da60_0;
    %assign/vec4 v000001d3a965e6e0_0, 0;
T_4.1 ;
    %jmp T_4;
    .thread T_4;
    .scope S_000001d3a965d350;
T_5 ;
    %wait E_000001d3a95bd170;
    %load/vec4 v000001d3a96604f0_0;
    %store/vec4 v000001d3a965e140_0, 0, 4;
    %load/vec4 v000001d3a965d9c0_0;
    %store/vec4 v000001d3a965eaa0_0, 0, 7;
    %load/vec4 v000001d3a9660bd0_0;
    %store/vec4 v000001d3a965e1e0_0, 0, 4;
    %load/vec4 v000001d3a9661a30_0;
    %store/vec4 v000001d3a965e0a0_0, 0, 7;
    %pushi/vec4 0, 0, 1;
    %store/vec4 v000001d3a965dce0_0, 0, 1;
    %pushi/vec4 0, 0, 1;
    %store/vec4 v000001d3a965e320_0, 0, 1;
    %load/vec4 v000001d3a965f400_0;
    %store/vec4 v000001d3a965e000_0, 0, 1;
    %load/vec4 v000001d3a9660c70_0;
    %store/vec4 v000001d3a965e280_0, 0, 1;
    %load/vec4 v000001d3a965d740_0;
    %store/vec4 v000001d3a965dd80_0, 0, 7;
    %load/vec4 v000001d3a965e640_0;
    %store/vec4 v000001d3a965f540_0, 0, 4;
    %load/vec4 v000001d3a965e6e0_0;
    %store/vec4 v000001d3a965da60_0, 0, 4;
    %load/vec4 v000001d3a96604f0_0;
    %dup/vec4;
    %pushi/vec4 0, 0, 4;
    %cmp/u;
    %jmp/1 T_5.0, 6;
    %dup/vec4;
    %pushi/vec4 1, 0, 4;
    %cmp/u;
    %jmp/1 T_5.1, 6;
    %dup/vec4;
    %pushi/vec4 2, 0, 4;
    %cmp/u;
    %jmp/1 T_5.2, 6;
    %dup/vec4;
    %pushi/vec4 3, 0, 4;
    %cmp/u;
    %jmp/1 T_5.3, 6;
    %dup/vec4;
    %pushi/vec4 4, 0, 4;
    %cmp/u;
    %jmp/1 T_5.4, 6;
    %dup/vec4;
    %pushi/vec4 5, 0, 4;
    %cmp/u;
    %jmp/1 T_5.5, 6;
    %dup/vec4;
    %pushi/vec4 6, 0, 4;
    %cmp/u;
    %jmp/1 T_5.6, 6;
    %dup/vec4;
    %pushi/vec4 7, 0, 4;
    %cmp/u;
    %jmp/1 T_5.7, 6;
    %dup/vec4;
    %pushi/vec4 8, 0, 4;
    %cmp/u;
    %jmp/1 T_5.8, 6;
    %dup/vec4;
    %pushi/vec4 9, 0, 4;
    %cmp/u;
    %jmp/1 T_5.9, 6;
    %dup/vec4;
    %pushi/vec4 10, 0, 4;
    %cmp/u;
    %jmp/1 T_5.10, 6;
    %dup/vec4;
    %pushi/vec4 11, 0, 4;
    %cmp/u;
    %jmp/1 T_5.11, 6;
    %jmp T_5.12;
T_5.0 ;
    %load/vec4 v000001d3a965ff50_0;
    %flag_set/vec4 8;
    %jmp/0xz  T_5.13, 8;
    %pushi/vec4 1, 0, 4;
    %store/vec4 v000001d3a965e140_0, 0, 4;
    %pushi/vec4 0, 0, 7;
    %store/vec4 v000001d3a965eaa0_0, 0, 7;
    %pushi/vec4 1, 0, 4;
    %store/vec4 v000001d3a965e1e0_0, 0, 4;
    %pushi/vec4 0, 0, 7;
    %store/vec4 v000001d3a965e0a0_0, 0, 7;
    %pushi/vec4 0, 0, 1;
    %store/vec4 v000001d3a965e000_0, 0, 1;
    %pushi/vec4 0, 0, 1;
    %store/vec4 v000001d3a965e280_0, 0, 1;
T_5.13 ;
    %jmp T_5.12;
T_5.1 ;
    %pushi/vec4 1, 0, 1;
    %store/vec4 v000001d3a965dce0_0, 0, 1;
    %pushi/vec4 2, 0, 4;
    %store/vec4 v000001d3a965e140_0, 0, 4;
    %jmp T_5.12;
T_5.2 ;
    %load/vec4 v000001d3a965d9c0_0;
    %pad/u 32;
    %cmpi/u 81, 0, 32;
    %flag_inv 5; GE is !LT
    %jmp/0xz  T_5.15, 5;
    %pushi/vec4 10, 0, 4;
    %store/vec4 v000001d3a965e140_0, 0, 4;
    %pushi/vec4 1, 0, 1;
    %store/vec4 v000001d3a965e000_0, 0, 1;
    %jmp T_5.16;
T_5.15 ;
    %load/vec4 v000001d3a965edc0_0;
    %pad/u 32;
    %cmpi/ne 0, 0, 32;
    %jmp/0xz  T_5.17, 4;
    %pushi/vec4 6, 0, 4;
    %store/vec4 v000001d3a965e140_0, 0, 4;
    %jmp T_5.18;
T_5.17 ;
    %pushi/vec4 3, 0, 4;
    %store/vec4 v000001d3a965e140_0, 0, 4;
    %pushi/vec4 1, 0, 4;
    %store/vec4 v000001d3a965e1e0_0, 0, 4;
T_5.18 ;
T_5.16 ;
    %jmp T_5.12;
T_5.3 ;
    %load/vec4 v000001d3a9660bd0_0;
    %pad/u 32;
    %cmpi/u 9, 0, 32;
    %flag_or 5, 4; GT is !LE
    %flag_inv 5;
    %jmp/0xz  T_5.19, 5;
    %pushi/vec4 7, 0, 4;
    %store/vec4 v000001d3a965e140_0, 0, 4;
    %jmp T_5.20;
T_5.19 ;
    %pushi/vec4 4, 0, 4;
    %store/vec4 v000001d3a965e140_0, 0, 4;
    %load/vec4 v000001d3a965d9c0_0;
    %store/vec4 v000001d3a965dd80_0, 0, 7;
    %load/vec4 v000001d3a9660bd0_0;
    %store/vec4 v000001d3a965da60_0, 0, 4;
T_5.20 ;
    %jmp T_5.12;
T_5.4 ;
    %load/vec4 v000001d3a9660310_0;
    %flag_set/vec4 8;
    %jmp/0xz  T_5.21, 8;
    %pushi/vec4 5, 0, 4;
    %store/vec4 v000001d3a965e140_0, 0, 4;
    %load/vec4 v000001d3a9660bd0_0;
    %store/vec4 v000001d3a965f540_0, 0, 4;
    %jmp T_5.22;
T_5.21 ;
    %load/vec4 v000001d3a9660bd0_0;
    %addi 1, 0, 4;
    %store/vec4 v000001d3a965e1e0_0, 0, 4;
    %pushi/vec4 3, 0, 4;
    %store/vec4 v000001d3a965e140_0, 0, 4;
T_5.22 ;
    %jmp T_5.12;
T_5.5 ;
    %pushi/vec4 1, 0, 1;
    %store/vec4 v000001d3a965e320_0, 0, 1;
    %load/vec4 v000001d3a9661a30_0;
    %addi 1, 0, 7;
    %store/vec4 v000001d3a965e0a0_0, 0, 7;
    %pushi/vec4 6, 0, 4;
    %store/vec4 v000001d3a965e140_0, 0, 4;
    %jmp T_5.12;
T_5.6 ;
    %load/vec4 v000001d3a965d9c0_0;
    %addi 1, 0, 7;
    %store/vec4 v000001d3a965eaa0_0, 0, 7;
    %pushi/vec4 1, 0, 4;
    %store/vec4 v000001d3a965e1e0_0, 0, 4;
    %pushi/vec4 1, 0, 4;
    %store/vec4 v000001d3a965e140_0, 0, 4;
    %jmp T_5.12;
T_5.7 ;
    %load/vec4 v000001d3a9661a30_0;
    %pad/u 32;
    %cmpi/e 0, 0, 32;
    %jmp/0xz  T_5.23, 4;
    %pushi/vec4 11, 0, 4;
    %store/vec4 v000001d3a965e140_0, 0, 4;
    %pushi/vec4 1, 0, 1;
    %store/vec4 v000001d3a965e280_0, 0, 1;
    %jmp T_5.24;
T_5.23 ;
    %load/vec4 v000001d3a9661a30_0;
    %subi 1, 0, 7;
    %store/vec4 v000001d3a965e0a0_0, 0, 7;
    %load/vec4 v000001d3a9661a30_0;
    %pad/u 32;
    %subi 1, 0, 32;
    %ix/vec4 4;
    %load/vec4a v000001d3a965f180, 4;
    %store/vec4 v000001d3a965eaa0_0, 0, 7;
    %pushi/vec4 8, 0, 4;
    %store/vec4 v000001d3a965e140_0, 0, 4;
T_5.24 ;
    %jmp T_5.12;
T_5.8 ;
    %pushi/vec4 1, 0, 1;
    %store/vec4 v000001d3a965e320_0, 0, 1;
    %pushi/vec4 0, 0, 4;
    %store/vec4 v000001d3a965f540_0, 0, 4;
    %pushi/vec4 9, 0, 4;
    %store/vec4 v000001d3a965e140_0, 0, 4;
    %jmp T_5.12;
T_5.9 ;
    %pushi/vec4 1, 0, 1;
    %store/vec4 v000001d3a965dce0_0, 0, 1;
    %pushi/vec4 3, 0, 4;
    %store/vec4 v000001d3a965e140_0, 0, 4;
    %load/vec4 v000001d3a965edc0_0;
    %addi 1, 0, 4;
    %store/vec4 v000001d3a965e1e0_0, 0, 4;
    %jmp T_5.12;
T_5.10 ;
    %pushi/vec4 1, 0, 1;
    %store/vec4 v000001d3a965e000_0, 0, 1;
    %jmp T_5.12;
T_5.11 ;
    %pushi/vec4 1, 0, 1;
    %store/vec4 v000001d3a965e280_0, 0, 1;
    %jmp T_5.12;
T_5.12 ;
    %pop/vec4 1;
    %jmp T_5;
    .thread T_5, $push;
    .scope S_000001d3a965d350;
T_6 ;
    %wait E_000001d3a95e6890;
    %load/vec4 v000001d3a9660f90_0;
    %flag_set/vec4 8;
    %jmp/0xz  T_6.0, 8;
    %jmp T_6.1;
T_6.0 ;
    %load/vec4 v000001d3a96604f0_0;
    %cmpi/e 5, 0, 4;
    %jmp/0xz  T_6.2, 4;
    %load/vec4 v000001d3a965d9c0_0;
    %load/vec4 v000001d3a9661a30_0;
    %pad/u 8;
    %ix/vec4 3;
    %ix/load 4, 0, 0; Constant delay
    %assign/vec4/a/d v000001d3a965f180, 0, 4;
T_6.2 ;
T_6.1 ;
    %jmp T_6;
    .thread T_6;
    .scope S_000001d3a95f7350;
T_7 ;
    %pushi/vec4 0, 0, 1;
    %store/vec4 v000001d3a965fd70_0, 0, 1;
T_7.0 ;
    %delay 5000, 0;
    %load/vec4 v000001d3a965fd70_0;
    %inv;
    %store/vec4 v000001d3a965fd70_0, 0, 1;
    %jmp T_7.0;
    %end;
    .thread T_7;
    .scope S_000001d3a95f7350;
T_8 ;
    %wait E_000001d3a95e6890;
    %load/vec4 v000001d3a9660450_0;
    %nor/r;
    %flag_set/vec4 10;
    %flag_get/vec4 10;
    %jmp/0 T_8.3, 10;
    %load/vec4 v000001d3a9661850_0;
    %and;
T_8.3;
    %flag_set/vec4 9;
    %flag_get/vec4 9;
    %jmp/0 T_8.2, 9;
    %load/vec4 v000001d3a9660270_0;
    %flag_set/vec4 9;
    %flag_get/vec4 9;
    %jmp/1 T_8.4, 9;
    %load/vec4 v000001d3a96604f0_0;
    %pushi/vec4 0, 0, 4;
    %cmp/ne;
    %flag_get/vec4 4;
    %or;
T_8.4;
    %and;
T_8.2;
    %flag_set/vec4 8;
    %jmp/0xz  T_8.0, 8;
    %load/vec4 v000001d3a9660270_0;
    %flag_set/vec4 8;
    %jmp/0xz  T_8.5, 8;
    %vpi_call 2 76 "$display", "Time %0t: WRITE cell[%0d] = %0d", $time, v000001d3a9660130_0, v000001d3a9661530_0 {0 0 0};
T_8.5 ;
T_8.0 ;
    %jmp T_8;
    .thread T_8;
    .scope S_000001d3a95f7350;
T_9 ;
    %pushi/vec4 1, 0, 1;
    %store/vec4 v000001d3a9660450_0, 0, 1;
    %pushi/vec4 0, 0, 7;
    %store/vec4 v000001d3a9661990_0, 0, 7;
    %pushi/vec4 0, 0, 4;
    %store/vec4 v000001d3a9660770_0, 0, 4;
    %pushi/vec4 0, 0, 1;
    %store/vec4 v000001d3a96618f0_0, 0, 1;
    %pushi/vec4 1, 0, 1;
    %store/vec4 v000001d3a9660810_0, 0, 1;
    %pushi/vec4 0, 0, 1;
    %store/vec4 v000001d3a9661850_0, 0, 1;
    %pushi/vec4 0, 0, 32;
    %store/vec4 v000001d3a9661ad0_0, 0, 32;
    %delay 20000, 0;
    %pushi/vec4 0, 0, 1;
    %store/vec4 v000001d3a9660810_0, 0, 1;
    %vpi_call 2 94 "$display", "Loading puzzle..." {0 0 0};
    %pushi/vec4 0, 0, 32;
    %store/vec4 v000001d3a9661670_0, 0, 32;
T_9.0 ;
    %load/vec4 v000001d3a9661670_0;
    %cmpi/s 18, 0, 32;
    %jmp/0xz T_9.1, 5;
    %load/vec4 v000001d3a9661670_0;
    %pad/s 7;
    %store/vec4 v000001d3a9661990_0, 0, 7;
    %load/vec4 v000001d3a9661670_0;
    %store/vec4 v000001d3a9660db0_0, 0, 7;
    %callf/vec4 TD_tb_sudoku_controller_debug.get_puzzle_value, S_000001d3a965bf00;
    %store/vec4 v000001d3a9660770_0, 0, 4;
    %pushi/vec4 1, 0, 1;
    %store/vec4 v000001d3a96618f0_0, 0, 1;
    %delay 10000, 0;
    %pushi/vec4 0, 0, 1;
    %store/vec4 v000001d3a96618f0_0, 0, 1;
    %delay 10000, 0;
    %load/vec4 v000001d3a9661670_0;
    %addi 1, 0, 32;
    %store/vec4 v000001d3a9661670_0, 0, 32;
    %jmp T_9.0;
T_9.1 ;
    %pushi/vec4 0, 0, 1;
    %store/vec4 v000001d3a9660450_0, 0, 1;
    %delay 20000, 0;
    %vpi_call 2 107 "$display", "=== INITIAL PUZZLE ===" {0 0 0};
    %fork TD_tb_sudoku_controller_debug.print_board, S_000001d3a965b730;
    %join;
    %vpi_call 2 110 "$display", "=== STARTING SOLVER ===" {0 0 0};
    %pushi/vec4 1, 0, 1;
    %store/vec4 v000001d3a9661850_0, 0, 1;
    %delay 10000, 0;
    %pushi/vec4 0, 0, 1;
    %store/vec4 v000001d3a9661850_0, 0, 1;
T_9.2 ;
    %load/vec4 v000001d3a9660d10_0;
    %nor/r;
    %flag_set/vec4 10;
    %flag_get/vec4 10;
    %jmp/0 T_9.5, 10;
    %load/vec4 v000001d3a9660ef0_0;
    %nor/r;
    %and;
T_9.5;
    %flag_set/vec4 9;
    %flag_get/vec4 9;
    %jmp/0 T_9.4, 9;
    %load/vec4 v000001d3a9661ad0_0;
    %cmpi/s 1000, 0, 32;
    %flag_get/vec4 5;
    %and;
T_9.4;
    %flag_set/vec4 8;
    %jmp/0xz T_9.3, 8;
    %delay 100000, 0;
    %load/vec4 v000001d3a9661ad0_0;
    %addi 1, 0, 32;
    %store/vec4 v000001d3a9661ad0_0, 0, 32;
    %load/vec4 v000001d3a9661ad0_0;
    %pushi/vec4 50, 0, 32;
    %mod/s;
    %cmpi/e 0, 0, 32;
    %jmp/0xz  T_9.6, 4;
    %vpi_call 2 119 "$display", "=== STEP %0d ===", v000001d3a9661ad0_0 {0 0 0};
    %fork TD_tb_sudoku_controller_debug.print_board, S_000001d3a965b730;
    %join;
T_9.6 ;
    %jmp T_9.2;
T_9.3 ;
    %load/vec4 v000001d3a9660d10_0;
    %flag_set/vec4 8;
    %jmp/0xz  T_9.8, 8;
    %vpi_call 2 125 "$display", "=== SOLVED! ===" {0 0 0};
    %fork TD_tb_sudoku_controller_debug.print_board, S_000001d3a965b730;
    %join;
    %jmp T_9.9;
T_9.8 ;
    %load/vec4 v000001d3a9660ef0_0;
    %flag_set/vec4 8;
    %jmp/0xz  T_9.10, 8;
    %vpi_call 2 128 "$display", "=== UNSOLVABLE ===" {0 0 0};
    %jmp T_9.11;
T_9.10 ;
    %vpi_call 2 130 "$display", "=== TIMEOUT ===" {0 0 0};
T_9.11 ;
T_9.9 ;
    %vpi_call 2 133 "$stop" {0 0 0};
    %end;
    .thread T_9;
# The file index is used to find the file name in the following table.
:file_names 6;
    "N/A";
    "<interactive>";
    "sudoku_controller_tb.v";
    "./board_memory.v";
    "./constraint_checker.v";
    "./sudoku_controller.v";
